#
# A fatal error has been detected by the Java Runtime Environment:
#
#  EXCEPTION_ACCESS_VIOLATION (0xc0000005) at pc=0x00007ffc005a2c4c, pid=35808, tid=31244
#
# JRE version: Java(TM) SE Runtime Environment (16.0.2+7) (build 16.0.2+7-67)
# Java VM: Java HotSpot(TM) 64-Bit Server VM (16.0.2+7-67, mixed mode, sharing, tiered, compressed oops, compressed class ptrs, g1 gc, windows-amd64)
# Problematic frame:
# C  [igxelpicd64.dll+0x282c4c]
#
# No core dump will be written. Minidumps are not enabled by default on client versions of Windows
#
# If you would like to submit a bug report, please visit:
#   https://bugreport.java.com/bugreport/crash.jsp
#

---------------  S U M M A R Y ------------

Command Line: -javaagent:C:\Program Files\JetBrains\IntelliJ IDEA Community Edition 2021.3.2\lib\idea_rt.jar=4593:C:\Program Files\JetBrains\IntelliJ IDEA Community Edition 2021.3.2\bin -Dfile.encoding=UTF-8 ganFanRen

Host: 11th Gen Intel(R) Core(TM) i7-11800H @ 2.30GHz, 16 cores, 31G,  Windows 10 , 64 bit Build 19041 (10.0.19041.1645)
Time: Sat Apr 23 00:40:04 2022  Windows 10 , 64 bit Build 19041 (10.0.19041.1645) elapsed time: 16.546470 seconds (0d 0h 0m 16s)

---------------  T H R E A D  ---------------

Current thread (0x000002aeb0318eb0):  VMThread "VM Thread" [stack: 0x000000fa4d700000,0x000000fa4d800000] [id=31244]

Stack: [0x000000fa4d700000,0x000000fa4d800000],  sp=0x000000fa4d7fe570,  free space=1017k
Native frames: (J=compiled Java code, j=interpreted, Vv=VM code, C=native code)
C  [igxelpicd64.dll+0x282c4c]


siginfo: EXCEPTION_ACCESS_VIOLATION (0xc0000005), reading address 0x00000000000356f8


Register to memory mapping:

RIP=0x00007ffc005a2c4c igxelpicd64.dll
RAX=0x000002aebacc36b8 points into unknown readable memory: 0x000000000000985f | 5f 98 00 00 00 00 00 00
RBX=0x000002aeb1079cd0 points into unknown readable memory: 0xffffffffffffffff | ff ff ff ff ff ff ff ff
RCX=0x0 is NULL
RDX=0x0000000000000001 is an unknown value
RSP=0x000000fa4d7fe570 points into unknown readable memory: 0x000002aeb1079cd0 | d0 9c 07 b1 ae 02 00 00
RBP=0x0000000000000016 is an unknown value
RSI=0x000002aeb103b020 points into unknown readable memory: 0x0000000000000000 | 00 00 00 00 00 00 00 00
RDI=0x0 is NULL
R8 =0x0000000000000014 is an unknown value
R9 =0x0 is NULL
R10=0x0 is NULL
R11=0x0000000000000246 is an unknown value
R12=0x000002aebacc3b38 points into unknown readable memory: 0x000002aeb133f7d0 | d0 f7 33 b1 ae 02 00 00
R13=0x0 is NULL
R14=0x000002aebacc3570 points into unknown readable memory: 0x000002aeb1101830 | 30 18 10 b1 ae 02 00 00
R15=0x0 is NULL


Registers:
RAX=0x000002aebacc36b8, RBX=0x000002aeb1079cd0, RCX=0x0000000000000000, RDX=0x0000000000000001
RSP=0x000000fa4d7fe570, RBP=0x0000000000000016, RSI=0x000002aeb103b020, RDI=0x0000000000000000
R8 =0x0000000000000014, R9 =0x0000000000000000, R10=0x0000000000000000, R11=0x0000000000000246
R12=0x000002aebacc3b38, R13=0x0000000000000000, R14=0x000002aebacc3570, R15=0x0000000000000000
RIP=0x00007ffc005a2c4c, EFLAGS=0x0000000000010206

Top of Stack: (sp=0x000000fa4d7fe570)
0x000000fa4d7fe570:   000002aeb1079cd0 0000000000000000
0x000000fa4d7fe580:   0000000000000000 0000000000000000
0x000000fa4d7fe590:   0000000000000000 000002aeb1079cd0
0x000000fa4d7fe5a0:   0000000000000000 0000000000000000
0x000000fa4d7fe5b0:   00007ffc43180000 000000fa4d7fe99a
0x000000fa4d7fe5c0:   000002ae8364b4a0 000002aeb1542d78
0x000000fa4d7fe5d0:   0000000000009880 0000000000000000
0x000000fa4d7fe5e0:   000000000000000d 0000000000000000
0x000000fa4d7fe5f0:   0000000000000000 000000fa4d7fe710
0x000000fa4d7fe600:   000002aeb103b020 00007ffc003d769c
0x000000fa4d7fe610:   000002ae00000016 000002aeb133f7d0
0x000000fa4d7fe620:   00007ffc439ac300 000000fa4d7fe600
0x000000fa4d7fe630:   000000fa00001510 0000b8021a7c0000
0x000000fa4d7fe640:   0000000000000000 000000fa4d7fe658
0x000000fa4d7fe650:   000000fa4d7fe760 00007ffca9a57fb9
0x000000fa4d7fe660:   00007ffc43180000 0000000000000000 

Instructions: (pc=0x00007ffc005a2c4c)
0x00007ffc005a2b4c:   41 bf 20 00 00 00 48 8b 04 38 4d 8b 3c 07 0f b6
0x00007ffc005a2b5c:   bc 24 b0 00 00 00 4c 3b 3d d7 f8 cb 00 41 0f 44
0x00007ffc005a2b6c:   e9 89 ac 24 a0 00 00 00 48 85 c9 0f 84 d4 07 00
0x00007ffc005a2b7c:   00 0f 1f 00 4c 8b f1 4c 8d a1 c8 05 00 00 49 8b
0x00007ffc005a2b8c:   04 24 48 89 84 24 a8 00 00 00 40 84 ff 74 10 48
0x00007ffc005a2b9c:   8b d1 48 8b 09 e8 ea 8d e3 ff e9 4f 07 00 00 8b
0x00007ffc005a2bac:   96 d0 01 00 00 48 8b 05 58 dd bb 00 83 b8 64 03
0x00007ffc005a2bbc:   00 00 02 0f 85 19 02 00 00 83 fa 10 73 0e 48 8d
0x00007ffc005a2bcc:   42 04 48 8d 04 c2 48 8d 04 c1 eb 60 8d 4a f0 8b
0x00007ffc005a2bdc:   c1 c1 e8 04 83 f8 03 73 1d 0f ae e8 83 e1 0f 4d
0x00007ffc005a2bec:   8b 84 c6 80 05 00 00 4d 85 c0 74 25 48 8d 0c c9
0x00007ffc005a2bfc:   49 8d 04 c8 eb 36 49 8b 86 98 05 00 00 48 85 c0
0x00007ffc005a2c0c:   74 0f 66 90 39 10 74 2f 48 8b 40 50 48 85 c0 75
0x00007ffc005a2c1c:   f3 41 80 be a0 05 00 00 00 74 22 8b c2 83 e0 0f
0x00007ffc005a2c2c:   48 8d 04 c0 48 8d 40 20 49 8d 04 c6 48 85 c0 74
0x00007ffc005a2c3c:   0c 48 8b 48 08 eb 09 48 83 c0 08 eb ef 49 8b c9
0x00007ffc005a2c4c:   49 3b 8f f8 56 03 00 0f 86 85 01 00 00 83 fa 10
0x00007ffc005a2c5c:   73 0a 48 8d 42 04 48 8d 04 c2 eb 5c 8d 4a f0 8b
0x00007ffc005a2c6c:   c1 c1 e8 04 83 f8 03 73 1d 0f ae e8 83 e1 0f 4d
0x00007ffc005a2c7c:   8b 84 c6 80 05 00 00 4d 85 c0 74 25 48 8d 0c c9
0x00007ffc005a2c8c:   49 8d 04 c8 eb 36 49 8b 86 98 05 00 00 48 85 c0
0x00007ffc005a2c9c:   74 0f 66 90 39 10 74 2f 48 8b 40 50 48 85 c0 75
0x00007ffc005a2cac:   f3 41 80 be a0 05 00 00 00 74 22 8b c2 83 e0 0f
0x00007ffc005a2cbc:   48 8d 04 c0 48 8d 40 20 49 8d 04 c6 48 85 c0 74
0x00007ffc005a2ccc:   0c 48 8b 48 08 eb 09 48 83 c0 08 eb ef 49 8b c9
0x00007ffc005a2cdc:   49 3b 8e 40 06 00 00 0f 86 f5 00 00 00 48 8b 86
0x00007ffc005a2cec:   80 02 00 00 49 89 04 24 4c 89 b6 80 02 00 00 ff
0x00007ffc005a2cfc:   86 88 02 00 00 ba 01 00 00 00 49 8b 4e 08 e8 41
0x00007ffc005a2d0c:   28 59 00 0f b7 c8 48 2b c1 48 05 00 00 01 00 48
0x00007ffc005a2d1c:   01 86 90 02 00 00 ba 01 00 00 00 49 8b 4e 08 e8
0x00007ffc005a2d2c:   20 28 59 00 48 01 86 a0 02 00 00 85 ed 74 75 49
0x00007ffc005a2d3c:   8b 9f 58 4f 03 00 0f 57 c0 f3 0f 7f 44 24 30 c7 


Stack slot to memory mapping:
stack at sp + 0 slots: 0x000002aeb1079cd0 points into unknown readable memory: 0xffffffffffffffff | ff ff ff ff ff ff ff ff
stack at sp + 1 slots: 0x0 is NULL
stack at sp + 2 slots: 0x0 is NULL
stack at sp + 3 slots: 0x0 is NULL
stack at sp + 4 slots: 0x0 is NULL
stack at sp + 5 slots: 0x000002aeb1079cd0 points into unknown readable memory: 0xffffffffffffffff | ff ff ff ff ff ff ff ff
stack at sp + 6 slots: 0x0 is NULL
stack at sp + 7 slots: 0x0 is NULL

VM_Operation (0x000000fa4f6feba0): Exit, mode: safepoint, requested by thread 0x000002aeba8af5b0


---------------  P R O C E S S  ---------------

Threads class SMR info:
_java_thread_list=0x000002aeba8afb50, length=14, elements={
0x000002ae835bb870, 0x000002aeb031d7b0, 0x000002aeb031e3b0, 0x000002aeb0344000,
0x000002aeb0334440, 0x000002aeb0336a60, 0x000002aeb0337460, 0x000002aeb0338190,
0x000002aeb0340c90, 0x000002aeb0348980, 0x000002aeb041d520, 0x000002aeb0617270,
0x000002aeb05f76c0, 0x000002aeba8af5b0
}

Java Threads: ( => current thread )
  0x000002ae835bb870 JavaThread "main" [_thread_blocked, id=29240, stack(0x000000fa4d100000,0x000000fa4d200000)]
  0x000002aeb031d7b0 JavaThread "Reference Handler" daemon [_thread_blocked, id=17656, stack(0x000000fa4d800000,0x000000fa4d900000)]
  0x000002aeb031e3b0 JavaThread "Finalizer" daemon [_thread_blocked, id=32552, stack(0x000000fa4d900000,0x000000fa4da00000)]
  0x000002aeb0344000 JavaThread "Signal Dispatcher" daemon [_thread_blocked, id=23780, stack(0x000000fa4da00000,0x000000fa4db00000)]
  0x000002aeb0334440 JavaThread "Attach Listener" daemon [_thread_blocked, id=37628, stack(0x000000fa4db00000,0x000000fa4dc00000)]
  0x000002aeb0336a60 JavaThread "Service Thread" daemon [_thread_blocked, id=33776, stack(0x000000fa4dc00000,0x000000fa4dd00000)]
  0x000002aeb0337460 JavaThread "Monitor Deflation Thread" daemon [_thread_blocked, id=34768, stack(0x000000fa4dd00000,0x000000fa4de00000)]
  0x000002aeb0338190 JavaThread "C2 CompilerThread0" daemon [_thread_blocked, id=33932, stack(0x000000fa4de00000,0x000000fa4df00000)]
  0x000002aeb0340c90 JavaThread "C1 CompilerThread0" daemon [_thread_blocked, id=24752, stack(0x000000fa4df00000,0x000000fa4e000000)]
  0x000002aeb0348980 JavaThread "Sweeper thread" daemon [_thread_blocked, id=38000, stack(0x000000fa4e000000,0x000000fa4e100000)]
  0x000002aeb041d520 JavaThread "Common-Cleaner" daemon [_thread_blocked, id=31804, stack(0x000000fa4e100000,0x000000fa4e200000)]
  0x000002aeb0617270 JavaThread "Monitor Ctrl-Break" daemon [_thread_in_native, id=19500, stack(0x000000fa4e300000,0x000000fa4e400000)]
  0x000002aeb05f76c0 JavaThread "Notification Thread" daemon [_thread_blocked, id=27552, stack(0x000000fa4e400000,0x000000fa4e500000)]
  0x000002aeba8af5b0 JavaThread "SIGINT handler" daemon [_thread_blocked, id=32496, stack(0x000000fa4f600000,0x000000fa4f700000)]

Other Threads:
=>0x000002aeb0318eb0 VMThread "VM Thread" [stack: 0x000000fa4d700000,0x000000fa4d800000] [id=31244]
  0x000002ae836327f0 GCTaskThread "GC Thread#0" [stack: 0x000000fa4d200000,0x000000fa4d300000] [id=38816]
  0x000002aebab60370 GCTaskThread "GC Thread#1" [stack: 0x000000fa4e200000,0x000000fa4e300000] [id=33384]
  0x000002aebab62210 GCTaskThread "GC Thread#2" [stack: 0x000000fa4ec00000,0x000000fa4ed00000] [id=36720]
  0x000002aebab60680 GCTaskThread "GC Thread#3" [stack: 0x000000fa4ed00000,0x000000fa4ee00000] [id=33084]
  0x000002aebab60fb0 GCTaskThread "GC Thread#4" [stack: 0x000000fa4ee00000,0x000000fa4ef00000] [id=16348]
  0x000002aebab63470 GCTaskThread "GC Thread#5" [stack: 0x000000fa4ef00000,0x000000fa4f000000] [id=18228]
  0x000002aebab612c0 GCTaskThread "GC Thread#6" [stack: 0x000000fa4f000000,0x000000fa4f100000] [id=13580]
  0x000002aebab5fd50 GCTaskThread "GC Thread#7" [stack: 0x000000fa4f100000,0x000000fa4f200000] [id=35492]
  0x000002aebab615d0 GCTaskThread "GC Thread#8" [stack: 0x000000fa4f200000,0x000000fa4f300000] [id=3944]
  0x000002aebab60060 GCTaskThread "GC Thread#9" [stack: 0x000000fa4f300000,0x000000fa4f400000] [id=21896]
  0x000002aebab60990 GCTaskThread "GC Thread#10" [stack: 0x000000fa4f400000,0x000000fa4f500000] [id=37204]
  0x000002aebab61f00 GCTaskThread "GC Thread#11" [stack: 0x000000fa4f500000,0x000000fa4f600000] [id=25856]
  0x000002ae83643700 ConcurrentGCThread "G1 Main Marker" terminated
  0x000002ae83645d20 ConcurrentGCThread "G1 Conc#0" [stack: 0x000000fa4d400000,0x000000fa4d500000] [id=32144]
  0x000002ae83691b90 ConcurrentGCThread "G1 Refine#0" terminated
  0x000002ae83692610 ConcurrentGCThread "G1 Service" terminated

Threads with active compile tasks:

VM state: at safepoint (shutting down)

VM Mutex/Monitor currently owned by a thread:  ([mutex/lock_event])
[0x000002ae835b7fc0] Threads_lock - owner thread: 0x000002aeb0318eb0
[0x000002ae835b8f80] Heap_lock - owner thread: 0x000002aeba8af5b0

Heap address: 0x0000000604400000, size: 8124 MB, Compressed Oops mode: Zero based, Oop shift amount: 3

CDS archive(s) mapped at: [0x0000000800000000-0x0000000800bb0000-0x0000000800bb0000), size 12255232, SharedBaseAddress: 0x0000000800000000, ArchiveRelocationMode: 0.
Compressed class space mapped at: 0x0000000800c00000-0x0000000840c00000, reserved size: 1073741824
Narrow klass base: 0x0000000800000000, Narrow klass shift: 3, Narrow klass range: 0x100000000

GC Precious Log:
 CPUs: 16 total, 16 available
 Memory: 32487M
 Large Page Support: Disabled
 NUMA Support: Disabled
 Compressed Oops: Enabled (Zero based)
 Heap Region Size: 4M
 Heap Min Capacity: 8M
 Heap Initial Capacity: 508M
 Heap Max Capacity: 8124M
 Pre-touch: Disabled
 Parallel Workers: 13
 Concurrent Workers: 3
 Concurrent Refinement Workers: 13
 Periodic GC: Disabled

Heap:
 garbage-first heap   total 520192K, used 2455K [0x0000000604400000, 0x0000000800000000)
  region size 4096K, 2 young (8192K), 1 survivors (4096K)
 Metaspace       used 4871K, committed 5056K, reserved 1056768K
  class space    used 279K, committed 384K, reserved 1048576K

Heap Regions: E=young(eden), S=young(survivor), O=old, HS=humongous(starts), HC=humongous(continues), CS=collection set, F=free, OA=open archive, CA=closed archive, TAMS=top-at-mark-start (previous, next)
|   0|0x0000000604400000, 0x0000000604400000, 0x0000000604800000|  0%| F|  |TAMS 0x0000000604400000, 0x0000000604400000| Untracked 
|   1|0x0000000604800000, 0x0000000604800000, 0x0000000604c00000|  0%| F|  |TAMS 0x0000000604800000, 0x0000000604800000| Untracked 
|   2|0x0000000604c00000, 0x0000000604c00000, 0x0000000605000000|  0%| F|  |TAMS 0x0000000604c00000, 0x0000000604c00000| Untracked 
|   3|0x0000000605000000, 0x0000000605000000, 0x0000000605400000|  0%| F|  |TAMS 0x0000000605000000, 0x0000000605000000| Untracked 
|   4|0x0000000605400000, 0x0000000605400000, 0x0000000605800000|  0%| F|  |TAMS 0x0000000605400000, 0x0000000605400000| Untracked 
|   5|0x0000000605800000, 0x0000000605800000, 0x0000000605c00000|  0%| F|  |TAMS 0x0000000605800000, 0x0000000605800000| Untracked 
|   6|0x0000000605c00000, 0x0000000605c00000, 0x0000000606000000|  0%| F|  |TAMS 0x0000000605c00000, 0x0000000605c00000| Untracked 
|   7|0x0000000606000000, 0x0000000606000000, 0x0000000606400000|  0%| F|  |TAMS 0x0000000606000000, 0x0000000606000000| Untracked 
|   8|0x0000000606400000, 0x0000000606400000, 0x0000000606800000|  0%| F|  |TAMS 0x0000000606400000, 0x0000000606400000| Untracked 
|   9|0x0000000606800000, 0x0000000606800000, 0x0000000606c00000|  0%| F|  |TAMS 0x0000000606800000, 0x0000000606800000| Untracked 
|  10|0x0000000606c00000, 0x0000000606c00000, 0x0000000607000000|  0%| F|  |TAMS 0x0000000606c00000, 0x0000000606c00000| Untracked 
|  11|0x0000000607000000, 0x0000000607000000, 0x0000000607400000|  0%| F|  |TAMS 0x0000000607000000, 0x0000000607000000| Untracked 
|  12|0x0000000607400000, 0x0000000607400000, 0x0000000607800000|  0%| F|  |TAMS 0x0000000607400000, 0x0000000607400000| Untracked 
|  13|0x0000000607800000, 0x0000000607800000, 0x0000000607c00000|  0%| F|  |TAMS 0x0000000607800000, 0x0000000607800000| Untracked 
|  14|0x0000000607c00000, 0x0000000607c00000, 0x0000000608000000|  0%| F|  |TAMS 0x0000000607c00000, 0x0000000607c00000| Untracked 
|  15|0x0000000608000000, 0x0000000608000000, 0x0000000608400000|  0%| F|  |TAMS 0x0000000608000000, 0x0000000608000000| Untracked 
|  16|0x0000000608400000, 0x0000000608400000, 0x0000000608800000|  0%| F|  |TAMS 0x0000000608400000, 0x0000000608400000| Untracked 
|  17|0x0000000608800000, 0x0000000608800000, 0x0000000608c00000|  0%| F|  |TAMS 0x0000000608800000, 0x0000000608800000| Untracked 
|  18|0x0000000608c00000, 0x0000000608c00000, 0x0000000609000000|  0%| F|  |TAMS 0x0000000608c00000, 0x0000000608c00000| Untracked 
|  19|0x0000000609000000, 0x0000000609000000, 0x0000000609400000|  0%| F|  |TAMS 0x0000000609000000, 0x0000000609000000| Untracked 
|  20|0x0000000609400000, 0x0000000609400000, 0x0000000609800000|  0%| F|  |TAMS 0x0000000609400000, 0x0000000609400000| Untracked 
|  21|0x0000000609800000, 0x0000000609800000, 0x0000000609c00000|  0%| F|  |TAMS 0x0000000609800000, 0x0000000609800000| Untracked 
|  22|0x0000000609c00000, 0x0000000609c00000, 0x000000060a000000|  0%| F|  |TAMS 0x0000000609c00000, 0x0000000609c00000| Untracked 
|  23|0x000000060a000000, 0x000000060a000000, 0x000000060a400000|  0%| F|  |TAMS 0x000000060a000000, 0x000000060a000000| Untracked 
|  24|0x000000060a400000, 0x000000060a400000, 0x000000060a800000|  0%| F|  |TAMS 0x000000060a400000, 0x000000060a400000| Untracked 
|  25|0x000000060a800000, 0x000000060a800000, 0x000000060ac00000|  0%| F|  |TAMS 0x000000060a800000, 0x000000060a800000| Untracked 
|  26|0x000000060ac00000, 0x000000060ac00000, 0x000000060b000000|  0%| F|  |TAMS 0x000000060ac00000, 0x000000060ac00000| Untracked 
|  27|0x000000060b000000, 0x000000060b000000, 0x000000060b400000|  0%| F|  |TAMS 0x000000060b000000, 0x000000060b000000| Untracked 
|  28|0x000000060b400000, 0x000000060b400000, 0x000000060b800000|  0%| F|  |TAMS 0x000000060b400000, 0x000000060b400000| Untracked 
|  29|0x000000060b800000, 0x000000060b800000, 0x000000060bc00000|  0%| F|  |TAMS 0x000000060b800000, 0x000000060b800000| Untracked 
|  30|0x000000060bc00000, 0x000000060bc00000, 0x000000060c000000|  0%| F|  |TAMS 0x000000060bc00000, 0x000000060bc00000| Untracked 
|  31|0x000000060c000000, 0x000000060c000000, 0x000000060c400000|  0%| F|  |TAMS 0x000000060c000000, 0x000000060c000000| Untracked 
|  32|0x000000060c400000, 0x000000060c400000, 0x000000060c800000|  0%| F|  |TAMS 0x000000060c400000, 0x000000060c400000| Untracked 
|  33|0x000000060c800000, 0x000000060c800000, 0x000000060cc00000|  0%| F|  |TAMS 0x000000060c800000, 0x000000060c800000| Untracked 
|  34|0x000000060cc00000, 0x000000060cc00000, 0x000000060d000000|  0%| F|  |TAMS 0x000000060cc00000, 0x000000060cc00000| Untracked 
|  35|0x000000060d000000, 0x000000060d000000, 0x000000060d400000|  0%| F|  |TAMS 0x000000060d000000, 0x000000060d000000| Untracked 
|  36|0x000000060d400000, 0x000000060d400000, 0x000000060d800000|  0%| F|  |TAMS 0x000000060d400000, 0x000000060d400000| Untracked 
|  37|0x000000060d800000, 0x000000060d800000, 0x000000060dc00000|  0%| F|  |TAMS 0x000000060d800000, 0x000000060d800000| Untracked 
|  38|0x000000060dc00000, 0x000000060dc00000, 0x000000060e000000|  0%| F|  |TAMS 0x000000060dc00000, 0x000000060dc00000| Untracked 
|  39|0x000000060e000000, 0x000000060e000000, 0x000000060e400000|  0%| F|  |TAMS 0x000000060e000000, 0x000000060e000000| Untracked 
|  40|0x000000060e400000, 0x000000060e400000, 0x000000060e800000|  0%| F|  |TAMS 0x000000060e400000, 0x000000060e400000| Untracked 
|  41|0x000000060e800000, 0x000000060e800000, 0x000000060ec00000|  0%| F|  |TAMS 0x000000060e800000, 0x000000060e800000| Untracked 
|  42|0x000000060ec00000, 0x000000060ec00000, 0x000000060f000000|  0%| F|  |TAMS 0x000000060ec00000, 0x000000060ec00000| Untracked 
|  43|0x000000060f000000, 0x000000060f000000, 0x000000060f400000|  0%| F|  |TAMS 0x000000060f000000, 0x000000060f000000| Untracked 
|  44|0x000000060f400000, 0x000000060f400000, 0x000000060f800000|  0%| F|  |TAMS 0x000000060f400000, 0x000000060f400000| Untracked 
|  45|0x000000060f800000, 0x000000060f800000, 0x000000060fc00000|  0%| F|  |TAMS 0x000000060f800000, 0x000000060f800000| Untracked 
|  46|0x000000060fc00000, 0x000000060fc00000, 0x0000000610000000|  0%| F|  |TAMS 0x000000060fc00000, 0x000000060fc00000| Untracked 
|  47|0x0000000610000000, 0x0000000610000000, 0x0000000610400000|  0%| F|  |TAMS 0x0000000610000000, 0x0000000610000000| Untracked 
|  48|0x0000000610400000, 0x0000000610400000, 0x0000000610800000|  0%| F|  |TAMS 0x0000000610400000, 0x0000000610400000| Untracked 
|  49|0x0000000610800000, 0x0000000610800000, 0x0000000610c00000|  0%| F|  |TAMS 0x0000000610800000, 0x0000000610800000| Untracked 
|  50|0x0000000610c00000, 0x0000000610c00000, 0x0000000611000000|  0%| F|  |TAMS 0x0000000610c00000, 0x0000000610c00000| Untracked 
|  51|0x0000000611000000, 0x0000000611000000, 0x0000000611400000|  0%| F|  |TAMS 0x0000000611000000, 0x0000000611000000| Untracked 
|  52|0x0000000611400000, 0x0000000611400000, 0x0000000611800000|  0%| F|  |TAMS 0x0000000611400000, 0x0000000611400000| Untracked 
|  53|0x0000000611800000, 0x0000000611800000, 0x0000000611c00000|  0%| F|  |TAMS 0x0000000611800000, 0x0000000611800000| Untracked 
|  54|0x0000000611c00000, 0x0000000611c00000, 0x0000000612000000|  0%| F|  |TAMS 0x0000000611c00000, 0x0000000611c00000| Untracked 
|  55|0x0000000612000000, 0x0000000612000000, 0x0000000612400000|  0%| F|  |TAMS 0x0000000612000000, 0x0000000612000000| Untracked 
|  56|0x0000000612400000, 0x0000000612400000, 0x0000000612800000|  0%| F|  |TAMS 0x0000000612400000, 0x0000000612400000| Untracked 
|  57|0x0000000612800000, 0x0000000612800000, 0x0000000612c00000|  0%| F|  |TAMS 0x0000000612800000, 0x0000000612800000| Untracked 
|  58|0x0000000612c00000, 0x0000000612c00000, 0x0000000613000000|  0%| F|  |TAMS 0x0000000612c00000, 0x0000000612c00000| Untracked 
|  59|0x0000000613000000, 0x0000000613000000, 0x0000000613400000|  0%| F|  |TAMS 0x0000000613000000, 0x0000000613000000| Untracked 
|  60|0x0000000613400000, 0x0000000613400000, 0x0000000613800000|  0%| F|  |TAMS 0x0000000613400000, 0x0000000613400000| Untracked 
|  61|0x0000000613800000, 0x0000000613800000, 0x0000000613c00000|  0%| F|  |TAMS 0x0000000613800000, 0x0000000613800000| Untracked 
|  62|0x0000000613c00000, 0x0000000613c00000, 0x0000000614000000|  0%| F|  |TAMS 0x0000000613c00000, 0x0000000613c00000| Untracked 
|  63|0x0000000614000000, 0x0000000614000000, 0x0000000614400000|  0%| F|  |TAMS 0x0000000614000000, 0x0000000614000000| Untracked 
|  64|0x0000000614400000, 0x0000000614400000, 0x0000000614800000|  0%| F|  |TAMS 0x0000000614400000, 0x0000000614400000| Untracked 
|  65|0x0000000614800000, 0x0000000614800000, 0x0000000614c00000|  0%| F|  |TAMS 0x0000000614800000, 0x0000000614800000| Untracked 
|  66|0x0000000614c00000, 0x0000000614c00000, 0x0000000615000000|  0%| F|  |TAMS 0x0000000614c00000, 0x0000000614c00000| Untracked 
|  67|0x0000000615000000, 0x0000000615000000, 0x0000000615400000|  0%| F|  |TAMS 0x0000000615000000, 0x0000000615000000| Untracked 
|  68|0x0000000615400000, 0x0000000615400000, 0x0000000615800000|  0%| F|  |TAMS 0x0000000615400000, 0x0000000615400000| Untracked 
|  69|0x0000000615800000, 0x0000000615800000, 0x0000000615c00000|  0%| F|  |TAMS 0x0000000615800000, 0x0000000615800000| Untracked 
|  70|0x0000000615c00000, 0x0000000615c00000, 0x0000000616000000|  0%| F|  |TAMS 0x0000000615c00000, 0x0000000615c00000| Untracked 
|  71|0x0000000616000000, 0x0000000616000000, 0x0000000616400000|  0%| F|  |TAMS 0x0000000616000000, 0x0000000616000000| Untracked 
|  72|0x0000000616400000, 0x0000000616400000, 0x0000000616800000|  0%| F|  |TAMS 0x0000000616400000, 0x0000000616400000| Untracked 
|  73|0x0000000616800000, 0x0000000616800000, 0x0000000616c00000|  0%| F|  |TAMS 0x0000000616800000, 0x0000000616800000| Untracked 
|  74|0x0000000616c00000, 0x0000000616c00000, 0x0000000617000000|  0%| F|  |TAMS 0x0000000616c00000, 0x0000000616c00000| Untracked 
|  75|0x0000000617000000, 0x0000000617000000, 0x0000000617400000|  0%| F|  |TAMS 0x0000000617000000, 0x0000000617000000| Untracked 
|  76|0x0000000617400000, 0x0000000617400000, 0x0000000617800000|  0%| F|  |TAMS 0x0000000617400000, 0x0000000617400000| Untracked 
|  77|0x0000000617800000, 0x0000000617800000, 0x0000000617c00000|  0%| F|  |TAMS 0x0000000617800000, 0x0000000617800000| Untracked 
|  78|0x0000000617c00000, 0x0000000617c00000, 0x0000000618000000|  0%| F|  |TAMS 0x0000000617c00000, 0x0000000617c00000| Untracked 
|  79|0x0000000618000000, 0x0000000618000000, 0x0000000618400000|  0%| F|  |TAMS 0x0000000618000000, 0x0000000618000000| Untracked 
|  80|0x0000000618400000, 0x0000000618400000, 0x0000000618800000|  0%| F|  |TAMS 0x0000000618400000, 0x0000000618400000| Untracked 
|  81|0x0000000618800000, 0x0000000618800000, 0x0000000618c00000|  0%| F|  |TAMS 0x0000000618800000, 0x0000000618800000| Untracked 
|  82|0x0000000618c00000, 0x0000000618c00000, 0x0000000619000000|  0%| F|  |TAMS 0x0000000618c00000, 0x0000000618c00000| Untracked 
|  83|0x0000000619000000, 0x0000000619000000, 0x0000000619400000|  0%| F|  |TAMS 0x0000000619000000, 0x0000000619000000| Untracked 
|  84|0x0000000619400000, 0x0000000619400000, 0x0000000619800000|  0%| F|  |TAMS 0x0000000619400000, 0x0000000619400000| Untracked 
|  85|0x0000000619800000, 0x0000000619800000, 0x0000000619c00000|  0%| F|  |TAMS 0x0000000619800000, 0x0000000619800000| Untracked 
|  86|0x0000000619c00000, 0x0000000619c00000, 0x000000061a000000|  0%| F|  |TAMS 0x0000000619c00000, 0x0000000619c00000| Untracked 
|  87|0x000000061a000000, 0x000000061a000000, 0x000000061a400000|  0%| F|  |TAMS 0x000000061a000000, 0x000000061a000000| Untracked 
|  88|0x000000061a400000, 0x000000061a400000, 0x000000061a800000|  0%| F|  |TAMS 0x000000061a400000, 0x000000061a400000| Untracked 
|  89|0x000000061a800000, 0x000000061a800000, 0x000000061ac00000|  0%| F|  |TAMS 0x000000061a800000, 0x000000061a800000| Untracked 
|  90|0x000000061ac00000, 0x000000061ac00000, 0x000000061b000000|  0%| F|  |TAMS 0x000000061ac00000, 0x000000061ac00000| Untracked 
|  91|0x000000061b000000, 0x000000061b000000, 0x000000061b400000|  0%| F|  |TAMS 0x000000061b000000, 0x000000061b000000| Untracked 
|  92|0x000000061b400000, 0x000000061b400000, 0x000000061b800000|  0%| F|  |TAMS 0x000000061b400000, 0x000000061b400000| Untracked 
|  93|0x000000061b800000, 0x000000061b800000, 0x000000061bc00000|  0%| F|  |TAMS 0x000000061b800000, 0x000000061b800000| Untracked 
|  94|0x000000061bc00000, 0x000000061bc00000, 0x000000061c000000|  0%| F|  |TAMS 0x000000061bc00000, 0x000000061bc00000| Untracked 
|  95|0x000000061c000000, 0x000000061c000000, 0x000000061c400000|  0%| F|  |TAMS 0x000000061c000000, 0x000000061c000000| Untracked 
|  96|0x000000061c400000, 0x000000061c400000, 0x000000061c800000|  0%| F|  |TAMS 0x000000061c400000, 0x000000061c400000| Untracked 
|  97|0x000000061c800000, 0x000000061c800000, 0x000000061cc00000|  0%| F|  |TAMS 0x000000061c800000, 0x000000061c800000| Untracked 
|  98|0x000000061cc00000, 0x000000061cc00000, 0x000000061d000000|  0%| F|  |TAMS 0x000000061cc00000, 0x000000061cc00000| Untracked 
|  99|0x000000061d000000, 0x000000061d000000, 0x000000061d400000|  0%| F|  |TAMS 0x000000061d000000, 0x000000061d000000| Untracked 
| 100|0x000000061d400000, 0x000000061d400000, 0x000000061d800000|  0%| F|  |TAMS 0x000000061d400000, 0x000000061d400000| Untracked 
| 101|0x000000061d800000, 0x000000061d800000, 0x000000061dc00000|  0%| F|  |TAMS 0x000000061d800000, 0x000000061d800000| Untracked 
| 102|0x000000061dc00000, 0x000000061dc00000, 0x000000061e000000|  0%| F|  |TAMS 0x000000061dc00000, 0x000000061dc00000| Untracked 
| 103|0x000000061e000000, 0x000000061e000000, 0x000000061e400000|  0%| F|  |TAMS 0x000000061e000000, 0x000000061e000000| Untracked 
| 104|0x000000061e400000, 0x000000061e400000, 0x000000061e800000|  0%| F|  |TAMS 0x000000061e400000, 0x000000061e400000| Untracked 
| 105|0x000000061e800000, 0x000000061e800000, 0x000000061ec00000|  0%| F|  |TAMS 0x000000061e800000, 0x000000061e800000| Untracked 
| 106|0x000000061ec00000, 0x000000061ec00000, 0x000000061f000000|  0%| F|  |TAMS 0x000000061ec00000, 0x000000061ec00000| Untracked 
| 107|0x000000061f000000, 0x000000061f000000, 0x000000061f400000|  0%| F|  |TAMS 0x000000061f000000, 0x000000061f000000| Untracked 
| 108|0x000000061f400000, 0x000000061f400000, 0x000000061f800000|  0%| F|  |TAMS 0x000000061f400000, 0x000000061f400000| Untracked 
| 109|0x000000061f800000, 0x000000061f800000, 0x000000061fc00000|  0%| F|  |TAMS 0x000000061f800000, 0x000000061f800000| Untracked 
| 110|0x000000061fc00000, 0x000000061fc00000, 0x0000000620000000|  0%| F|  |TAMS 0x000000061fc00000, 0x000000061fc00000| Untracked 
| 111|0x0000000620000000, 0x0000000620000000, 0x0000000620400000|  0%| F|  |TAMS 0x0000000620000000, 0x0000000620000000| Untracked 
| 112|0x0000000620400000, 0x0000000620400000, 0x0000000620800000|  0%| F|  |TAMS 0x0000000620400000, 0x0000000620400000| Untracked 
| 113|0x0000000620800000, 0x0000000620800000, 0x0000000620c00000|  0%| F|  |TAMS 0x0000000620800000, 0x0000000620800000| Untracked 
| 114|0x0000000620c00000, 0x0000000620c00000, 0x0000000621000000|  0%| F|  |TAMS 0x0000000620c00000, 0x0000000620c00000| Untracked 
| 115|0x0000000621000000, 0x0000000621000000, 0x0000000621400000|  0%| F|  |TAMS 0x0000000621000000, 0x0000000621000000| Untracked 
| 116|0x0000000621400000, 0x0000000621400000, 0x0000000621800000|  0%| F|  |TAMS 0x0000000621400000, 0x0000000621400000| Untracked 
| 117|0x0000000621800000, 0x0000000621800000, 0x0000000621c00000|  0%| F|  |TAMS 0x0000000621800000, 0x0000000621800000| Untracked 
| 118|0x0000000621c00000, 0x0000000621c00000, 0x0000000622000000|  0%| F|  |TAMS 0x0000000621c00000, 0x0000000621c00000| Untracked 
| 119|0x0000000622000000, 0x0000000622000000, 0x0000000622400000|  0%| F|  |TAMS 0x0000000622000000, 0x0000000622000000| Untracked 
| 120|0x0000000622400000, 0x0000000622665e88, 0x0000000622800000| 59%| S|CS|TAMS 0x0000000622400000, 0x0000000622400000| Complete 
| 121|0x0000000622800000, 0x0000000622800000, 0x0000000622c00000|  0%| F|  |TAMS 0x0000000622800000, 0x0000000622800000| Untracked 
| 122|0x0000000622c00000, 0x0000000622c00000, 0x0000000623000000|  0%| F|  |TAMS 0x0000000622c00000, 0x0000000622c00000| Untracked 
| 123|0x0000000623000000, 0x0000000623000000, 0x0000000623400000|  0%| F|  |TAMS 0x0000000623000000, 0x0000000623000000| Untracked 
| 124|0x0000000623400000, 0x0000000623400000, 0x0000000623800000|  0%| F|  |TAMS 0x0000000623400000, 0x0000000623400000| Untracked 
| 125|0x0000000623800000, 0x0000000623800000, 0x0000000623c00000|  0%| F|  |TAMS 0x0000000623800000, 0x0000000623800000| Untracked 
| 126|0x0000000623c00000, 0x0000000623e0dbf8, 0x0000000624000000| 51%| E|  |TAMS 0x0000000623c00000, 0x0000000623c00000| Complete 

Card table byte_map: [0x000002ae9b5a0000,0x000002ae9c580000] _byte_map_base: 0x000002ae9857e000

Marking Bits (Prev, Next): (CMBitMap*) 0x000002ae83632ee0, (CMBitMap*) 0x000002ae83632f20
 Prev Bits: [0x000002ae9d560000, 0x000002aea5450000)
 Next Bits: [0x000002aea5450000, 0x000002aead340000)

Polling page: 0x000002ae81430000

Metaspace:

Usage:
  Non-class:      4.48 MB used.
      Class:    279.58 KB used.
       Both:      4.76 MB used.

Virtual space:
  Non-class space:        8.00 MB reserved,       4.56 MB ( 57%) committed,  1 nodes.
      Class space:        1.00 GB reserved,     384.00 KB ( <1%) committed,  1 nodes.
              Both:        1.01 GB reserved,       4.94 MB ( <1%) committed. 

Chunk freelists:
   Non-Class:  1.50 MB
       Class:  3.59 MB
        Both:  5.09 MB

MaxMetaspaceSize: 17179869184.00 GB
CompressedClassSpaceSize: 1.00 GB
 - commit_granule_bytes: 65536.
 - commit_granule_words: 8192.
 - virtual_space_node_default_size: 1048576.
 - enlarge_chunks_in_place: 1.
 - new_chunks_are_fully_committed: 0.
 - uncommit_free_chunks: 1.
 - use_allocation_guard: 0.
 - handle_deallocations: 1.


Internal statistics:

num_allocs_failed_limit: 0.
num_arena_births: 114.
num_arena_deaths: 0.
num_vsnodes_births: 2.
num_vsnodes_deaths: 0.
num_space_committed: 77.
num_space_uncommitted: 0.
num_chunks_returned_to_freelist: 0.
num_chunks_taken_from_freelist: 238.
num_chunk_merges: 0.
num_chunk_splits: 152.
num_chunks_enlarged: 107.
num_purges: 0.

CodeHeap 'non-profiled nmethods': size=119168Kb used=370Kb max_used=370Kb free=118798Kb
 bounds [0x000002ae928e0000, 0x000002ae92b50000, 0x000002ae99d40000]
CodeHeap 'profiled nmethods': size=119104Kb used=1794Kb max_used=1794Kb free=117309Kb
 bounds [0x000002ae8b490000, 0x000002ae8b700000, 0x000002ae928e0000]
CodeHeap 'non-nmethods': size=7488Kb used=1644Kb max_used=2226Kb free=5843Kb
 bounds [0x000002ae8ad40000, 0x000002ae8afb0000, 0x000002ae8b490000]
 total_blobs=2155 nmethods=1089 adapters=979
 compilation: enabled
              stopped_count=0, restarted_count=0
 full_count=0

Compilation events (20 events):
Event: 7.890 Thread 0x000002aeb0340c90 1079       3       bagel.util.Rectangle::intersects (54 bytes)
Event: 7.890 Thread 0x000002aeb0340c90 nmethod 1079 0x000002ae8b64f490 code [0x000002ae8b64f660, 0x000002ae8b64fcd8]
Event: 9.269 Thread 0x000002aeb0338190 1081       4       org.lwjgl.system.MemoryStack::nmalloc (61 bytes)
Event: 9.270 Thread 0x000002aeb0338190 nmethod 1081 0x000002ae92936390 code [0x000002ae92936520, 0x000002ae929365d8]
Event: 10.502 Thread 0x000002aeb0338190 1082       4       java.lang.StringConcatHelper::prepend (37 bytes)
Event: 10.503 Thread 0x000002aeb0338190 nmethod 1082 0x000002ae92936690 code [0x000002ae92936820, 0x000002ae929369d8]
Event: 11.886 Thread 0x000002aeb0338190 1083   !   4       bagel.InternalFont::drawString (334 bytes)
Event: 11.920 Thread 0x000002aeb0338190 nmethod 1083 0x000002ae92936b90 code [0x000002ae92936e00, 0x000002ae92938900]
Event: 13.837 Thread 0x000002aeb0338190 1084       4       java.lang.StringConcatHelper::mix (27 bytes)
Event: 13.838 Thread 0x000002aeb0338190 nmethod 1084 0x000002ae9293a790 code [0x000002ae9293a920, 0x000002ae9293a9d8]
Event: 14.593 Thread 0x000002aeb0340c90 1085       3       jdk.internal.ref.PhantomCleanable::clean (16 bytes)
Event: 14.593 Thread 0x000002aeb0340c90 nmethod 1085 0x000002ae8b64fe90 code [0x000002ae8b650060, 0x000002ae8b650348]
Event: 14.593 Thread 0x000002aeb0340c90 1086       3       jdk.internal.ref.CleanerImpl$PhantomCleanableRef::performCleanup (10 bytes)
Event: 14.593 Thread 0x000002aeb0340c90 nmethod 1086 0x000002ae8b650490 code [0x000002ae8b650640, 0x000002ae8b650828]
Event: 14.941 Thread 0x000002aeb0338190 1087       4       java.util.ArrayList::clear (43 bytes)
Event: 14.951 Thread 0x000002aeb0338190 nmethod 1087 0x000002ae9293ab10 code [0x000002ae9293aca0, 0x000002ae9293af38]
Event: 14.955 Thread 0x000002aeb0338190 1088       4       java.util.ArrayList::forEach (74 bytes)
Event: 14.968 Thread 0x000002aeb0338190 nmethod 1088 0x000002ae9293b010 code [0x000002ae9293b260, 0x000002ae9293b7d0]
Event: 15.324 Thread 0x000002aeb0338190 1089       4       java.util.HashMap::getNode (150 bytes)
Event: 15.339 Thread 0x000002aeb0338190 nmethod 1089 0x000002ae9293be10 code [0x000002ae9293bfc0, 0x000002ae9293c4c8]

GC Heap History (2 events):
Event: 14.588 GC heap before
{Heap before GC invocations=0 (full 0):
 garbage-first heap   total 520192K, used 24576K [0x0000000604400000, 0x0000000800000000)
  region size 4096K, 6 young (24576K), 0 survivors (0K)
 Metaspace       used 4866K, committed 5056K, reserved 1056768K
  class space    used 279K, committed 384K, reserved 1048576K
}
Event: 14.592 GC heap after
{Heap after GC invocations=1 (full 0):
 garbage-first heap   total 520192K, used 2455K [0x0000000604400000, 0x0000000800000000)
  region size 4096K, 1 young (4096K), 1 survivors (4096K)
 Metaspace       used 4866K, committed 5056K, reserved 1056768K
  class space    used 279K, committed 384K, reserved 1048576K
}

Deoptimization events (20 events):
Event: 0.711 Thread 0x000002ae835bb870 DEOPT PACKING pc=0x000002ae9290f170 sp=0x000000fa4d1fe8b0
Event: 0.711 Thread 0x000002ae835bb870 DEOPT UNPACKING pc=0x000002ae8ad8f92e sp=0x000000fa4d1fe790 mode 2
Event: 0.717 Thread 0x000002ae835bb870 Uncommon trap: trap_request=0xffffff45 fr.pc=0x000002ae9291b77c relative=0x000000000000053c
Event: 0.717 Thread 0x000002ae835bb870 Uncommon trap: reason=unstable_if action=reinterpret pc=0x000002ae9291b77c method=java.lang.AbstractStringBuilder.putStringAt(ILjava/lang/String;II)V @ 8 c2
Event: 0.717 Thread 0x000002ae835bb870 DEOPT PACKING pc=0x000002ae9291b77c sp=0x000000fa4d1fe8f0
Event: 0.717 Thread 0x000002ae835bb870 DEOPT UNPACKING pc=0x000002ae8ad8f92e sp=0x000000fa4d1fe778 mode 2
Event: 1.917 Thread 0x000002ae835bb870 Uncommon trap: trap_request=0xffffff45 fr.pc=0x000002ae92922b20 relative=0x0000000000000f80
Event: 1.917 Thread 0x000002ae835bb870 Uncommon trap: reason=unstable_if action=reinterpret pc=0x000002ae92922b20 method=java.util.HashMap.putVal(ILjava/lang/Object;Ljava/lang/Object;ZZ)Ljava/lang/Object; @ 181 c2
Event: 1.917 Thread 0x000002ae835bb870 DEOPT PACKING pc=0x000002ae92922b20 sp=0x000000fa4d1fdd70
Event: 1.918 Thread 0x000002ae835bb870 DEOPT UNPACKING pc=0x000002ae8ad8f92e sp=0x000000fa4d1fdcc8 mode 2
Event: 1.974 Thread 0x000002ae835bb870 Uncommon trap: trap_request=0xffffff45 fr.pc=0x000002ae928ecd50 relative=0x00000000000008d0
Event: 1.974 Thread 0x000002ae835bb870 Uncommon trap: reason=unstable_if action=reinterpret pc=0x000002ae928ecd50 method=java.util.HashMap.putVal(ILjava/lang/Object;Ljava/lang/Object;ZZ)Ljava/lang/Object; @ 181 c2
Event: 1.974 Thread 0x000002ae835bb870 DEOPT PACKING pc=0x000002ae928ecd50 sp=0x000000fa4d1fec60
Event: 1.974 Thread 0x000002ae835bb870 DEOPT UNPACKING pc=0x000002ae8ad8f92e sp=0x000000fa4d1fec40 mode 2
Event: 2.063 Thread 0x000002ae835bb870 Uncommon trap: trap_request=0xffffff45 fr.pc=0x000002ae929282f0 relative=0x0000000000000350
Event: 2.063 Thread 0x000002ae835bb870 Uncommon trap: reason=unstable_if action=reinterpret pc=0x000002ae929282f0 method=bagel.Input.lambda$updateState$2(Lbagel/Keys;Lbagel/ButtonState;)V @ 27 c2
Event: 2.063 Thread 0x000002ae835bb870 DEOPT PACKING pc=0x000002ae929282f0 sp=0x000000fa4d1fedd0
Event: 2.063 Thread 0x000002ae835bb870 DEOPT UNPACKING pc=0x000002ae8ad8f92e sp=0x000000fa4d1fed28 mode 2
Event: 6.699 Thread 0x000002ae835bb870 DEOPT PACKING pc=0x000002ae8b60a9db sp=0x000000fa4d1feee0
Event: 6.699 Thread 0x000002ae835bb870 DEOPT UNPACKING pc=0x000002ae8ad8e77e sp=0x000000fa4d1fe388 mode 0

Classes unloaded (0 events):
No events

Classes redefined (0 events):
No events

Internal exceptions (20 events):
Event: 0.121 Thread 0x000002ae835bb870 Exception <a 'java/lang/NoSuchMethodError'{0x000000062391ba98}: 'int java.lang.invoke.DirectMethodHandle$Holder.invokeSpecial(java.lang.Object, java.lang.Object, java.lang.Object)'> (0x000000062391ba98) 
thrown [t:\workspace\open\src\hotspot\share\interpreter\linkResolver.cpp, line 790]
Event: 0.143 Thread 0x000002ae835bb870 Exception <a 'sun/nio/fs/WindowsException'{0x0000000623976938}> (0x0000000623976938) 
thrown [t:\workspace\open\src\hotspot\share\prims\jni.cpp, line 579]
Event: 0.143 Thread 0x000002ae835bb870 Exception <a 'sun/nio/fs/WindowsException'{0x0000000623976e88}> (0x0000000623976e88) 
thrown [t:\workspace\open\src\hotspot\share\prims\jni.cpp, line 579]
Event: 0.161 Thread 0x000002ae835bb870 Exception <a 'sun/nio/fs/WindowsException'{0x00000006239eb648}> (0x00000006239eb648) 
thrown [t:\workspace\open\src\hotspot\share\prims\jni.cpp, line 579]
Event: 0.161 Thread 0x000002ae835bb870 Exception <a 'sun/nio/fs/WindowsException'{0x00000006239eb9a8}> (0x00000006239eb9a8) 
thrown [t:\workspace\open\src\hotspot\share\prims\jni.cpp, line 579]
Event: 0.169 Thread 0x000002ae835bb870 Exception <a 'java/lang/NoSuchMethodError'{0x0000000623a35a60}: 'int java.lang.invoke.DirectMethodHandle$Holder.invokeStaticInit(java.lang.Object, java.lang.Object, int, long)'> (0x0000000623a35a60) 
thrown [t:\workspace\open\src\hotspot\share\interpreter\linkResolver.cpp, line 790]
Event: 0.169 Thread 0x000002ae835bb870 Exception <a 'java/lang/NoSuchMethodError'{0x0000000623a3b530}: 'java.lang.Object java.lang.invoke.DirectMethodHandle$Holder.newInvokeSpecial(java.lang.Object, java.lang.Object, int)'> (0x0000000623a3b530) 
thrown [t:\workspace\open\src\hotspot\share\interpreter\linkResolver.cpp, line 790]
Event: 0.171 Thread 0x000002ae835bb870 Exception <a 'java/lang/NoSuchMethodError'{0x0000000623a4a938}: 'int java.lang.invoke.DirectMethodHandle$Holder.invokeStaticInit(java.lang.Object, java.lang.Object, long, long)'> (0x0000000623a4a938) 
thrown [t:\workspace\open\src\hotspot\share\interpreter\linkResolver.cpp, line 790]
Event: 0.172 Thread 0x000002ae835bb870 Exception <a 'java/lang/NoSuchMethodError'{0x0000000623a50ce0}: 'java.lang.Object java.lang.invoke.DirectMethodHandle$Holder.newInvokeSpecial(java.lang.Object, java.lang.Object, long)'> (0x0000000623a50ce0) 
thrown [t:\workspace\open\src\hotspot\share\interpreter\linkResolver.cpp, line 790]
Event: 0.172 Thread 0x000002ae835bb870 Exception <a 'java/lang/NoSuchMethodError'{0x0000000623a54e38}: 'java.lang.Object java.lang.invoke.Invokers$Holder.linkToTargetMethod(java.lang.Object, long, java.lang.Object)'> (0x0000000623a54e38) 
thrown [t:\workspace\open\src\hotspot\share\interpreter\linkResolver.cpp, line 790]
Event: 0.173 Thread 0x000002ae835bb870 Exception <a 'java/lang/NoSuchMethodError'{0x0000000623a5c8e0}: 'int java.lang.invoke.DirectMethodHandle$Holder.invokeStaticInit(java.lang.Object, java.lang.Object, java.lang.Object, long)'> (0x0000000623a5c8e0) 
thrown [t:\workspace\open\src\hotspot\share\interpreter\linkResolver.cpp, line 790]
Event: 0.315 Thread 0x000002ae835bb870 Exception <a 'sun/nio/fs/WindowsException'{0x0000000623b0dfa8}> (0x0000000623b0dfa8) 
thrown [t:\workspace\open\src\hotspot\share\prims\jni.cpp, line 579]
Event: 0.315 Thread 0x000002ae835bb870 Exception <a 'sun/nio/fs/WindowsException'{0x0000000623b0e350}> (0x0000000623b0e350) 
thrown [t:\workspace\open\src\hotspot\share\prims\jni.cpp, line 579]
Event: 0.318 Thread 0x000002ae835bb870 Exception <a 'sun/nio/fs/WindowsException'{0x0000000623b1b390}> (0x0000000623b1b390) 
thrown [t:\workspace\open\src\hotspot\share\prims\jni.cpp, line 579]
Event: 0.318 Thread 0x000002ae835bb870 Exception <a 'sun/nio/fs/WindowsException'{0x0000000623b1b670}> (0x0000000623b1b670) 
thrown [t:\workspace\open\src\hotspot\share\prims\jni.cpp, line 579]
Event: 0.562 Thread 0x000002ae835bb870 Exception <a 'sun/nio/fs/WindowsException'{0x00000006235176c8}> (0x00000006235176c8) 
thrown [t:\workspace\open\src\hotspot\share\prims\jni.cpp, line 579]
Event: 0.562 Thread 0x000002ae835bb870 Exception <a 'sun/nio/fs/WindowsException'{0x0000000623517a48}> (0x0000000623517a48) 
thrown [t:\workspace\open\src\hotspot\share\prims\jni.cpp, line 579]
Event: 0.741 Thread 0x000002ae835bb870 Exception <a 'java/lang/NoSuchMethodError'{0x00000006236fdc10}: 'void java.lang.invoke.DirectMethodHandle$Holder.invokeStatic(java.lang.Object, java.lang.Object, java.lang.Object)'> (0x00000006236fdc10) 
thrown [t:\workspace\open\src\hotspot\share\interpreter\linkResolver.cpp, line 790]
Event: 0.743 Thread 0x000002ae835bb870 Exception <a 'java/lang/NoSuchMethodError'{0x000000062370a088}: 'void java.lang.invoke.DirectMethodHandle$Holder.invokeVirtual(java.lang.Object, java.lang.Object)'> (0x000000062370a088) 
thrown [t:\workspace\open\src\hotspot\share\interpreter\linkResolver.cpp, line 790]
Event: 1.663 Thread 0x000002ae835bb870 Exception <a 'java/lang/NoSuchMethodError'{0x00000006230f6550}: 'void java.lang.invoke.DirectMethodHandle$Holder.invokeStatic(java.lang.Object, int, java.lang.Object)'> (0x00000006230f6550) 
thrown [t:\workspace\open\src\hotspot\share\interpreter\linkResolver.cpp, line 790]

Events (20 events):
Event: 1.970 loading class jdk/internal/math/FloatingDecimal$ASCIIToBinaryBuffer done
Event: 1.970 loading class jdk/internal/math/FDBigInteger
Event: 1.970 loading class jdk/internal/math/FDBigInteger done
Event: 2.103 Executing  VM operation: Cleanup
Event: 2.103 Executing  VM operation: Cleanup done
Event: 3.111 Executing  VM operation: Cleanup
Event: 3.111 Executing  VM operation: Cleanup done
Event: 4.124 Executing  VM operation: Cleanup
Event: 4.125 Executing  VM operation: Cleanup done
Event: 5.128 Executing  VM operation: Cleanup
Event: 5.129 Executing  VM operation: Cleanup done
Event: 5.299 Thread 0x000002aeb041e4b0 Thread exited: 0x000002aeb041e4b0
Event: 6.136 Executing  VM operation: Cleanup
Event: 6.136 Executing  VM operation: Cleanup done
Event: 14.588 Executing  VM operation: G1CollectForAllocation
Event: 14.592 Executing  VM operation: G1CollectForAllocation done
Event: 15.863 loading class jdk/internal/misc/Signal$1
Event: 15.864 loading class jdk/internal/misc/Signal$1 done
Event: 15.864 Thread 0x000002aeba8af5b0 Thread added: 0x000002aeba8af5b0
Event: 15.865 Executing  VM operation: Exit


Dynamic libraries:
0x00007ff634130000 - 0x00007ff634140000 	C:\Program Files\Java\jdk-16.0.2\bin\java.exe
0x00007ffcaa1f0000 - 0x00007ffcaa3e5000 	C:\Windows\SYSTEM32\ntdll.dll
0x00007ffca83e0000 - 0x00007ffca849e000 	C:\Windows\System32\KERNEL32.DLL
0x00007ffca7c80000 - 0x00007ffca7f48000 	C:\Windows\System32\KERNELBASE.dll
0x00007ffca7910000 - 0x00007ffca7a10000 	C:\Windows\System32\ucrtbase.dll
0x00007ffc98730000 - 0x00007ffc98749000 	C:\Program Files\Java\jdk-16.0.2\bin\VCRUNTIME140.dll
0x00007ffc986f0000 - 0x00007ffc98708000 	C:\Program Files\Java\jdk-16.0.2\bin\jli.dll
0x00007ffcaa100000 - 0x00007ffcaa1ae000 	C:\Windows\System32\ADVAPI32.dll
0x00007ffca8ac0000 - 0x00007ffca8b5e000 	C:\Windows\System32\msvcrt.dll
0x00007ffca84a0000 - 0x00007ffca853c000 	C:\Windows\System32\sechost.dll
0x00007ffca9f60000 - 0x00007ffcaa085000 	C:\Windows\System32\RPCRT4.dll
0x00007ffca9a50000 - 0x00007ffca9bf0000 	C:\Windows\System32\USER32.dll
0x00007ffca7f50000 - 0x00007ffca7f72000 	C:\Windows\System32\win32u.dll
0x00007ffca8a90000 - 0x00007ffca8aba000 	C:\Windows\System32\GDI32.dll
0x00007ffc7abf0000 - 0x00007ffc7ae8a000 	C:\Windows\WinSxS\amd64_microsoft.windows.common-controls_6595b64144ccf1df_6.0.19041.1110_none_60b5254171f9507e\COMCTL32.dll
0x00007ffca7a10000 - 0x00007ffca7b1b000 	C:\Windows\System32\gdi32full.dll
0x00007ffca81b0000 - 0x00007ffca824d000 	C:\Windows\System32\msvcp_win.dll
0x00007ffc9c940000 - 0x00007ffc9c94a000 	C:\Windows\SYSTEM32\VERSION.dll
0x00007ffca9d50000 - 0x00007ffca9d80000 	C:\Windows\System32\IMM32.DLL
0x00007ffca06e0000 - 0x00007ffca06ec000 	C:\Program Files\Java\jdk-16.0.2\bin\vcruntime140_1.dll
0x00007ffc98650000 - 0x00007ffc986e1000 	C:\Program Files\Java\jdk-16.0.2\bin\msvcp140.dll
0x00007ffc03e30000 - 0x00007ffc049db000 	C:\Program Files\Java\jdk-16.0.2\bin\server\jvm.dll
0x00007ffca8a80000 - 0x00007ffca8a88000 	C:\Windows\System32\PSAPI.DLL
0x00007ffc81a90000 - 0x00007ffc81a99000 	C:\Windows\SYSTEM32\WSOCK32.dll
0x00007ffca2440000 - 0x00007ffca2467000 	C:\Windows\SYSTEM32\WINMM.dll
0x00007ffcaa090000 - 0x00007ffcaa0fb000 	C:\Windows\System32\WS2_32.dll
0x00007ffca61c0000 - 0x00007ffca61d2000 	C:\Windows\SYSTEM32\kernel.appcore.dll
0x00007ffca0690000 - 0x00007ffca069a000 	C:\Program Files\Java\jdk-16.0.2\bin\jimage.dll
0x00007ffca5ef0000 - 0x00007ffca60d4000 	C:\Windows\SYSTEM32\DBGHELP.DLL
0x00007ffca23d0000 - 0x00007ffca23fc000 	C:\Windows\SYSTEM32\dbgcore.DLL
0x00007ffca80d0000 - 0x00007ffca8152000 	C:\Windows\System32\bcryptPrimitives.dll
0x00007ffc9b180000 - 0x00007ffc9b18e000 	C:\Program Files\Java\jdk-16.0.2\bin\instrument.dll
0x00007ffc985d0000 - 0x00007ffc985f5000 	C:\Program Files\Java\jdk-16.0.2\bin\java.dll
0x00007ffca8b60000 - 0x00007ffca92a4000 	C:\Windows\System32\SHELL32.dll
0x00007ffca5550000 - 0x00007ffca5ce4000 	C:\Windows\SYSTEM32\windows.storage.dll
0x00007ffca96f0000 - 0x00007ffca9a44000 	C:\Windows\System32\combase.dll
0x00007ffca7380000 - 0x00007ffca73ac000 	C:\Windows\SYSTEM32\Wldp.dll
0x00007ffca9d80000 - 0x00007ffca9e2d000 	C:\Windows\System32\SHCORE.dll
0x00007ffca9460000 - 0x00007ffca94b5000 	C:\Windows\System32\shlwapi.dll
0x00007ffca7850000 - 0x00007ffca786f000 	C:\Windows\SYSTEM32\profapi.dll
0x00007ffc98510000 - 0x00007ffc98528000 	C:\Program Files\Java\jdk-16.0.2\bin\zip.dll
0x00007ffc98590000 - 0x00007ffc985a9000 	C:\Program Files\Java\jdk-16.0.2\bin\net.dll
0x00007ffc9f960000 - 0x00007ffc9fa6a000 	C:\Windows\SYSTEM32\WINHTTP.dll
0x00007ffca70e0000 - 0x00007ffca714a000 	C:\Windows\system32\mswsock.dll
0x00007ffc98560000 - 0x00007ffc98573000 	C:\Program Files\Java\jdk-16.0.2\bin\nio.dll
0x00007ffc6b2f0000 - 0x00007ffc6b30a000 	C:\Program Files\JetBrains\IntelliJ IDEA Community Edition 2021.3.2\bin\breakgen64.dll
0x00007ffc15590000 - 0x00007ffc15605000 	C:\Users\alanz\AppData\Local\Temp\lwjglalanz\3.3.1-build-7\lwjgl.dll
0x00007ffc5bc40000 - 0x00007ffc5bca1000 	C:\Users\alanz\AppData\Local\Temp\lwjglalanz\3.3.1-build-7\glfw.dll
0x00007ffc51e80000 - 0x00007ffc51ec5000 	C:\Windows\SYSTEM32\dinput8.dll
0x00007ffc404a0000 - 0x00007ffc404b1000 	C:\Windows\SYSTEM32\xinput1_4.dll
0x00007ffca8160000 - 0x00007ffca81ae000 	C:\Windows\System32\cfgmgr32.dll
0x00007ffca76c0000 - 0x00007ffca76ec000 	C:\Windows\SYSTEM32\DEVOBJ.dll
0x00007ffca4e80000 - 0x00007ffca4eaf000 	C:\Windows\SYSTEM32\dwmapi.dll
0x00007ffc7ce10000 - 0x00007ffc7cf62000 	C:\Windows\SYSTEM32\inputhost.dll
0x00007ffca8540000 - 0x00007ffca860d000 	C:\Windows\System32\OLEAUT32.dll
0x00007ffca1e20000 - 0x00007ffca1f12000 	C:\Windows\SYSTEM32\CoreMessaging.dll
0x00007ffca0760000 - 0x00007ffca08b4000 	C:\Windows\SYSTEM32\wintypes.dll
0x00007ffca2700000 - 0x00007ffca27f6000 	C:\Windows\SYSTEM32\PROPSYS.dll
0x00007ffca1740000 - 0x00007ffca1a9e000 	C:\Windows\SYSTEM32\CoreUIComponents.dll
0x00007ffca6740000 - 0x00007ffca6773000 	C:\Windows\SYSTEM32\ntmarta.dll
0x00007ffca2140000 - 0x00007ffca21de000 	C:\Windows\system32\uxtheme.dll
0x00007ffca9550000 - 0x00007ffca9665000 	C:\Windows\System32\MSCTF.dll
0x00007ffc6ff40000 - 0x00007ffc70066000 	C:\Windows\SYSTEM32\opengl32.dll
0x00007ffc6fed0000 - 0x00007ffc6fefc000 	C:\Windows\SYSTEM32\GLU32.dll
0x00007ffca9e50000 - 0x00007ffca9ef9000 	C:\Windows\System32\clbcatq.dll
0x00007ffc00320000 - 0x00007ffc01320000 	C:\Windows\System32\DriverStore\FileRepository\iigd_dch.inf_amd64_463fe92adc82197c\igxelpicd64.dll
0x00007ffca8250000 - 0x00007ffca837a000 	C:\Windows\System32\ole32.dll
0x00007ffca6230000 - 0x00007ffca6323000 	C:\Windows\system32\dxgi.dll
0x00007ffc039c0000 - 0x00007ffc03e24000 	C:\Windows\System32\DriverStore\FileRepository\iigd_dch.inf_amd64_463fe92adc82197c\igdml64.dll
0x00007ffc94370000 - 0x00007ffc9472d000 	C:\Windows\System32\DriverStore\FileRepository\iigd_dch.inf_amd64_463fe92adc82197c\igdgmm64.dll
0x00007ffc8c390000 - 0x00007ffc8f5c8000 	C:\Windows\System32\DriverStore\FileRepository\iigd_dch.inf_amd64_463fe92adc82197c\igc64.dll
0x00007ffca6ea0000 - 0x00007ffca6eeb000 	C:\Windows\SYSTEM32\powrprof.dll
0x00007ffca6d60000 - 0x00007ffca6d72000 	C:\Windows\SYSTEM32\UMPDC.dll
0x00007ffc12d10000 - 0x00007ffc12d6d000 	C:\Users\alanz\AppData\Local\Temp\lwjglalanz\3.3.1-build-7\lwjgl_opengl.dll
0x00007ffc7cf70000 - 0x00007ffc7d069000 	C:\Windows\SYSTEM32\textinputframework.dll
0x00007ffc97fa0000 - 0x00007ffc981ac000 	C:\Windows\system32\sogoutsf.ime
0x00007ffc7ae90000 - 0x00007ffc7ae97000 	C:\Windows\system32\MSIMG32.dll
0x00007ffc43180000 - 0x00007ffc43ab9000 	C:\Windows\system32\SogouPy.ime
0x00007ffc7ab80000 - 0x00007ffc7abe6000 	C:\Windows\SYSTEM32\OLEACC.dll
0x00007ffc40e00000 - 0x00007ffc4106a000 	C:\Program Files (x86)\SogouInput\Components\PicFace\1.1.0.1895\PicFace64.dll
0x00007ffca9bf0000 - 0x00007ffca9ccb000 	C:\Windows\System32\COMDLG32.dll
0x0000000010000000 - 0x0000000010216000 	C:\Program Files (x86)\SogouInput\11.8.0.5496\Resource.dll
0x00007ffc66310000 - 0x00007ffc663bc000 	C:\Windows\SYSTEM32\TextShaping.dll
0x00007ffc12c80000 - 0x00007ffc12d01000 	C:\Users\alanz\AppData\Local\Temp\lwjglalanz\3.3.1-build-7\lwjgl_stb.dll

dbghelp: loaded successfully - version: 4.0.5 - missing functions: none
symbol engine: initialized successfully - sym options: 0x614 - pdb path: .;C:\Program Files\Java\jdk-16.0.2\bin;C:\Windows\SYSTEM32;C:\Windows\WinSxS\amd64_microsoft.windows.common-controls_6595b64144ccf1df_6.0.19041.1110_none_60b5254171f9507e;C:\Program Files\Java\jdk-16.0.2\bin\server;C:\Program Files\JetBrains\IntelliJ IDEA Community Edition 2021.3.2\bin;C:\Users\alanz\AppData\Local\Temp\lwjglalanz\3.3.1-build-7;C:\Windows\System32\DriverStore\FileRepository\iigd_dch.inf_amd64_463fe92adc82197c;C:\Program Files (x86)\SogouInput\Components\PicFace\1.1.0.1895;C:\Program Files (x86)\SogouInput\11.8.0.5496

VM Arguments:
jvm_args: -javaagent:C:\Program Files\JetBrains\IntelliJ IDEA Community Edition 2021.3.2\lib\idea_rt.jar=4593:C:\Program Files\JetBrains\IntelliJ IDEA Community Edition 2021.3.2\bin -Dfile.encoding=UTF-8 
java_command: ganFanRen
java_class_path (initial): C:\Users\alanz\IdeaProjects\ganFanRen\ganFanRen\target\classes;C:\Users\alanz\.m2\repository\org\lwjgl\lwjgl\3.3.1\lwjgl-3.3.1.jar;C:\Users\alanz\.m2\repository\org\lwjgl\lwjgl-assimp\3.3.1\lwjgl-assimp-3.3.1.jar;C:\Users\alanz\.m2\repository\org\lwjgl\lwjgl-glfw\3.3.1\lwjgl-glfw-3.3.1.jar;C:\Users\alanz\.m2\repository\org\lwjgl\lwjgl-openal\3.3.1\lwjgl-openal-3.3.1.jar;C:\Users\alanz\.m2\repository\org\lwjgl\lwjgl-opengl\3.3.1\lwjgl-opengl-3.3.1.jar;C:\Users\alanz\.m2\repository\org\lwjgl\lwjgl-stb\3.3.1\lwjgl-stb-3.3.1.jar;C:\Users\alanz\.m2\repository\org\lwjgl\lwjgl\3.3.1\lwjgl-3.3.1-natives-windows.jar;C:\Users\alanz\.m2\repository\org\lwjgl\lwjgl-assimp\3.3.1\lwjgl-assimp-3.3.1-natives-windows.jar;C:\Users\alanz\.m2\repository\org\lwjgl\lwjgl-glfw\3.3.1\lwjgl-glfw-3.3.1-natives-windows.jar;C:\Users\alanz\.m2\repository\org\lwjgl\lwjgl-openal\3.3.1\lwjgl-openal-3.3.1-natives-windows.jar;C:\Users\alanz\.m2\repository\org\lwjgl\lwjgl-opengl\3.3.1\lwjgl-opengl-3.3.1-natives-windows.jar;C:\Users\alanz\.m2\repository\org\lwjgl\lwjgl-stb\3.3.1\lwjgl-stb-3.3.1-natives-windows.jar;C:\Users\alanz\.m2\repository\io\github\eleanor-em\bagel\1.9.3\bagel-1.9.3.jar
Launcher Type: SUN_STANDARD

[Global flags]
     intx CICompilerCount                          = 12                                        {product} {ergonomic}
     uint ConcGCThreads                            = 3                                         {product} {ergonomic}
     uint G1ConcRefinementThreads                  = 13                                        {product} {ergonomic}
   size_t G1HeapRegionSize                         = 4194304                                   {product} {ergonomic}
    uintx GCDrainStackTargetSize                   = 64                                        {product} {ergonomic}
   size_t InitialHeapSize                          = 532676608                                 {product} {ergonomic}
   size_t MarkStackSize                            = 4194304                                   {product} {ergonomic}
   size_t MaxHeapSize                              = 8518631424                                {product} {ergonomic}
   size_t MaxNewSize                               = 5108662272                                {product} {ergonomic}
   size_t MinHeapDeltaBytes                        = 4194304                                   {product} {ergonomic}
   size_t MinHeapSize                              = 8388608                                   {product} {ergonomic}
    uintx NonNMethodCodeHeapSize                   = 7602480                                {pd product} {ergonomic}
    uintx NonProfiledCodeHeapSize                  = 122027880                              {pd product} {ergonomic}
    uintx ProfiledCodeHeapSize                     = 122027880                              {pd product} {ergonomic}
    uintx ReservedCodeCacheSize                    = 251658240                              {pd product} {ergonomic}
     bool SegmentedCodeCache                       = true                                      {product} {ergonomic}
   size_t SoftMaxHeapSize                          = 8518631424                             {manageable} {ergonomic}
     bool UseCompressedClassPointers               = true                           {product lp64_product} {ergonomic}
     bool UseCompressedOops                        = true                           {product lp64_product} {ergonomic}
     bool UseG1GC                                  = true                                      {product} {ergonomic}
     bool UseLargePagesIndividualAllocation        = false                                  {pd product} {ergonomic}

Logging:
Log output configuration:
 #0: stdout all=off uptime,level,tags
 #1: stderr all=off uptime,level,tags

Environment Variables:
PATH=C:\Program Files\Common Files\Oracle\Java\javapath;C:\Program Files (x86)\Common Files\Oracle\Java\javapath;C:\Windows\system32;C:\Windows;C:\Windows\System32\Wbem;C:\Windows\System32\WindowsPowerShell\v1.0\;C:\Windows\System32\OpenSSH\;C:\Program Files (x86)\NVIDIA Corporation\PhysX\Common;C:\Program Files\NVIDIA Corporation\NVIDIA NvDLISR;C:\Program Files\MATLAB\R2021a\bin;C:\MinGW\bin;C:\Program Files\Microsoft SQL Server\Client SDK\ODBC\110\Tools\Binn\;C:\Program Files (x86)\Microsoft SQL Server\120\Tools\Binn\;C:\Program Files\Microsoft SQL Server\120\Tools\Binn\;C:\Program Files\Microsoft SQL Server\120\DTS\Binn\;C:\Program Files (x86)\Windows Kits\8.1\Windows Performance Toolkit\;C:\MinGW\bin;C:\Program Files\jEdit;C:\Program Files\Git\cmd;C:\Program Files\dotnet\;C:\Users\alanz\AppData\Local\Microsoft\WindowsApps;C:\Users\alanz\AppData\Local\Programs\Microsoft VS Code\bin;C:\Users\alanz\AppData\Local\GitHubDesktop\bin
USERNAME=alanz
OS=Windows_NT
PROCESSOR_IDENTIFIER=Intel64 Family 6 Model 141 Stepping 1, GenuineIntel



---------------  S Y S T E M  ---------------

OS:
 Windows 10 , 64 bit Build 19041 (10.0.19041.1645)
OS uptime: 1 days 4:02 hours

CPU: total 16 (initial active 16) (8 cores per cpu, 2 threads per core) family 6 model 141 stepping 1 microcode 0x3e, cx8, cmov, fxsr, ht, mmx, 3dnowpref, sse, sse2, sse3, ssse3, sse4.1, sse4.2, popcnt, lzcnt, tsc, tscinvbit, avx, avx2, aes, erms, clmul, bmi1, bmi2, adx, avx512f, avx512dq, avx512cd, avx512bw, avx512vl, sha, fma, vzeroupper, avx512_vpopcntdq, avx512_vpclmulqdq, avx512_vaes, avx512_vnni, clflush, clflushopt, clwb, avx512_vmbi2, avx512_vmbi

Memory: 4k page, system-wide physical 32487M (14554M free)
TotalPageFile size 37351M (AvailPageFile size 10377M)
current process WorkingSet (physical memory assigned to process): 245M, peak: 298M
current process commit charge ("private bytes"): 746M, peak: 775M

vm_info: Java HotSpot(TM) 64-Bit Server VM (16.0.2+7-67) for windows-amd64 JRE (16.0.2+7-67), built on Jun  8 2021 23:24:19 by "mach5one" with MS VC++ 16.7 (VS2019)

END.
