#
# A fatal error has been detected by the Java Runtime Environment:
#
#  EXCEPTION_ACCESS_VIOLATION (0xc0000005) at pc=0x00007ffc04c92c4c, pid=40320, tid=30256
#
# JRE version: Java(TM) SE Runtime Environment (16.0.2+7) (build 16.0.2+7-67)
# Java VM: Java HotSpot(TM) 64-Bit Server VM (16.0.2+7-67, mixed mode, sharing, tiered, compressed oops, compressed class ptrs, g1 gc, windows-amd64)
# Problematic frame:
# C  [igxelpicd64.dll+0x282c4c]
#
# No core dump will be written. Minidumps are not enabled by default on client versions of Windows
#
# If you would like to submit a bug report, please visit:
#   https://bugreport.java.com/bugreport/crash.jsp
#

---------------  S U M M A R Y ------------

Command Line: -javaagent:C:\Program Files\JetBrains\IntelliJ IDEA Community Edition 2021.3.2\lib\idea_rt.jar=3268:C:\Program Files\JetBrains\IntelliJ IDEA Community Edition 2021.3.2\bin -Dfile.encoding=UTF-8 Foodie

Host: 11th Gen Intel(R) Core(TM) i7-11800H @ 2.30GHz, 16 cores, 31G,  Windows 10 , 64 bit Build 19041 (10.0.19041.1645)
Time: Sat Apr 23 14:06:59 2022  Windows 10 , 64 bit Build 19041 (10.0.19041.1645) elapsed time: 19.187322 seconds (0d 0h 0m 19s)

---------------  T H R E A D  ---------------

Current thread (0x000002c448e55c10):  VMThread "VM Thread" [stack: 0x000000f3d0c00000,0x000000f3d0d00000] [id=30256]

Stack: [0x000000f3d0c00000,0x000000f3d0d00000],  sp=0x000000f3d0cfe480,  free space=1017k
Native frames: (J=compiled Java code, j=interpreted, Vv=VM code, C=native code)
C  [igxelpicd64.dll+0x282c4c]


siginfo: EXCEPTION_ACCESS_VIOLATION (0xc0000005), reading address 0x00000000000356f8


Register to memory mapping:

RIP=0x00007ffc04c92c4c igxelpicd64.dll
RAX=0x000002c44a1cac68 points into unknown readable memory: 0x0000000000074c8f | 8f 4c 07 00 00 00 00 00
RBX=0x000002c449c7ab30 points into unknown readable memory: 0xffffffffffffffff | ff ff ff ff ff ff ff ff
RCX=0x0 is NULL
RDX=0x0000000000000001 is an unknown value
RSP=0x000000f3d0cfe480 points into unknown readable memory: 0x000002c449c7ab30 | 30 ab c7 49 c4 02 00 00
RBP=0x0000000000000016 is an unknown value
RSI=0x000002c449c2bc10 points into unknown readable memory: 0x00007ffcaa042f00 | 00 2f 04 aa fc 7f 00 00
RDI=0x0 is NULL
R8 =0x0000000000000014 is an unknown value
R9 =0x0 is NULL
R10=0x0 is NULL
R11=0x0000000000000246 is an unknown value
R12=0x000002c44a1cb0e8 points into unknown readable memory: 0x000002c44a19ba70 | 70 ba 19 4a c4 02 00 00
R13=0x0 is NULL
R14=0x000002c44a1cab20 points into unknown readable memory: 0x000002c449cf2890 | 90 28 cf 49 c4 02 00 00
R15=0x0 is NULL


Registers:
RAX=0x000002c44a1cac68, RBX=0x000002c449c7ab30, RCX=0x0000000000000000, RDX=0x0000000000000001
RSP=0x000000f3d0cfe480, RBP=0x0000000000000016, RSI=0x000002c449c2bc10, RDI=0x0000000000000000
R8 =0x0000000000000014, R9 =0x0000000000000000, R10=0x0000000000000000, R11=0x0000000000000246
R12=0x000002c44a1cb0e8, R13=0x0000000000000000, R14=0x000002c44a1cab20, R15=0x0000000000000000
RIP=0x00007ffc04c92c4c, EFLAGS=0x0000000000010202

Top of Stack: (sp=0x000000f3d0cfe480)
0x000000f3d0cfe480:   000002c449c7ab30 0000000000000000
0x000000f3d0cfe490:   0000000000000000 0000000000000000
0x000000f3d0cfe4a0:   0000000000000000 000002c449c7ab30
0x000000f3d0cfe4b0:   0000000000000000 0000000000000000
0x000000f3d0cfe4c0:   000000007a000004 000000f3d0cfe8aa
0x000000f3d0cfe4d0:   0000000000000000 000002c44a1263f8
0x000000f3d0cfe4e0:   00000000000754a9 0000000000000000
0x000000f3d0cfe4f0:   000000000000000d 0000000000000000
0x000000f3d0cfe500:   0000000000000000 000000f3d0cfe620
0x000000f3d0cfe510:   000002c449c2bc10 00007ffc04ac769c
0x000000f3d0cfe520:   000002c400000016 000002c44a19ba70
0x000000f3d0cfe530:   0000000000000000 000000007a000000
0x000000f3d0cfe540:   000000f3000006f4 0000b80216da0000
0x000000f3d0cfe550:   0000000000000000 000000f3d0cfe568
0x000000f3d0cfe560:   0000000000000000 000000007a000004
0x000000f3d0cfe570:   00007ffc43180000 0000000000000000 

Instructions: (pc=0x00007ffc04c92c4c)
0x00007ffc04c92b4c:   41 bf 20 00 00 00 48 8b 04 38 4d 8b 3c 07 0f b6
0x00007ffc04c92b5c:   bc 24 b0 00 00 00 4c 3b 3d d7 f8 cb 00 41 0f 44
0x00007ffc04c92b6c:   e9 89 ac 24 a0 00 00 00 48 85 c9 0f 84 d4 07 00
0x00007ffc04c92b7c:   00 0f 1f 00 4c 8b f1 4c 8d a1 c8 05 00 00 49 8b
0x00007ffc04c92b8c:   04 24 48 89 84 24 a8 00 00 00 40 84 ff 74 10 48
0x00007ffc04c92b9c:   8b d1 48 8b 09 e8 ea 8d e3 ff e9 4f 07 00 00 8b
0x00007ffc04c92bac:   96 d0 01 00 00 48 8b 05 58 dd bb 00 83 b8 64 03
0x00007ffc04c92bbc:   00 00 02 0f 85 19 02 00 00 83 fa 10 73 0e 48 8d
0x00007ffc04c92bcc:   42 04 48 8d 04 c2 48 8d 04 c1 eb 60 8d 4a f0 8b
0x00007ffc04c92bdc:   c1 c1 e8 04 83 f8 03 73 1d 0f ae e8 83 e1 0f 4d
0x00007ffc04c92bec:   8b 84 c6 80 05 00 00 4d 85 c0 74 25 48 8d 0c c9
0x00007ffc04c92bfc:   49 8d 04 c8 eb 36 49 8b 86 98 05 00 00 48 85 c0
0x00007ffc04c92c0c:   74 0f 66 90 39 10 74 2f 48 8b 40 50 48 85 c0 75
0x00007ffc04c92c1c:   f3 41 80 be a0 05 00 00 00 74 22 8b c2 83 e0 0f
0x00007ffc04c92c2c:   48 8d 04 c0 48 8d 40 20 49 8d 04 c6 48 85 c0 74
0x00007ffc04c92c3c:   0c 48 8b 48 08 eb 09 48 83 c0 08 eb ef 49 8b c9
0x00007ffc04c92c4c:   49 3b 8f f8 56 03 00 0f 86 85 01 00 00 83 fa 10
0x00007ffc04c92c5c:   73 0a 48 8d 42 04 48 8d 04 c2 eb 5c 8d 4a f0 8b
0x00007ffc04c92c6c:   c1 c1 e8 04 83 f8 03 73 1d 0f ae e8 83 e1 0f 4d
0x00007ffc04c92c7c:   8b 84 c6 80 05 00 00 4d 85 c0 74 25 48 8d 0c c9
0x00007ffc04c92c8c:   49 8d 04 c8 eb 36 49 8b 86 98 05 00 00 48 85 c0
0x00007ffc04c92c9c:   74 0f 66 90 39 10 74 2f 48 8b 40 50 48 85 c0 75
0x00007ffc04c92cac:   f3 41 80 be a0 05 00 00 00 74 22 8b c2 83 e0 0f
0x00007ffc04c92cbc:   48 8d 04 c0 48 8d 40 20 49 8d 04 c6 48 85 c0 74
0x00007ffc04c92ccc:   0c 48 8b 48 08 eb 09 48 83 c0 08 eb ef 49 8b c9
0x00007ffc04c92cdc:   49 3b 8e 40 06 00 00 0f 86 f5 00 00 00 48 8b 86
0x00007ffc04c92cec:   80 02 00 00 49 89 04 24 4c 89 b6 80 02 00 00 ff
0x00007ffc04c92cfc:   86 88 02 00 00 ba 01 00 00 00 49 8b 4e 08 e8 41
0x00007ffc04c92d0c:   28 59 00 0f b7 c8 48 2b c1 48 05 00 00 01 00 48
0x00007ffc04c92d1c:   01 86 90 02 00 00 ba 01 00 00 00 49 8b 4e 08 e8
0x00007ffc04c92d2c:   20 28 59 00 48 01 86 a0 02 00 00 85 ed 74 75 49
0x00007ffc04c92d3c:   8b 9f 58 4f 03 00 0f 57 c0 f3 0f 7f 44 24 30 c7 


Stack slot to memory mapping:
stack at sp + 0 slots: 0x000002c449c7ab30 points into unknown readable memory: 0xffffffffffffffff | ff ff ff ff ff ff ff ff
stack at sp + 1 slots: 0x0 is NULL
stack at sp + 2 slots: 0x0 is NULL
stack at sp + 3 slots: 0x0 is NULL
stack at sp + 4 slots: 0x0 is NULL
stack at sp + 5 slots: 0x000002c449c7ab30 points into unknown readable memory: 0xffffffffffffffff | ff ff ff ff ff ff ff ff
stack at sp + 6 slots: 0x0 is NULL
stack at sp + 7 slots: 0x0 is NULL

VM_Operation (0x000000f3d17feab0): Exit, mode: safepoint, requested by thread 0x000002c4533c3db0


---------------  P R O C E S S  ---------------

Threads class SMR info:
_java_thread_list=0x000002c453e65300, length=14, elements={
0x000002c41c11ade0, 0x000002c448e58600, 0x000002c448e59720, 0x000002c448e6d710,
0x000002c448e6e120, 0x000002c448e6ea30, 0x000002c4498064a0, 0x000002c4498091a0,
0x000002c44981c090, 0x000002c44981c9e0, 0x000002c448e3bba0, 0x000002c449a718e0,
0x000002c449a71e00, 0x000002c4533c3db0
}

Java Threads: ( => current thread )
  0x000002c41c11ade0 JavaThread "main" [_thread_blocked, id=36664, stack(0x000000f3d0600000,0x000000f3d0700000)]
  0x000002c448e58600 JavaThread "Reference Handler" daemon [_thread_blocked, id=34184, stack(0x000000f3d0d00000,0x000000f3d0e00000)]
  0x000002c448e59720 JavaThread "Finalizer" daemon [_thread_blocked, id=29728, stack(0x000000f3d0e00000,0x000000f3d0f00000)]
  0x000002c448e6d710 JavaThread "Signal Dispatcher" daemon [_thread_blocked, id=17724, stack(0x000000f3d0f00000,0x000000f3d1000000)]
  0x000002c448e6e120 JavaThread "Attach Listener" daemon [_thread_blocked, id=32744, stack(0x000000f3d1000000,0x000000f3d1100000)]
  0x000002c448e6ea30 JavaThread "Service Thread" daemon [_thread_blocked, id=30756, stack(0x000000f3d1100000,0x000000f3d1200000)]
  0x000002c4498064a0 JavaThread "Monitor Deflation Thread" daemon [_thread_blocked, id=1540, stack(0x000000f3d1200000,0x000000f3d1300000)]
  0x000002c4498091a0 JavaThread "C2 CompilerThread0" daemon [_thread_blocked, id=40056, stack(0x000000f3d1300000,0x000000f3d1400000)]
  0x000002c44981c090 JavaThread "C1 CompilerThread0" daemon [_thread_blocked, id=5184, stack(0x000000f3d1400000,0x000000f3d1500000)]
  0x000002c44981c9e0 JavaThread "Sweeper thread" daemon [_thread_blocked, id=35128, stack(0x000000f3d1500000,0x000000f3d1600000)]
  0x000002c448e3bba0 JavaThread "Common-Cleaner" daemon [_thread_blocked, id=38288, stack(0x000000f3d1600000,0x000000f3d1700000)]
  0x000002c449a718e0 JavaThread "Monitor Ctrl-Break" daemon [_thread_in_native, id=13088, stack(0x000000f3d1a00000,0x000000f3d1b00000)]
  0x000002c449a71e00 JavaThread "Notification Thread" daemon [_thread_blocked, id=38588, stack(0x000000f3d1b00000,0x000000f3d1c00000)]
  0x000002c4533c3db0 JavaThread "SIGINT handler" daemon [_thread_blocked, id=27612, stack(0x000000f3d1700000,0x000000f3d1800000)]

Other Threads:
=>0x000002c448e55c10 VMThread "VM Thread" [stack: 0x000000f3d0c00000,0x000000f3d0d00000] [id=30256]
  0x000002c41c192160 GCTaskThread "GC Thread#0" [stack: 0x000000f3d0700000,0x000000f3d0800000] [id=37272]
  0x000002c41c1a3f90 ConcurrentGCThread "G1 Main Marker" terminated
  0x000002c41c1a6d30 ConcurrentGCThread "G1 Conc#0" [stack: 0x000000f3d0900000,0x000000f3d0a00000] [id=37132]
  0x000002c448d08110 ConcurrentGCThread "G1 Refine#0" terminated
  0x000002c448d089a0 ConcurrentGCThread "G1 Service" terminated

Threads with active compile tasks:

VM state: at safepoint (shutting down)

VM Mutex/Monitor currently owned by a thread:  ([mutex/lock_event])
[0x000002c41c117170] Threads_lock - owner thread: 0x000002c448e55c10
[0x000002c41c118b50] Heap_lock - owner thread: 0x000002c4533c3db0

Heap address: 0x0000000604400000, size: 8124 MB, Compressed Oops mode: Zero based, Oop shift amount: 3

CDS archive(s) mapped at: [0x0000000800000000-0x0000000800bb0000-0x0000000800bb0000), size 12255232, SharedBaseAddress: 0x0000000800000000, ArchiveRelocationMode: 0.
Compressed class space mapped at: 0x0000000800c00000-0x0000000840c00000, reserved size: 1073741824
Narrow klass base: 0x0000000800000000, Narrow klass shift: 3, Narrow klass range: 0x100000000

GC Precious Log:
 CPUs: 16 total, 16 available
 Memory: 32487M
 Large Page Support: Disabled
 NUMA Support: Disabled
 Compressed Oops: Enabled (Zero based)
 Heap Region Size: 4M
 Heap Min Capacity: 8M
 Heap Initial Capacity: 508M
 Heap Max Capacity: 8124M
 Pre-touch: Disabled
 Parallel Workers: 13
 Concurrent Workers: 3
 Concurrent Refinement Workers: 13
 Periodic GC: Disabled

Heap:
 garbage-first heap   total 520192K, used 16384K [0x0000000604400000, 0x0000000800000000)
  region size 4096K, 6 young (24576K), 0 survivors (0K)
 Metaspace       used 4882K, committed 5120K, reserved 1056768K
  class space    used 282K, committed 384K, reserved 1048576K

Heap Regions: E=young(eden), S=young(survivor), O=old, HS=humongous(starts), HC=humongous(continues), CS=collection set, F=free, OA=open archive, CA=closed archive, TAMS=top-at-mark-start (previous, next)
|   0|0x0000000604400000, 0x0000000604400000, 0x0000000604800000|  0%| F|  |TAMS 0x0000000604400000, 0x0000000604400000| Untracked 
|   1|0x0000000604800000, 0x0000000604800000, 0x0000000604c00000|  0%| F|  |TAMS 0x0000000604800000, 0x0000000604800000| Untracked 
|   2|0x0000000604c00000, 0x0000000604c00000, 0x0000000605000000|  0%| F|  |TAMS 0x0000000604c00000, 0x0000000604c00000| Untracked 
|   3|0x0000000605000000, 0x0000000605000000, 0x0000000605400000|  0%| F|  |TAMS 0x0000000605000000, 0x0000000605000000| Untracked 
|   4|0x0000000605400000, 0x0000000605400000, 0x0000000605800000|  0%| F|  |TAMS 0x0000000605400000, 0x0000000605400000| Untracked 
|   5|0x0000000605800000, 0x0000000605800000, 0x0000000605c00000|  0%| F|  |TAMS 0x0000000605800000, 0x0000000605800000| Untracked 
|   6|0x0000000605c00000, 0x0000000605c00000, 0x0000000606000000|  0%| F|  |TAMS 0x0000000605c00000, 0x0000000605c00000| Untracked 
|   7|0x0000000606000000, 0x0000000606000000, 0x0000000606400000|  0%| F|  |TAMS 0x0000000606000000, 0x0000000606000000| Untracked 
|   8|0x0000000606400000, 0x0000000606400000, 0x0000000606800000|  0%| F|  |TAMS 0x0000000606400000, 0x0000000606400000| Untracked 
|   9|0x0000000606800000, 0x0000000606800000, 0x0000000606c00000|  0%| F|  |TAMS 0x0000000606800000, 0x0000000606800000| Untracked 
|  10|0x0000000606c00000, 0x0000000606c00000, 0x0000000607000000|  0%| F|  |TAMS 0x0000000606c00000, 0x0000000606c00000| Untracked 
|  11|0x0000000607000000, 0x0000000607000000, 0x0000000607400000|  0%| F|  |TAMS 0x0000000607000000, 0x0000000607000000| Untracked 
|  12|0x0000000607400000, 0x0000000607400000, 0x0000000607800000|  0%| F|  |TAMS 0x0000000607400000, 0x0000000607400000| Untracked 
|  13|0x0000000607800000, 0x0000000607800000, 0x0000000607c00000|  0%| F|  |TAMS 0x0000000607800000, 0x0000000607800000| Untracked 
|  14|0x0000000607c00000, 0x0000000607c00000, 0x0000000608000000|  0%| F|  |TAMS 0x0000000607c00000, 0x0000000607c00000| Untracked 
|  15|0x0000000608000000, 0x0000000608000000, 0x0000000608400000|  0%| F|  |TAMS 0x0000000608000000, 0x0000000608000000| Untracked 
|  16|0x0000000608400000, 0x0000000608400000, 0x0000000608800000|  0%| F|  |TAMS 0x0000000608400000, 0x0000000608400000| Untracked 
|  17|0x0000000608800000, 0x0000000608800000, 0x0000000608c00000|  0%| F|  |TAMS 0x0000000608800000, 0x0000000608800000| Untracked 
|  18|0x0000000608c00000, 0x0000000608c00000, 0x0000000609000000|  0%| F|  |TAMS 0x0000000608c00000, 0x0000000608c00000| Untracked 
|  19|0x0000000609000000, 0x0000000609000000, 0x0000000609400000|  0%| F|  |TAMS 0x0000000609000000, 0x0000000609000000| Untracked 
|  20|0x0000000609400000, 0x0000000609400000, 0x0000000609800000|  0%| F|  |TAMS 0x0000000609400000, 0x0000000609400000| Untracked 
|  21|0x0000000609800000, 0x0000000609800000, 0x0000000609c00000|  0%| F|  |TAMS 0x0000000609800000, 0x0000000609800000| Untracked 
|  22|0x0000000609c00000, 0x0000000609c00000, 0x000000060a000000|  0%| F|  |TAMS 0x0000000609c00000, 0x0000000609c00000| Untracked 
|  23|0x000000060a000000, 0x000000060a000000, 0x000000060a400000|  0%| F|  |TAMS 0x000000060a000000, 0x000000060a000000| Untracked 
|  24|0x000000060a400000, 0x000000060a400000, 0x000000060a800000|  0%| F|  |TAMS 0x000000060a400000, 0x000000060a400000| Untracked 
|  25|0x000000060a800000, 0x000000060a800000, 0x000000060ac00000|  0%| F|  |TAMS 0x000000060a800000, 0x000000060a800000| Untracked 
|  26|0x000000060ac00000, 0x000000060ac00000, 0x000000060b000000|  0%| F|  |TAMS 0x000000060ac00000, 0x000000060ac00000| Untracked 
|  27|0x000000060b000000, 0x000000060b000000, 0x000000060b400000|  0%| F|  |TAMS 0x000000060b000000, 0x000000060b000000| Untracked 
|  28|0x000000060b400000, 0x000000060b400000, 0x000000060b800000|  0%| F|  |TAMS 0x000000060b400000, 0x000000060b400000| Untracked 
|  29|0x000000060b800000, 0x000000060b800000, 0x000000060bc00000|  0%| F|  |TAMS 0x000000060b800000, 0x000000060b800000| Untracked 
|  30|0x000000060bc00000, 0x000000060bc00000, 0x000000060c000000|  0%| F|  |TAMS 0x000000060bc00000, 0x000000060bc00000| Untracked 
|  31|0x000000060c000000, 0x000000060c000000, 0x000000060c400000|  0%| F|  |TAMS 0x000000060c000000, 0x000000060c000000| Untracked 
|  32|0x000000060c400000, 0x000000060c400000, 0x000000060c800000|  0%| F|  |TAMS 0x000000060c400000, 0x000000060c400000| Untracked 
|  33|0x000000060c800000, 0x000000060c800000, 0x000000060cc00000|  0%| F|  |TAMS 0x000000060c800000, 0x000000060c800000| Untracked 
|  34|0x000000060cc00000, 0x000000060cc00000, 0x000000060d000000|  0%| F|  |TAMS 0x000000060cc00000, 0x000000060cc00000| Untracked 
|  35|0x000000060d000000, 0x000000060d000000, 0x000000060d400000|  0%| F|  |TAMS 0x000000060d000000, 0x000000060d000000| Untracked 
|  36|0x000000060d400000, 0x000000060d400000, 0x000000060d800000|  0%| F|  |TAMS 0x000000060d400000, 0x000000060d400000| Untracked 
|  37|0x000000060d800000, 0x000000060d800000, 0x000000060dc00000|  0%| F|  |TAMS 0x000000060d800000, 0x000000060d800000| Untracked 
|  38|0x000000060dc00000, 0x000000060dc00000, 0x000000060e000000|  0%| F|  |TAMS 0x000000060dc00000, 0x000000060dc00000| Untracked 
|  39|0x000000060e000000, 0x000000060e000000, 0x000000060e400000|  0%| F|  |TAMS 0x000000060e000000, 0x000000060e000000| Untracked 
|  40|0x000000060e400000, 0x000000060e400000, 0x000000060e800000|  0%| F|  |TAMS 0x000000060e400000, 0x000000060e400000| Untracked 
|  41|0x000000060e800000, 0x000000060e800000, 0x000000060ec00000|  0%| F|  |TAMS 0x000000060e800000, 0x000000060e800000| Untracked 
|  42|0x000000060ec00000, 0x000000060ec00000, 0x000000060f000000|  0%| F|  |TAMS 0x000000060ec00000, 0x000000060ec00000| Untracked 
|  43|0x000000060f000000, 0x000000060f000000, 0x000000060f400000|  0%| F|  |TAMS 0x000000060f000000, 0x000000060f000000| Untracked 
|  44|0x000000060f400000, 0x000000060f400000, 0x000000060f800000|  0%| F|  |TAMS 0x000000060f400000, 0x000000060f400000| Untracked 
|  45|0x000000060f800000, 0x000000060f800000, 0x000000060fc00000|  0%| F|  |TAMS 0x000000060f800000, 0x000000060f800000| Untracked 
|  46|0x000000060fc00000, 0x000000060fc00000, 0x0000000610000000|  0%| F|  |TAMS 0x000000060fc00000, 0x000000060fc00000| Untracked 
|  47|0x0000000610000000, 0x0000000610000000, 0x0000000610400000|  0%| F|  |TAMS 0x0000000610000000, 0x0000000610000000| Untracked 
|  48|0x0000000610400000, 0x0000000610400000, 0x0000000610800000|  0%| F|  |TAMS 0x0000000610400000, 0x0000000610400000| Untracked 
|  49|0x0000000610800000, 0x0000000610800000, 0x0000000610c00000|  0%| F|  |TAMS 0x0000000610800000, 0x0000000610800000| Untracked 
|  50|0x0000000610c00000, 0x0000000610c00000, 0x0000000611000000|  0%| F|  |TAMS 0x0000000610c00000, 0x0000000610c00000| Untracked 
|  51|0x0000000611000000, 0x0000000611000000, 0x0000000611400000|  0%| F|  |TAMS 0x0000000611000000, 0x0000000611000000| Untracked 
|  52|0x0000000611400000, 0x0000000611400000, 0x0000000611800000|  0%| F|  |TAMS 0x0000000611400000, 0x0000000611400000| Untracked 
|  53|0x0000000611800000, 0x0000000611800000, 0x0000000611c00000|  0%| F|  |TAMS 0x0000000611800000, 0x0000000611800000| Untracked 
|  54|0x0000000611c00000, 0x0000000611c00000, 0x0000000612000000|  0%| F|  |TAMS 0x0000000611c00000, 0x0000000611c00000| Untracked 
|  55|0x0000000612000000, 0x0000000612000000, 0x0000000612400000|  0%| F|  |TAMS 0x0000000612000000, 0x0000000612000000| Untracked 
|  56|0x0000000612400000, 0x0000000612400000, 0x0000000612800000|  0%| F|  |TAMS 0x0000000612400000, 0x0000000612400000| Untracked 
|  57|0x0000000612800000, 0x0000000612800000, 0x0000000612c00000|  0%| F|  |TAMS 0x0000000612800000, 0x0000000612800000| Untracked 
|  58|0x0000000612c00000, 0x0000000612c00000, 0x0000000613000000|  0%| F|  |TAMS 0x0000000612c00000, 0x0000000612c00000| Untracked 
|  59|0x0000000613000000, 0x0000000613000000, 0x0000000613400000|  0%| F|  |TAMS 0x0000000613000000, 0x0000000613000000| Untracked 
|  60|0x0000000613400000, 0x0000000613400000, 0x0000000613800000|  0%| F|  |TAMS 0x0000000613400000, 0x0000000613400000| Untracked 
|  61|0x0000000613800000, 0x0000000613800000, 0x0000000613c00000|  0%| F|  |TAMS 0x0000000613800000, 0x0000000613800000| Untracked 
|  62|0x0000000613c00000, 0x0000000613c00000, 0x0000000614000000|  0%| F|  |TAMS 0x0000000613c00000, 0x0000000613c00000| Untracked 
|  63|0x0000000614000000, 0x0000000614000000, 0x0000000614400000|  0%| F|  |TAMS 0x0000000614000000, 0x0000000614000000| Untracked 
|  64|0x0000000614400000, 0x0000000614400000, 0x0000000614800000|  0%| F|  |TAMS 0x0000000614400000, 0x0000000614400000| Untracked 
|  65|0x0000000614800000, 0x0000000614800000, 0x0000000614c00000|  0%| F|  |TAMS 0x0000000614800000, 0x0000000614800000| Untracked 
|  66|0x0000000614c00000, 0x0000000614c00000, 0x0000000615000000|  0%| F|  |TAMS 0x0000000614c00000, 0x0000000614c00000| Untracked 
|  67|0x0000000615000000, 0x0000000615000000, 0x0000000615400000|  0%| F|  |TAMS 0x0000000615000000, 0x0000000615000000| Untracked 
|  68|0x0000000615400000, 0x0000000615400000, 0x0000000615800000|  0%| F|  |TAMS 0x0000000615400000, 0x0000000615400000| Untracked 
|  69|0x0000000615800000, 0x0000000615800000, 0x0000000615c00000|  0%| F|  |TAMS 0x0000000615800000, 0x0000000615800000| Untracked 
|  70|0x0000000615c00000, 0x0000000615c00000, 0x0000000616000000|  0%| F|  |TAMS 0x0000000615c00000, 0x0000000615c00000| Untracked 
|  71|0x0000000616000000, 0x0000000616000000, 0x0000000616400000|  0%| F|  |TAMS 0x0000000616000000, 0x0000000616000000| Untracked 
|  72|0x0000000616400000, 0x0000000616400000, 0x0000000616800000|  0%| F|  |TAMS 0x0000000616400000, 0x0000000616400000| Untracked 
|  73|0x0000000616800000, 0x0000000616800000, 0x0000000616c00000|  0%| F|  |TAMS 0x0000000616800000, 0x0000000616800000| Untracked 
|  74|0x0000000616c00000, 0x0000000616c00000, 0x0000000617000000|  0%| F|  |TAMS 0x0000000616c00000, 0x0000000616c00000| Untracked 
|  75|0x0000000617000000, 0x0000000617000000, 0x0000000617400000|  0%| F|  |TAMS 0x0000000617000000, 0x0000000617000000| Untracked 
|  76|0x0000000617400000, 0x0000000617400000, 0x0000000617800000|  0%| F|  |TAMS 0x0000000617400000, 0x0000000617400000| Untracked 
|  77|0x0000000617800000, 0x0000000617800000, 0x0000000617c00000|  0%| F|  |TAMS 0x0000000617800000, 0x0000000617800000| Untracked 
|  78|0x0000000617c00000, 0x0000000617c00000, 0x0000000618000000|  0%| F|  |TAMS 0x0000000617c00000, 0x0000000617c00000| Untracked 
|  79|0x0000000618000000, 0x0000000618000000, 0x0000000618400000|  0%| F|  |TAMS 0x0000000618000000, 0x0000000618000000| Untracked 
|  80|0x0000000618400000, 0x0000000618400000, 0x0000000618800000|  0%| F|  |TAMS 0x0000000618400000, 0x0000000618400000| Untracked 
|  81|0x0000000618800000, 0x0000000618800000, 0x0000000618c00000|  0%| F|  |TAMS 0x0000000618800000, 0x0000000618800000| Untracked 
|  82|0x0000000618c00000, 0x0000000618c00000, 0x0000000619000000|  0%| F|  |TAMS 0x0000000618c00000, 0x0000000618c00000| Untracked 
|  83|0x0000000619000000, 0x0000000619000000, 0x0000000619400000|  0%| F|  |TAMS 0x0000000619000000, 0x0000000619000000| Untracked 
|  84|0x0000000619400000, 0x0000000619400000, 0x0000000619800000|  0%| F|  |TAMS 0x0000000619400000, 0x0000000619400000| Untracked 
|  85|0x0000000619800000, 0x0000000619800000, 0x0000000619c00000|  0%| F|  |TAMS 0x0000000619800000, 0x0000000619800000| Untracked 
|  86|0x0000000619c00000, 0x0000000619c00000, 0x000000061a000000|  0%| F|  |TAMS 0x0000000619c00000, 0x0000000619c00000| Untracked 
|  87|0x000000061a000000, 0x000000061a000000, 0x000000061a400000|  0%| F|  |TAMS 0x000000061a000000, 0x000000061a000000| Untracked 
|  88|0x000000061a400000, 0x000000061a400000, 0x000000061a800000|  0%| F|  |TAMS 0x000000061a400000, 0x000000061a400000| Untracked 
|  89|0x000000061a800000, 0x000000061a800000, 0x000000061ac00000|  0%| F|  |TAMS 0x000000061a800000, 0x000000061a800000| Untracked 
|  90|0x000000061ac00000, 0x000000061ac00000, 0x000000061b000000|  0%| F|  |TAMS 0x000000061ac00000, 0x000000061ac00000| Untracked 
|  91|0x000000061b000000, 0x000000061b000000, 0x000000061b400000|  0%| F|  |TAMS 0x000000061b000000, 0x000000061b000000| Untracked 
|  92|0x000000061b400000, 0x000000061b400000, 0x000000061b800000|  0%| F|  |TAMS 0x000000061b400000, 0x000000061b400000| Untracked 
|  93|0x000000061b800000, 0x000000061b800000, 0x000000061bc00000|  0%| F|  |TAMS 0x000000061b800000, 0x000000061b800000| Untracked 
|  94|0x000000061bc00000, 0x000000061bc00000, 0x000000061c000000|  0%| F|  |TAMS 0x000000061bc00000, 0x000000061bc00000| Untracked 
|  95|0x000000061c000000, 0x000000061c000000, 0x000000061c400000|  0%| F|  |TAMS 0x000000061c000000, 0x000000061c000000| Untracked 
|  96|0x000000061c400000, 0x000000061c400000, 0x000000061c800000|  0%| F|  |TAMS 0x000000061c400000, 0x000000061c400000| Untracked 
|  97|0x000000061c800000, 0x000000061c800000, 0x000000061cc00000|  0%| F|  |TAMS 0x000000061c800000, 0x000000061c800000| Untracked 
|  98|0x000000061cc00000, 0x000000061cc00000, 0x000000061d000000|  0%| F|  |TAMS 0x000000061cc00000, 0x000000061cc00000| Untracked 
|  99|0x000000061d000000, 0x000000061d000000, 0x000000061d400000|  0%| F|  |TAMS 0x000000061d000000, 0x000000061d000000| Untracked 
| 100|0x000000061d400000, 0x000000061d400000, 0x000000061d800000|  0%| F|  |TAMS 0x000000061d400000, 0x000000061d400000| Untracked 
| 101|0x000000061d800000, 0x000000061d800000, 0x000000061dc00000|  0%| F|  |TAMS 0x000000061d800000, 0x000000061d800000| Untracked 
| 102|0x000000061dc00000, 0x000000061dc00000, 0x000000061e000000|  0%| F|  |TAMS 0x000000061dc00000, 0x000000061dc00000| Untracked 
| 103|0x000000061e000000, 0x000000061e000000, 0x000000061e400000|  0%| F|  |TAMS 0x000000061e000000, 0x000000061e000000| Untracked 
| 104|0x000000061e400000, 0x000000061e400000, 0x000000061e800000|  0%| F|  |TAMS 0x000000061e400000, 0x000000061e400000| Untracked 
| 105|0x000000061e800000, 0x000000061e800000, 0x000000061ec00000|  0%| F|  |TAMS 0x000000061e800000, 0x000000061e800000| Untracked 
| 106|0x000000061ec00000, 0x000000061ec00000, 0x000000061f000000|  0%| F|  |TAMS 0x000000061ec00000, 0x000000061ec00000| Untracked 
| 107|0x000000061f000000, 0x000000061f000000, 0x000000061f400000|  0%| F|  |TAMS 0x000000061f000000, 0x000000061f000000| Untracked 
| 108|0x000000061f400000, 0x000000061f400000, 0x000000061f800000|  0%| F|  |TAMS 0x000000061f400000, 0x000000061f400000| Untracked 
| 109|0x000000061f800000, 0x000000061f800000, 0x000000061fc00000|  0%| F|  |TAMS 0x000000061f800000, 0x000000061f800000| Untracked 
| 110|0x000000061fc00000, 0x000000061fc00000, 0x0000000620000000|  0%| F|  |TAMS 0x000000061fc00000, 0x000000061fc00000| Untracked 
| 111|0x0000000620000000, 0x0000000620000000, 0x0000000620400000|  0%| F|  |TAMS 0x0000000620000000, 0x0000000620000000| Untracked 
| 112|0x0000000620400000, 0x0000000620400000, 0x0000000620800000|  0%| F|  |TAMS 0x0000000620400000, 0x0000000620400000| Untracked 
| 113|0x0000000620800000, 0x0000000620800000, 0x0000000620c00000|  0%| F|  |TAMS 0x0000000620800000, 0x0000000620800000| Untracked 
| 114|0x0000000620c00000, 0x0000000620c00000, 0x0000000621000000|  0%| F|  |TAMS 0x0000000620c00000, 0x0000000620c00000| Untracked 
| 115|0x0000000621000000, 0x0000000621000000, 0x0000000621400000|  0%| F|  |TAMS 0x0000000621000000, 0x0000000621000000| Untracked 
| 116|0x0000000621400000, 0x0000000621400000, 0x0000000621800000|  0%| F|  |TAMS 0x0000000621400000, 0x0000000621400000| Untracked 
| 117|0x0000000621800000, 0x0000000621800000, 0x0000000621c00000|  0%| F|  |TAMS 0x0000000621800000, 0x0000000621800000| Untracked 
| 118|0x0000000621c00000, 0x0000000621c00000, 0x0000000622000000|  0%| F|  |TAMS 0x0000000621c00000, 0x0000000621c00000| Untracked 
| 119|0x0000000622000000, 0x0000000622000000, 0x0000000622400000|  0%| F|  |TAMS 0x0000000622000000, 0x0000000622000000| Untracked 
| 120|0x0000000622400000, 0x0000000622400000, 0x0000000622800000|  0%| F|  |TAMS 0x0000000622400000, 0x0000000622400000| Untracked 
| 121|0x0000000622800000, 0x0000000622c00000, 0x0000000622c00000|100%| E|  |TAMS 0x0000000622800000, 0x0000000622800000| Complete 
| 122|0x0000000622c00000, 0x0000000623000000, 0x0000000623000000|100%| E|CS|TAMS 0x0000000622c00000, 0x0000000622c00000| Complete 
| 123|0x0000000623000000, 0x0000000623400000, 0x0000000623400000|100%| E|CS|TAMS 0x0000000623000000, 0x0000000623000000| Complete 
| 124|0x0000000623400000, 0x0000000623800000, 0x0000000623800000|100%| E|CS|TAMS 0x0000000623400000, 0x0000000623400000| Complete 
| 125|0x0000000623800000, 0x0000000623c00000, 0x0000000623c00000|100%| E|  |TAMS 0x0000000623800000, 0x0000000623800000| Complete 
| 126|0x0000000623c00000, 0x0000000624000000, 0x0000000624000000|100%| E|CS|TAMS 0x0000000623c00000, 0x0000000623c00000| Complete 

Card table byte_map: [0x000002c434100000,0x000002c4350e0000] _byte_map_base: 0x000002c4310de000

Marking Bits (Prev, Next): (CMBitMap*) 0x000002c41c193770, (CMBitMap*) 0x000002c41c1937b0
 Prev Bits: [0x000002c4360c0000, 0x000002c43dfb0000)
 Next Bits: [0x000002c43dfb0000, 0x000002c445ea0000)

Polling page: 0x000002c419f00000

Metaspace:

Usage:
  Non-class:      4.49 MB used.
      Class:    282.38 KB used.
       Both:      4.77 MB used.

Virtual space:
  Non-class space:        8.00 MB reserved,       4.62 MB ( 58%) committed,  1 nodes.
      Class space:        1.00 GB reserved,     384.00 KB ( <1%) committed,  1 nodes.
              Both:        1.01 GB reserved,       5.00 MB ( <1%) committed. 

Chunk freelists:
   Non-Class:  1.47 MB
       Class:  3.58 MB
        Both:  5.05 MB

MaxMetaspaceSize: 17179869184.00 GB
CompressedClassSpaceSize: 1.00 GB
 - commit_granule_bytes: 65536.
 - commit_granule_words: 8192.
 - virtual_space_node_default_size: 1048576.
 - enlarge_chunks_in_place: 1.
 - new_chunks_are_fully_committed: 0.
 - uncommit_free_chunks: 1.
 - use_allocation_guard: 0.
 - handle_deallocations: 1.


Internal statistics:

num_allocs_failed_limit: 0.
num_arena_births: 128.
num_arena_deaths: 0.
num_vsnodes_births: 2.
num_vsnodes_deaths: 0.
num_space_committed: 78.
num_space_uncommitted: 0.
num_chunks_returned_to_freelist: 0.
num_chunks_taken_from_freelist: 267.
num_chunk_merges: 0.
num_chunk_splits: 164.
num_chunks_enlarged: 103.
num_purges: 0.

CodeHeap 'non-profiled nmethods': size=119168Kb used=353Kb max_used=353Kb free=118814Kb
 bounds [0x000002c42b440000, 0x000002c42b6b0000, 0x000002c4328a0000]
CodeHeap 'profiled nmethods': size=119104Kb used=1733Kb max_used=1733Kb free=117370Kb
 bounds [0x000002c423ff0000, 0x000002c424260000, 0x000002c42b440000]
CodeHeap 'non-nmethods': size=7488Kb used=1642Kb max_used=2785Kb free=5846Kb
 bounds [0x000002c4238a0000, 0x000002c423b60000, 0x000002c423ff0000]
 total_blobs=2148 nmethods=1083 adapters=978
 compilation: enabled
              stopped_count=0, restarted_count=0
 full_count=0

Compilation events (20 events):
Event: 12.495 Thread 0x000002c44981c090 1074       3       Person::updateAura (62 bytes)
Event: 12.496 Thread 0x000002c44981c090 nmethod 1074 0x000002c42419e690 code [0x000002c42419e9a0, 0x000002c42419fab8]
Event: 12.496 Thread 0x000002c44981c090 1075       3       Person::displayCharacter (22 bytes)
Event: 12.496 Thread 0x000002c44981c090 nmethod 1075 0x000002c42419ff90 code [0x000002c4241a0160, 0x000002c4241a0448]
Event: 12.496 Thread 0x000002c44981c090 1076       3       Person::displayAura (22 bytes)
Event: 12.496 Thread 0x000002c44981c090 nmethod 1076 0x000002c4241a0590 code [0x000002c4241a0760, 0x000002c4241a0928]
Event: 12.496 Thread 0x000002c44981c090 1077       3       Navigation::hasClikcedMenuButton (28 bytes)
Event: 12.497 Thread 0x000002c44981c090 nmethod 1077 0x000002c4241a0a10 code [0x000002c4241a0c20, 0x000002c4241a1318]
Event: 13.594 Thread 0x000002c4498091a0 1079       4       org.lwjgl.system.MemoryStack::nmalloc (61 bytes)
Event: 13.595 Thread 0x000002c4498091a0 nmethod 1079 0x000002c42b492f90 code [0x000002c42b493120, 0x000002c42b4931d8]
Event: 13.615 Thread 0x000002c4498091a0 1080       4       java.util.HashMap::getNode (150 bytes)
Event: 13.619 Thread 0x000002c4498091a0 nmethod 1080 0x000002c42b493290 code [0x000002c42b493440, 0x000002c42b493948]
Event: 14.595 Thread 0x000002c4498091a0 1081       4       java.lang.String::getBytes (44 bytes)
Event: 14.597 Thread 0x000002c4498091a0 nmethod 1081 0x000002c42b493c90 code [0x000002c42b493e20, 0x000002c42b493f98]
Event: 14.597 Thread 0x000002c4498091a0 1082       4       java.lang.StringConcatHelper::prepend (37 bytes)
Event: 14.599 Thread 0x000002c4498091a0 nmethod 1082 0x000002c42b494090 code [0x000002c42b494220, 0x000002c42b4943d8]
Event: 16.314 Thread 0x000002c4498091a0 1083   !   4       bagel.InternalFont::drawString (334 bytes)
Event: 16.362 Thread 0x000002c4498091a0 nmethod 1083 0x000002c42b494590 code [0x000002c42b494800, 0x000002c42b496300]
Event: 17.949 Thread 0x000002c4498091a0 1084       4       java.lang.StringConcatHelper::mix (27 bytes)
Event: 17.951 Thread 0x000002c4498091a0 nmethod 1084 0x000002c42b498190 code [0x000002c42b498320, 0x000002c42b4983d8]

GC Heap History (0 events):
No events

Deoptimization events (20 events):
Event: 0.898 Thread 0x000002c41c11ade0 DEOPT PACKING pc=0x000002c42b47c0f8 sp=0x000000f3d06febd0
Event: 0.898 Thread 0x000002c41c11ade0 DEOPT UNPACKING pc=0x000002c4238ef92e sp=0x000000f3d06fea58 mode 2
Event: 0.898 Thread 0x000002c41c11ade0 Uncommon trap: trap_request=0xffffff45 fr.pc=0x000002c42b46f7e0 relative=0x0000000000000520
Event: 0.898 Thread 0x000002c41c11ade0 Uncommon trap: reason=unstable_if action=reinterpret pc=0x000002c42b46f7e0 method=java.lang.AbstractStringBuilder.putStringAt(ILjava/lang/String;II)V @ 8 c2
Event: 0.898 Thread 0x000002c41c11ade0 DEOPT PACKING pc=0x000002c42b46f7e0 sp=0x000000f3d06feb60
Event: 0.898 Thread 0x000002c41c11ade0 DEOPT UNPACKING pc=0x000002c4238ef92e sp=0x000000f3d06fea50 mode 2
Event: 2.071 Thread 0x000002c41c11ade0 Uncommon trap: trap_request=0xffffff45 fr.pc=0x000002c42b482ba0 relative=0x0000000000000f80
Event: 2.071 Thread 0x000002c41c11ade0 Uncommon trap: reason=unstable_if action=reinterpret pc=0x000002c42b482ba0 method=java.util.HashMap.putVal(ILjava/lang/Object;Ljava/lang/Object;ZZ)Ljava/lang/Object; @ 181 c2
Event: 2.071 Thread 0x000002c41c11ade0 DEOPT PACKING pc=0x000002c42b482ba0 sp=0x000000f3d06fe060
Event: 2.071 Thread 0x000002c41c11ade0 DEOPT UNPACKING pc=0x000002c4238ef92e sp=0x000000f3d06fdfb8 mode 2
Event: 2.072 Thread 0x000002c41c11ade0 Uncommon trap: trap_request=0xffffff45 fr.pc=0x000002c42b44d450 relative=0x00000000000008d0
Event: 2.072 Thread 0x000002c41c11ade0 Uncommon trap: reason=unstable_if action=reinterpret pc=0x000002c42b44d450 method=java.util.HashMap.putVal(ILjava/lang/Object;Ljava/lang/Object;ZZ)Ljava/lang/Object; @ 181 c2
Event: 2.072 Thread 0x000002c41c11ade0 DEOPT PACKING pc=0x000002c42b44d450 sp=0x000000f3d06fef30
Event: 2.072 Thread 0x000002c41c11ade0 DEOPT UNPACKING pc=0x000002c4238ef92e sp=0x000000f3d06fef10 mode 2
Event: 2.156 Thread 0x000002c41c11ade0 Uncommon trap: trap_request=0xffffff5c fr.pc=0x000002c42b4878f8 relative=0x0000000000000058
Event: 2.156 Thread 0x000002c41c11ade0 Uncommon trap: reason=speculate_null_check action=make_not_entrant pc=0x000002c42b4878f8 method=sun.misc.Unsafe.getFloat(Ljava/lang/Object;J)F @ 5 c2
Event: 2.156 Thread 0x000002c41c11ade0 DEOPT PACKING pc=0x000002c42b4878f8 sp=0x000000f3d06fed60
Event: 2.156 Thread 0x000002c41c11ade0 DEOPT UNPACKING pc=0x000002c4238ef92e sp=0x000000f3d06fecd8 mode 2
Event: 10.995 Thread 0x000002c41c11ade0 DEOPT PACKING pc=0x000002c4241745db sp=0x000000f3d06ff1d0
Event: 10.995 Thread 0x000002c41c11ade0 DEOPT UNPACKING pc=0x000002c4238ee77e sp=0x000000f3d06fe678 mode 0

Classes unloaded (0 events):
No events

Classes redefined (0 events):
No events

Internal exceptions (20 events):
Event: 0.131 Thread 0x000002c41c11ade0 Exception <a 'java/lang/NoSuchMethodError'{0x000000062398db60}: 'int java.lang.invoke.DirectMethodHandle$Holder.invokeSpecial(java.lang.Object, java.lang.Object, java.lang.Object)'> (0x000000062398db60) 
thrown [t:\workspace\open\src\hotspot\share\interpreter\linkResolver.cpp, line 790]
Event: 0.156 Thread 0x000002c41c11ade0 Exception <a 'sun/nio/fs/WindowsException'{0x00000006239e7d90}> (0x00000006239e7d90) 
thrown [t:\workspace\open\src\hotspot\share\prims\jni.cpp, line 579]
Event: 0.156 Thread 0x000002c41c11ade0 Exception <a 'sun/nio/fs/WindowsException'{0x00000006239e82e0}> (0x00000006239e82e0) 
thrown [t:\workspace\open\src\hotspot\share\prims\jni.cpp, line 579]
Event: 0.175 Thread 0x000002c41c11ade0 Exception <a 'sun/nio/fs/WindowsException'{0x0000000623a5c748}> (0x0000000623a5c748) 
thrown [t:\workspace\open\src\hotspot\share\prims\jni.cpp, line 579]
Event: 0.175 Thread 0x000002c41c11ade0 Exception <a 'sun/nio/fs/WindowsException'{0x0000000623a5caa8}> (0x0000000623a5caa8) 
thrown [t:\workspace\open\src\hotspot\share\prims\jni.cpp, line 579]
Event: 0.186 Thread 0x000002c41c11ade0 Exception <a 'java/lang/NoSuchMethodError'{0x0000000623aa8810}: 'int java.lang.invoke.DirectMethodHandle$Holder.invokeStaticInit(java.lang.Object, java.lang.Object, int, long)'> (0x0000000623aa8810) 
thrown [t:\workspace\open\src\hotspot\share\interpreter\linkResolver.cpp, line 790]
Event: 0.186 Thread 0x000002c41c11ade0 Exception <a 'java/lang/NoSuchMethodError'{0x0000000623aae2e0}: 'java.lang.Object java.lang.invoke.DirectMethodHandle$Holder.newInvokeSpecial(java.lang.Object, java.lang.Object, int)'> (0x0000000623aae2e0) 
thrown [t:\workspace\open\src\hotspot\share\interpreter\linkResolver.cpp, line 790]
Event: 0.189 Thread 0x000002c41c11ade0 Exception <a 'java/lang/NoSuchMethodError'{0x0000000623abd6e8}: 'int java.lang.invoke.DirectMethodHandle$Holder.invokeStaticInit(java.lang.Object, java.lang.Object, long, long)'> (0x0000000623abd6e8) 
thrown [t:\workspace\open\src\hotspot\share\interpreter\linkResolver.cpp, line 790]
Event: 0.191 Thread 0x000002c41c11ade0 Exception <a 'java/lang/NoSuchMethodError'{0x0000000623ac3a90}: 'java.lang.Object java.lang.invoke.DirectMethodHandle$Holder.newInvokeSpecial(java.lang.Object, java.lang.Object, long)'> (0x0000000623ac3a90) 
thrown [t:\workspace\open\src\hotspot\share\interpreter\linkResolver.cpp, line 790]
Event: 0.193 Thread 0x000002c41c11ade0 Exception <a 'java/lang/NoSuchMethodError'{0x0000000623ac7be8}: 'java.lang.Object java.lang.invoke.Invokers$Holder.linkToTargetMethod(java.lang.Object, long, java.lang.Object)'> (0x0000000623ac7be8) 
thrown [t:\workspace\open\src\hotspot\share\interpreter\linkResolver.cpp, line 790]
Event: 0.195 Thread 0x000002c41c11ade0 Exception <a 'java/lang/NoSuchMethodError'{0x0000000623acf690}: 'int java.lang.invoke.DirectMethodHandle$Holder.invokeStaticInit(java.lang.Object, java.lang.Object, java.lang.Object, long)'> (0x0000000623acf690) 
thrown [t:\workspace\open\src\hotspot\share\interpreter\linkResolver.cpp, line 790]
Event: 0.342 Thread 0x000002c41c11ade0 Exception <a 'sun/nio/fs/WindowsException'{0x0000000623b804d0}> (0x0000000623b804d0) 
thrown [t:\workspace\open\src\hotspot\share\prims\jni.cpp, line 579]
Event: 0.342 Thread 0x000002c41c11ade0 Exception <a 'sun/nio/fs/WindowsException'{0x0000000623b80878}> (0x0000000623b80878) 
thrown [t:\workspace\open\src\hotspot\share\prims\jni.cpp, line 579]
Event: 0.346 Thread 0x000002c41c11ade0 Exception <a 'sun/nio/fs/WindowsException'{0x0000000623b8d798}> (0x0000000623b8d798) 
thrown [t:\workspace\open\src\hotspot\share\prims\jni.cpp, line 579]
Event: 0.346 Thread 0x000002c41c11ade0 Exception <a 'sun/nio/fs/WindowsException'{0x0000000623b8da78}> (0x0000000623b8da78) 
thrown [t:\workspace\open\src\hotspot\share\prims\jni.cpp, line 579]
Event: 0.591 Thread 0x000002c41c11ade0 Exception <a 'sun/nio/fs/WindowsException'{0x000000062358c5d8}> (0x000000062358c5d8) 
thrown [t:\workspace\open\src\hotspot\share\prims\jni.cpp, line 579]
Event: 0.591 Thread 0x000002c41c11ade0 Exception <a 'sun/nio/fs/WindowsException'{0x000000062358c958}> (0x000000062358c958) 
thrown [t:\workspace\open\src\hotspot\share\prims\jni.cpp, line 579]
Event: 0.930 Thread 0x000002c41c11ade0 Exception <a 'java/lang/NoSuchMethodError'{0x00000006237b7ba0}: 'void java.lang.invoke.DirectMethodHandle$Holder.invokeStatic(java.lang.Object, java.lang.Object, java.lang.Object)'> (0x00000006237b7ba0) 
thrown [t:\workspace\open\src\hotspot\share\interpreter\linkResolver.cpp, line 790]
Event: 0.931 Thread 0x000002c41c11ade0 Exception <a 'java/lang/NoSuchMethodError'{0x00000006237c4018}: 'void java.lang.invoke.DirectMethodHandle$Holder.invokeVirtual(java.lang.Object, java.lang.Object)'> (0x00000006237c4018) 
thrown [t:\workspace\open\src\hotspot\share\interpreter\linkResolver.cpp, line 790]
Event: 2.070 Thread 0x000002c41c11ade0 Exception <a 'java/lang/NoSuchMethodError'{0x00000006230f65b8}: 'void java.lang.invoke.DirectMethodHandle$Holder.invokeStatic(java.lang.Object, int, java.lang.Object)'> (0x00000006230f65b8) 
thrown [t:\workspace\open\src\hotspot\share\interpreter\linkResolver.cpp, line 790]

Events (20 events):
Event: 1.080 loading class sun/util/resources/TimeZoneNames
Event: 1.081 loading class sun/util/resources/TimeZoneNames done
Event: 1.081 loading class sun/util/resources/TimeZoneNames_en
Event: 1.081 loading class sun/util/resources/TimeZoneNames_en done
Event: 1.115 Executing  VM operation: Cleanup
Event: 1.115 Executing  VM operation: Cleanup done
Event: 1.837 Thread 0x000002c449927cd0 Thread exited: 0x000002c449927cd0
Event: 2.118 Executing  VM operation: Cleanup
Event: 2.118 Executing  VM operation: Cleanup done
Event: 3.131 Executing  VM operation: Cleanup
Event: 3.131 Executing  VM operation: Cleanup done
Event: 4.142 Executing  VM operation: Cleanup
Event: 4.142 Executing  VM operation: Cleanup done
Event: 7.673 Thread 0x000002c449917790 Thread exited: 0x000002c449917790
Event: 8.172 Executing  VM operation: Cleanup
Event: 8.172 Executing  VM operation: Cleanup done
Event: 18.489 loading class jdk/internal/misc/Signal$1
Event: 18.489 loading class jdk/internal/misc/Signal$1 done
Event: 18.489 Thread 0x000002c4533c3db0 Thread added: 0x000002c4533c3db0
Event: 18.490 Executing  VM operation: Exit


Dynamic libraries:
0x00007ff634130000 - 0x00007ff634140000 	C:\Program Files\Java\jdk-16.0.2\bin\java.exe
0x00007ffcaa1f0000 - 0x00007ffcaa3e5000 	C:\Windows\SYSTEM32\ntdll.dll
0x00007ffca83e0000 - 0x00007ffca849e000 	C:\Windows\System32\KERNEL32.DLL
0x00007ffca7c80000 - 0x00007ffca7f48000 	C:\Windows\System32\KERNELBASE.dll
0x00007ffca7910000 - 0x00007ffca7a10000 	C:\Windows\System32\ucrtbase.dll
0x00007ffc9aea0000 - 0x00007ffc9aeb8000 	C:\Program Files\Java\jdk-16.0.2\bin\jli.dll
0x00007ffcaa100000 - 0x00007ffcaa1ae000 	C:\Windows\System32\ADVAPI32.dll
0x00007ffca8ac0000 - 0x00007ffca8b5e000 	C:\Windows\System32\msvcrt.dll
0x00007ffca84a0000 - 0x00007ffca853c000 	C:\Windows\System32\sechost.dll
0x00007ffc9ae80000 - 0x00007ffc9ae99000 	C:\Program Files\Java\jdk-16.0.2\bin\VCRUNTIME140.dll
0x00007ffca9f60000 - 0x00007ffcaa085000 	C:\Windows\System32\RPCRT4.dll
0x00007ffca9a50000 - 0x00007ffca9bf0000 	C:\Windows\System32\USER32.dll
0x00007ffca7f50000 - 0x00007ffca7f72000 	C:\Windows\System32\win32u.dll
0x00007ffc7abf0000 - 0x00007ffc7ae8a000 	C:\Windows\WinSxS\amd64_microsoft.windows.common-controls_6595b64144ccf1df_6.0.19041.1110_none_60b5254171f9507e\COMCTL32.dll
0x00007ffca8a90000 - 0x00007ffca8aba000 	C:\Windows\System32\GDI32.dll
0x00007ffca7a10000 - 0x00007ffca7b1b000 	C:\Windows\System32\gdi32full.dll
0x00007ffca81b0000 - 0x00007ffca824d000 	C:\Windows\System32\msvcp_win.dll
0x00007ffc9c940000 - 0x00007ffc9c94a000 	C:\Windows\SYSTEM32\VERSION.dll
0x00007ffca9d50000 - 0x00007ffca9d80000 	C:\Windows\System32\IMM32.DLL
0x00007ffca06e0000 - 0x00007ffca06ec000 	C:\Program Files\Java\jdk-16.0.2\bin\vcruntime140_1.dll
0x00007ffc986b0000 - 0x00007ffc98741000 	C:\Program Files\Java\jdk-16.0.2\bin\msvcp140.dll
0x00007ffc06830000 - 0x00007ffc073db000 	C:\Program Files\Java\jdk-16.0.2\bin\server\jvm.dll
0x00007ffca8a80000 - 0x00007ffca8a88000 	C:\Windows\System32\PSAPI.DLL
0x00007ffca2440000 - 0x00007ffca2467000 	C:\Windows\SYSTEM32\WINMM.dll
0x00007ffc81a90000 - 0x00007ffc81a99000 	C:\Windows\SYSTEM32\WSOCK32.dll
0x00007ffcaa090000 - 0x00007ffcaa0fb000 	C:\Windows\System32\WS2_32.dll
0x00007ffca61c0000 - 0x00007ffca61d2000 	C:\Windows\SYSTEM32\kernel.appcore.dll
0x00007ffca0690000 - 0x00007ffca069a000 	C:\Program Files\Java\jdk-16.0.2\bin\jimage.dll
0x00007ffca5ef0000 - 0x00007ffca60d4000 	C:\Windows\SYSTEM32\DBGHELP.DLL
0x00007ffca23d0000 - 0x00007ffca23fc000 	C:\Windows\SYSTEM32\dbgcore.DLL
0x00007ffca80d0000 - 0x00007ffca8152000 	C:\Windows\System32\bcryptPrimitives.dll
0x00007ffc9b180000 - 0x00007ffc9b18e000 	C:\Program Files\Java\jdk-16.0.2\bin\instrument.dll
0x00007ffc9ae50000 - 0x00007ffc9ae75000 	C:\Program Files\Java\jdk-16.0.2\bin\java.dll
0x00007ffca8b60000 - 0x00007ffca92a4000 	C:\Windows\System32\SHELL32.dll
0x00007ffca5550000 - 0x00007ffca5ce4000 	C:\Windows\SYSTEM32\windows.storage.dll
0x00007ffca96f0000 - 0x00007ffca9a44000 	C:\Windows\System32\combase.dll
0x00007ffca7380000 - 0x00007ffca73ac000 	C:\Windows\SYSTEM32\Wldp.dll
0x00007ffca9d80000 - 0x00007ffca9e2d000 	C:\Windows\System32\SHCORE.dll
0x00007ffca9460000 - 0x00007ffca94b5000 	C:\Windows\System32\shlwapi.dll
0x00007ffca7850000 - 0x00007ffca786f000 	C:\Windows\SYSTEM32\profapi.dll
0x00007ffc98690000 - 0x00007ffc986a8000 	C:\Program Files\Java\jdk-16.0.2\bin\zip.dll
0x00007ffc9ae10000 - 0x00007ffc9ae29000 	C:\Program Files\Java\jdk-16.0.2\bin\net.dll
0x00007ffc9f960000 - 0x00007ffc9fa6a000 	C:\Windows\SYSTEM32\WINHTTP.dll
0x00007ffca70e0000 - 0x00007ffca714a000 	C:\Windows\system32\mswsock.dll
0x00007ffc9adf0000 - 0x00007ffc9ae03000 	C:\Program Files\Java\jdk-16.0.2\bin\nio.dll
0x00007ffc98660000 - 0x00007ffc9867a000 	C:\Program Files\JetBrains\IntelliJ IDEA Community Edition 2021.3.2\bin\breakgen64.dll
0x00007ffc63720000 - 0x00007ffc63795000 	C:\Users\alanz\AppData\Local\Temp\lwjglalanz\3.3.1-build-7\lwjgl.dll
0x00007ffc5bc40000 - 0x00007ffc5bca1000 	C:\Users\alanz\AppData\Local\Temp\lwjglalanz\3.3.1-build-7\glfw.dll
0x00007ffc51e80000 - 0x00007ffc51ec5000 	C:\Windows\SYSTEM32\dinput8.dll
0x00007ffc404a0000 - 0x00007ffc404b1000 	C:\Windows\SYSTEM32\xinput1_4.dll
0x00007ffca8160000 - 0x00007ffca81ae000 	C:\Windows\System32\cfgmgr32.dll
0x00007ffca76c0000 - 0x00007ffca76ec000 	C:\Windows\SYSTEM32\DEVOBJ.dll
0x00007ffca4e80000 - 0x00007ffca4eaf000 	C:\Windows\SYSTEM32\dwmapi.dll
0x00007ffc7ce10000 - 0x00007ffc7cf62000 	C:\Windows\SYSTEM32\inputhost.dll
0x00007ffca8540000 - 0x00007ffca860d000 	C:\Windows\System32\OLEAUT32.dll
0x00007ffca1e20000 - 0x00007ffca1f12000 	C:\Windows\SYSTEM32\CoreMessaging.dll
0x00007ffca2700000 - 0x00007ffca27f6000 	C:\Windows\SYSTEM32\PROPSYS.dll
0x00007ffca0760000 - 0x00007ffca08b4000 	C:\Windows\SYSTEM32\wintypes.dll
0x00007ffca1740000 - 0x00007ffca1a9e000 	C:\Windows\SYSTEM32\CoreUIComponents.dll
0x00007ffca6740000 - 0x00007ffca6773000 	C:\Windows\SYSTEM32\ntmarta.dll
0x00007ffca2140000 - 0x00007ffca21de000 	C:\Windows\system32\uxtheme.dll
0x00007ffca9550000 - 0x00007ffca9665000 	C:\Windows\System32\MSCTF.dll
0x00007ffc6ff40000 - 0x00007ffc70066000 	C:\Windows\SYSTEM32\opengl32.dll
0x00007ffc6fed0000 - 0x00007ffc6fefc000 	C:\Windows\SYSTEM32\GLU32.dll
0x00007ffca9e50000 - 0x00007ffca9ef9000 	C:\Windows\System32\clbcatq.dll
0x00007ffc04a10000 - 0x00007ffc05a10000 	C:\Windows\System32\DriverStore\FileRepository\iigd_dch.inf_amd64_463fe92adc82197c\igxelpicd64.dll
0x00007ffca8250000 - 0x00007ffca837a000 	C:\Windows\System32\ole32.dll
0x00007ffca6230000 - 0x00007ffca6323000 	C:\Windows\system32\dxgi.dll
0x00007ffc03de0000 - 0x00007ffc04244000 	C:\Windows\System32\DriverStore\FileRepository\iigd_dch.inf_amd64_463fe92adc82197c\igdml64.dll
0x00007ffc94370000 - 0x00007ffc9472d000 	C:\Windows\System32\DriverStore\FileRepository\iigd_dch.inf_amd64_463fe92adc82197c\igdgmm64.dll
0x00007ffc8c390000 - 0x00007ffc8f5c8000 	C:\Windows\System32\DriverStore\FileRepository\iigd_dch.inf_amd64_463fe92adc82197c\igc64.dll
0x00007ffca6ea0000 - 0x00007ffca6eeb000 	C:\Windows\SYSTEM32\powrprof.dll
0x00007ffca6d60000 - 0x00007ffca6d72000 	C:\Windows\SYSTEM32\UMPDC.dll
0x00007ffc155b0000 - 0x00007ffc1560d000 	C:\Users\alanz\AppData\Local\Temp\lwjglalanz\3.3.1-build-7\lwjgl_opengl.dll
0x00007ffc7cf70000 - 0x00007ffc7d069000 	C:\Windows\SYSTEM32\textinputframework.dll
0x00007ffc97fa0000 - 0x00007ffc981ac000 	C:\Windows\system32\sogoutsf.ime
0x00007ffc7ae90000 - 0x00007ffc7ae97000 	C:\Windows\system32\MSIMG32.dll
0x00007ffc43180000 - 0x00007ffc43ab9000 	C:\Windows\system32\SogouPy.ime
0x00007ffc7ab80000 - 0x00007ffc7abe6000 	C:\Windows\SYSTEM32\OLEACC.dll
0x00007ffc40e00000 - 0x00007ffc4106a000 	C:\Program Files (x86)\SogouInput\Components\PicFace\1.1.0.1895\PicFace64.dll
0x00007ffca9bf0000 - 0x00007ffca9ccb000 	C:\Windows\System32\COMDLG32.dll
0x0000000010000000 - 0x0000000010216000 	C:\Program Files (x86)\SogouInput\11.8.0.5496\Resource.dll
0x00007ffc66310000 - 0x00007ffc663bc000 	C:\Windows\SYSTEM32\TextShaping.dll
0x00007ffc14020000 - 0x00007ffc140a1000 	C:\Users\alanz\AppData\Local\Temp\lwjglalanz\3.3.1-build-7\lwjgl_stb.dll

dbghelp: loaded successfully - version: 4.0.5 - missing functions: none
symbol engine: initialized successfully - sym options: 0x614 - pdb path: .;C:\Program Files\Java\jdk-16.0.2\bin;C:\Windows\SYSTEM32;C:\Windows\WinSxS\amd64_microsoft.windows.common-controls_6595b64144ccf1df_6.0.19041.1110_none_60b5254171f9507e;C:\Program Files\Java\jdk-16.0.2\bin\server;C:\Program Files\JetBrains\IntelliJ IDEA Community Edition 2021.3.2\bin;C:\Users\alanz\AppData\Local\Temp\lwjglalanz\3.3.1-build-7;C:\Windows\System32\DriverStore\FileRepository\iigd_dch.inf_amd64_463fe92adc82197c;C:\Program Files (x86)\SogouInput\Components\PicFace\1.1.0.1895;C:\Program Files (x86)\SogouInput\11.8.0.5496

VM Arguments:
jvm_args: -javaagent:C:\Program Files\JetBrains\IntelliJ IDEA Community Edition 2021.3.2\lib\idea_rt.jar=3268:C:\Program Files\JetBrains\IntelliJ IDEA Community Edition 2021.3.2\bin -Dfile.encoding=UTF-8 
java_command: Foodie
java_class_path (initial): C:\Users\alanz\IdeaProjects\ganFanRen\ganFanRen\target\classes;C:\Users\alanz\.m2\repository\org\lwjgl\lwjgl\3.3.1\lwjgl-3.3.1.jar;C:\Users\alanz\.m2\repository\org\lwjgl\lwjgl-assimp\3.3.1\lwjgl-assimp-3.3.1.jar;C:\Users\alanz\.m2\repository\org\lwjgl\lwjgl-glfw\3.3.1\lwjgl-glfw-3.3.1.jar;C:\Users\alanz\.m2\repository\org\lwjgl\lwjgl-openal\3.3.1\lwjgl-openal-3.3.1.jar;C:\Users\alanz\.m2\repository\org\lwjgl\lwjgl-opengl\3.3.1\lwjgl-opengl-3.3.1.jar;C:\Users\alanz\.m2\repository\org\lwjgl\lwjgl-stb\3.3.1\lwjgl-stb-3.3.1.jar;C:\Users\alanz\.m2\repository\org\lwjgl\lwjgl\3.3.1\lwjgl-3.3.1-natives-windows.jar;C:\Users\alanz\.m2\repository\org\lwjgl\lwjgl-assimp\3.3.1\lwjgl-assimp-3.3.1-natives-windows.jar;C:\Users\alanz\.m2\repository\org\lwjgl\lwjgl-glfw\3.3.1\lwjgl-glfw-3.3.1-natives-windows.jar;C:\Users\alanz\.m2\repository\org\lwjgl\lwjgl-openal\3.3.1\lwjgl-openal-3.3.1-natives-windows.jar;C:\Users\alanz\.m2\repository\org\lwjgl\lwjgl-opengl\3.3.1\lwjgl-opengl-3.3.1-natives-windows.jar;C:\Users\alanz\.m2\repository\org\lwjgl\lwjgl-stb\3.3.1\lwjgl-stb-3.3.1-natives-windows.jar;C:\Users\alanz\.m2\repository\io\github\eleanor-em\bagel\1.9.3\bagel-1.9.3.jar
Launcher Type: SUN_STANDARD

[Global flags]
     intx CICompilerCount                          = 12                                        {product} {ergonomic}
     uint ConcGCThreads                            = 3                                         {product} {ergonomic}
     uint G1ConcRefinementThreads                  = 13                                        {product} {ergonomic}
   size_t G1HeapRegionSize                         = 4194304                                   {product} {ergonomic}
    uintx GCDrainStackTargetSize                   = 64                                        {product} {ergonomic}
   size_t InitialHeapSize                          = 532676608                                 {product} {ergonomic}
   size_t MarkStackSize                            = 4194304                                   {product} {ergonomic}
   size_t MaxHeapSize                              = 8518631424                                {product} {ergonomic}
   size_t MaxNewSize                               = 5108662272                                {product} {ergonomic}
   size_t MinHeapDeltaBytes                        = 4194304                                   {product} {ergonomic}
   size_t MinHeapSize                              = 8388608                                   {product} {ergonomic}
    uintx NonNMethodCodeHeapSize                   = 7602480                                {pd product} {ergonomic}
    uintx NonProfiledCodeHeapSize                  = 122027880                              {pd product} {ergonomic}
    uintx ProfiledCodeHeapSize                     = 122027880                              {pd product} {ergonomic}
    uintx ReservedCodeCacheSize                    = 251658240                              {pd product} {ergonomic}
     bool SegmentedCodeCache                       = true                                      {product} {ergonomic}
   size_t SoftMaxHeapSize                          = 8518631424                             {manageable} {ergonomic}
     bool UseCompressedClassPointers               = true                           {product lp64_product} {ergonomic}
     bool UseCompressedOops                        = true                           {product lp64_product} {ergonomic}
     bool UseG1GC                                  = true                                      {product} {ergonomic}
     bool UseLargePagesIndividualAllocation        = false                                  {pd product} {ergonomic}

Logging:
Log output configuration:
 #0: stdout all=off uptime,level,tags
 #1: stderr all=off uptime,level,tags

Environment Variables:
PATH=C:\Program Files\Common Files\Oracle\Java\javapath;C:\Program Files (x86)\Common Files\Oracle\Java\javapath;C:\Windows\system32;C:\Windows;C:\Windows\System32\Wbem;C:\Windows\System32\WindowsPowerShell\v1.0\;C:\Windows\System32\OpenSSH\;C:\Program Files (x86)\NVIDIA Corporation\PhysX\Common;C:\Program Files\NVIDIA Corporation\NVIDIA NvDLISR;C:\Program Files\MATLAB\R2021a\bin;C:\MinGW\bin;C:\Program Files\Microsoft SQL Server\Client SDK\ODBC\110\Tools\Binn\;C:\Program Files (x86)\Microsoft SQL Server\120\Tools\Binn\;C:\Program Files\Microsoft SQL Server\120\Tools\Binn\;C:\Program Files\Microsoft SQL Server\120\DTS\Binn\;C:\Program Files (x86)\Windows Kits\8.1\Windows Performance Toolkit\;C:\MinGW\bin;C:\Program Files\jEdit;C:\Program Files\Git\cmd;C:\Program Files\dotnet\;C:\Users\alanz\AppData\Local\Microsoft\WindowsApps;C:\Users\alanz\AppData\Local\Programs\Microsoft VS Code\bin;C:\Users\alanz\AppData\Local\GitHubDesktop\bin
USERNAME=alanz
OS=Windows_NT
PROCESSOR_IDENTIFIER=Intel64 Family 6 Model 141 Stepping 1, GenuineIntel



---------------  S Y S T E M  ---------------

OS:
 Windows 10 , 64 bit Build 19041 (10.0.19041.1645)
OS uptime: 1 days 17:29 hours

CPU: total 16 (initial active 16) (8 cores per cpu, 2 threads per core) family 6 model 141 stepping 1 microcode 0x3e, cx8, cmov, fxsr, ht, mmx, 3dnowpref, sse, sse2, sse3, ssse3, sse4.1, sse4.2, popcnt, lzcnt, tsc, tscinvbit, avx, avx2, aes, erms, clmul, bmi1, bmi2, adx, avx512f, avx512dq, avx512cd, avx512bw, avx512vl, sha, fma, vzeroupper, avx512_vpopcntdq, avx512_vpclmulqdq, avx512_vaes, avx512_vnni, clflush, clflushopt, clwb, avx512_vmbi2, avx512_vmbi

Memory: 4k page, system-wide physical 32487M (13801M free)
TotalPageFile size 37351M (AvailPageFile size 8279M)
current process WorkingSet (physical memory assigned to process): 278M, peak: 331M
current process commit charge ("private bytes"): 782M, peak: 818M

vm_info: Java HotSpot(TM) 64-Bit Server VM (16.0.2+7-67) for windows-amd64 JRE (16.0.2+7-67), built on Jun  8 2021 23:24:19 by "mach5one" with MS VC++ 16.7 (VS2019)

END.
