#
# A fatal error has been detected by the Java Runtime Environment:
#
#  EXCEPTION_ACCESS_VIOLATION (0xc0000005) at pc=0x00007ffc005a2c4c, pid=36892, tid=30496
#
# JRE version: Java(TM) SE Runtime Environment (16.0.2+7) (build 16.0.2+7-67)
# Java VM: Java HotSpot(TM) 64-Bit Server VM (16.0.2+7-67, mixed mode, sharing, tiered, compressed oops, compressed class ptrs, g1 gc, windows-amd64)
# Problematic frame:
# C  [igxelpicd64.dll+0x282c4c]
#
# No core dump will be written. Minidumps are not enabled by default on client versions of Windows
#
# If you would like to submit a bug report, please visit:
#   https://bugreport.java.com/bugreport/crash.jsp
#

---------------  S U M M A R Y ------------

Command Line: -javaagent:C:\Program Files\JetBrains\IntelliJ IDEA Community Edition 2021.3.2\lib\idea_rt.jar=4623:C:\Program Files\JetBrains\IntelliJ IDEA Community Edition 2021.3.2\bin -Dfile.encoding=UTF-8 Foodie

Host: 11th Gen Intel(R) Core(TM) i7-11800H @ 2.30GHz, 16 cores, 31G,  Windows 10 , 64 bit Build 19041 (10.0.19041.1645)
Time: Sat Apr 23 00:46:06 2022  Windows 10 , 64 bit Build 19041 (10.0.19041.1645) elapsed time: 360.060474 seconds (0d 0h 6m 0s)

---------------  T H R E A D  ---------------

Current thread (0x0000017192fa5730):  VMThread "VM Thread" [stack: 0x0000003bdeb00000,0x0000003bdec00000] [id=30496]

Stack: [0x0000003bdeb00000,0x0000003bdec00000],  sp=0x0000003bdebfe2f0,  free space=1016k
Native frames: (J=compiled Java code, j=interpreted, Vv=VM code, C=native code)
C  [igxelpicd64.dll+0x282c4c]


siginfo: EXCEPTION_ACCESS_VIOLATION (0xc0000005), reading address 0x00000000000356f8


Register to memory mapping:

RIP=0x00007ffc005a2c4c igxelpicd64.dll
RAX=0x0000017193fbf2e8 points into unknown readable memory: 0x00000000014aeb48 | 48 eb 4a 01 00 00 00 00
RBX=0x0000017193d5fae0 points into unknown readable memory: 0xffffffffffffffff | ff ff ff ff ff ff ff ff
RCX=0x0 is NULL
RDX=0x0000000000000001 is an unknown value
RSP=0x0000003bdebfe2f0 points into unknown readable memory: 0x0000017193d5fae0 | e0 fa d5 93 71 01 00 00
RBP=0x0000000000000016 is an unknown value
RSI=0x0000017193c863f0 points into unknown readable memory: 0x0000000100000000 | 00 00 00 00 01 00 00 00
RDI=0x0 is NULL
R8 =0x0000000000000014 is an unknown value
R9 =0x0 is NULL
R10=0x0 is NULL
R11=0x0000000000000246 is an unknown value
R12=0x0000017193fbf768 points into unknown readable memory: 0x00000171941fece0 | e0 ec 1f 94 71 01 00 00
R13=0x0 is NULL
R14=0x0000017193fbf1a0 points into unknown readable memory: 0x0000017193d4a6b0 | b0 a6 d4 93 71 01 00 00
R15=0x0 is NULL


Registers:
RAX=0x0000017193fbf2e8, RBX=0x0000017193d5fae0, RCX=0x0000000000000000, RDX=0x0000000000000001
RSP=0x0000003bdebfe2f0, RBP=0x0000000000000016, RSI=0x0000017193c863f0, RDI=0x0000000000000000
R8 =0x0000000000000014, R9 =0x0000000000000000, R10=0x0000000000000000, R11=0x0000000000000246
R12=0x0000017193fbf768, R13=0x0000000000000000, R14=0x0000017193fbf1a0, R15=0x0000000000000000
RIP=0x00007ffc005a2c4c, EFLAGS=0x0000000000010206

Top of Stack: (sp=0x0000003bdebfe2f0)
0x0000003bdebfe2f0:   0000017193d5fae0 0000000000000000
0x0000003bdebfe300:   0000000000000000 0000000000000000
0x0000003bdebfe310:   0000000000000000 0000017193d5fae0
0x0000003bdebfe320:   0000000000000000 0000000000000000
0x0000003bdebfe330:   000000007a000004 0000003bdebfe71a
0x0000003bdebfe340:   0000000000000000 0000017194187b78
0x0000003bdebfe350:   00000000014af36d 0000000000000000
0x0000003bdebfe360:   000000000000000d 0000000000000000
0x0000003bdebfe370:   0000000000000000 0000003bdebfe490
0x0000003bdebfe380:   0000017193c863f0 00007ffc003d769c
0x0000003bdebfe390:   0000017100000016 00000171941fece0
0x0000003bdebfe3a0:   0000000000000000 000000007a000000
0x0000003bdebfe3b0:   0000003b000006f4 0000b8021a7c0000
0x0000003bdebfe3c0:   0000000000000000 0000003bdebfe3d8
0x0000003bdebfe3d0:   0000000000000000 000000007a000004
0x0000003bdebfe3e0:   00007ffc43180000 0000000000000000 

Instructions: (pc=0x00007ffc005a2c4c)
0x00007ffc005a2b4c:   41 bf 20 00 00 00 48 8b 04 38 4d 8b 3c 07 0f b6
0x00007ffc005a2b5c:   bc 24 b0 00 00 00 4c 3b 3d d7 f8 cb 00 41 0f 44
0x00007ffc005a2b6c:   e9 89 ac 24 a0 00 00 00 48 85 c9 0f 84 d4 07 00
0x00007ffc005a2b7c:   00 0f 1f 00 4c 8b f1 4c 8d a1 c8 05 00 00 49 8b
0x00007ffc005a2b8c:   04 24 48 89 84 24 a8 00 00 00 40 84 ff 74 10 48
0x00007ffc005a2b9c:   8b d1 48 8b 09 e8 ea 8d e3 ff e9 4f 07 00 00 8b
0x00007ffc005a2bac:   96 d0 01 00 00 48 8b 05 58 dd bb 00 83 b8 64 03
0x00007ffc005a2bbc:   00 00 02 0f 85 19 02 00 00 83 fa 10 73 0e 48 8d
0x00007ffc005a2bcc:   42 04 48 8d 04 c2 48 8d 04 c1 eb 60 8d 4a f0 8b
0x00007ffc005a2bdc:   c1 c1 e8 04 83 f8 03 73 1d 0f ae e8 83 e1 0f 4d
0x00007ffc005a2bec:   8b 84 c6 80 05 00 00 4d 85 c0 74 25 48 8d 0c c9
0x00007ffc005a2bfc:   49 8d 04 c8 eb 36 49 8b 86 98 05 00 00 48 85 c0
0x00007ffc005a2c0c:   74 0f 66 90 39 10 74 2f 48 8b 40 50 48 85 c0 75
0x00007ffc005a2c1c:   f3 41 80 be a0 05 00 00 00 74 22 8b c2 83 e0 0f
0x00007ffc005a2c2c:   48 8d 04 c0 48 8d 40 20 49 8d 04 c6 48 85 c0 74
0x00007ffc005a2c3c:   0c 48 8b 48 08 eb 09 48 83 c0 08 eb ef 49 8b c9
0x00007ffc005a2c4c:   49 3b 8f f8 56 03 00 0f 86 85 01 00 00 83 fa 10
0x00007ffc005a2c5c:   73 0a 48 8d 42 04 48 8d 04 c2 eb 5c 8d 4a f0 8b
0x00007ffc005a2c6c:   c1 c1 e8 04 83 f8 03 73 1d 0f ae e8 83 e1 0f 4d
0x00007ffc005a2c7c:   8b 84 c6 80 05 00 00 4d 85 c0 74 25 48 8d 0c c9
0x00007ffc005a2c8c:   49 8d 04 c8 eb 36 49 8b 86 98 05 00 00 48 85 c0
0x00007ffc005a2c9c:   74 0f 66 90 39 10 74 2f 48 8b 40 50 48 85 c0 75
0x00007ffc005a2cac:   f3 41 80 be a0 05 00 00 00 74 22 8b c2 83 e0 0f
0x00007ffc005a2cbc:   48 8d 04 c0 48 8d 40 20 49 8d 04 c6 48 85 c0 74
0x00007ffc005a2ccc:   0c 48 8b 48 08 eb 09 48 83 c0 08 eb ef 49 8b c9
0x00007ffc005a2cdc:   49 3b 8e 40 06 00 00 0f 86 f5 00 00 00 48 8b 86
0x00007ffc005a2cec:   80 02 00 00 49 89 04 24 4c 89 b6 80 02 00 00 ff
0x00007ffc005a2cfc:   86 88 02 00 00 ba 01 00 00 00 49 8b 4e 08 e8 41
0x00007ffc005a2d0c:   28 59 00 0f b7 c8 48 2b c1 48 05 00 00 01 00 48
0x00007ffc005a2d1c:   01 86 90 02 00 00 ba 01 00 00 00 49 8b 4e 08 e8
0x00007ffc005a2d2c:   20 28 59 00 48 01 86 a0 02 00 00 85 ed 74 75 49
0x00007ffc005a2d3c:   8b 9f 58 4f 03 00 0f 57 c0 f3 0f 7f 44 24 30 c7 


Stack slot to memory mapping:
stack at sp + 0 slots: 0x0000017193d5fae0 points into unknown readable memory: 0xffffffffffffffff | ff ff ff ff ff ff ff ff
stack at sp + 1 slots: 0x0 is NULL
stack at sp + 2 slots: 0x0 is NULL
stack at sp + 3 slots: 0x0 is NULL
stack at sp + 4 slots: 0x0 is NULL
stack at sp + 5 slots: 0x0000017193d5fae0 points into unknown readable memory: 0xffffffffffffffff | ff ff ff ff ff ff ff ff
stack at sp + 6 slots: 0x0 is NULL
stack at sp + 7 slots: 0x0 is NULL

VM_Operation (0x0000003bdfcfedb0): Exit, mode: safepoint, requested by thread 0x000001719d618760


---------------  P R O C E S S  ---------------

Threads class SMR info:
_java_thread_list=0x000001719d4efdf0, length=14, elements={
0x00000171e61406f0, 0x0000017192faa620, 0x0000017192fab220, 0x0000017192fbe440,
0x00000171938660b0, 0x00000171938689d0, 0x00000171938693d0, 0x000001719386a1b0,
0x000001719386aca0, 0x000001719386ebe0, 0x0000017192f8ba30, 0x0000017193b12bf0,
0x0000017193b15600, 0x000001719d618760
}

Java Threads: ( => current thread )
  0x00000171e61406f0 JavaThread "main" [_thread_blocked, id=14212, stack(0x0000003bde500000,0x0000003bde600000)]
  0x0000017192faa620 JavaThread "Reference Handler" daemon [_thread_blocked, id=5360, stack(0x0000003bdec00000,0x0000003bded00000)]
  0x0000017192fab220 JavaThread "Finalizer" daemon [_thread_blocked, id=16136, stack(0x0000003bded00000,0x0000003bdee00000)]
  0x0000017192fbe440 JavaThread "Signal Dispatcher" daemon [_thread_blocked, id=10164, stack(0x0000003bdee00000,0x0000003bdef00000)]
  0x00000171938660b0 JavaThread "Attach Listener" daemon [_thread_blocked, id=24148, stack(0x0000003bdef00000,0x0000003bdf000000)]
  0x00000171938689d0 JavaThread "Service Thread" daemon [_thread_blocked, id=18044, stack(0x0000003bdf000000,0x0000003bdf100000)]
  0x00000171938693d0 JavaThread "Monitor Deflation Thread" daemon [_thread_blocked, id=33848, stack(0x0000003bdf100000,0x0000003bdf200000)]
  0x000001719386a1b0 JavaThread "C2 CompilerThread0" daemon [_thread_blocked, id=35044, stack(0x0000003bdf200000,0x0000003bdf300000)]
  0x000001719386aca0 JavaThread "C1 CompilerThread0" daemon [_thread_blocked, id=14232, stack(0x0000003bdf300000,0x0000003bdf400000)]
  0x000001719386ebe0 JavaThread "Sweeper thread" daemon [_thread_blocked, id=25996, stack(0x0000003bdf400000,0x0000003bdf500000)]
  0x0000017192f8ba30 JavaThread "Common-Cleaner" daemon [_thread_blocked, id=33716, stack(0x0000003bdf500000,0x0000003bdf600000)]
  0x0000017193b12bf0 JavaThread "Monitor Ctrl-Break" daemon [_thread_in_native, id=23740, stack(0x0000003bdf900000,0x0000003bdfa00000)]
  0x0000017193b15600 JavaThread "Notification Thread" daemon [_thread_blocked, id=10436, stack(0x0000003bdfa00000,0x0000003bdfb00000)]
  0x000001719d618760 JavaThread "SIGINT handler" daemon [_thread_blocked, id=28664, stack(0x0000003bdfc00000,0x0000003bdfd00000)]

Other Threads:
=>0x0000017192fa5730 VMThread "VM Thread" [stack: 0x0000003bdeb00000,0x0000003bdec00000] [id=30496]
  0x00000171e61b7a70 GCTaskThread "GC Thread#0" [stack: 0x0000003bde600000,0x0000003bde700000] [id=32136]
  0x000001719da3e7b0 GCTaskThread "GC Thread#1" [stack: 0x0000003bdf600000,0x0000003bdf700000] [id=35452]
  0x000001719da3eac0 GCTaskThread "GC Thread#2" [stack: 0x0000003bdf700000,0x0000003bdf800000] [id=25248]
  0x000001719da3d860 GCTaskThread "GC Thread#3" [stack: 0x0000003bdf800000,0x0000003bdf900000] [id=5236]
  0x000001719da3d550 GCTaskThread "GC Thread#4" [stack: 0x0000003be0200000,0x0000003be0300000] [id=36368]
  0x000001719da3f0e0 GCTaskThread "GC Thread#5" [stack: 0x0000003be0300000,0x0000003be0400000] [id=37520]
  0x000001719da40650 GCTaskThread "GC Thread#6" [stack: 0x0000003be0400000,0x0000003be0500000] [id=33236]
  0x000001719da40960 GCTaskThread "GC Thread#7" [stack: 0x0000003be0500000,0x0000003be0600000] [id=22444]
  0x000001719da3db70 GCTaskThread "GC Thread#8" [stack: 0x0000003be0600000,0x0000003be0700000] [id=36872]
  0x000001719da3f3f0 GCTaskThread "GC Thread#9" [stack: 0x0000003be0700000,0x0000003be0800000] [id=8804]
  0x000001719da40c70 GCTaskThread "GC Thread#10" [stack: 0x0000003be0800000,0x0000003be0900000] [id=32076]
  0x000001719da3edd0 GCTaskThread "GC Thread#11" [stack: 0x0000003be0900000,0x0000003be0a00000] [id=10676]
  0x00000171e40adf50 ConcurrentGCThread "G1 Main Marker" terminated
  0x00000171e40ae860 ConcurrentGCThread "G1 Conc#0" [stack: 0x0000003bde800000,0x0000003bde900000] [id=35696]
  0x00000171e621d7f0 ConcurrentGCThread "G1 Refine#0" terminated
  0x00000171e621e270 ConcurrentGCThread "G1 Service" terminated

Threads with active compile tasks:

VM state: at safepoint (shutting down)

VM Mutex/Monitor currently owned by a thread:  ([mutex/lock_event])
[0x00000171e613dea0] Threads_lock - owner thread: 0x0000017192fa5730
[0x00000171e613d360] Heap_lock - owner thread: 0x000001719d618760

Heap address: 0x0000000604400000, size: 8124 MB, Compressed Oops mode: Zero based, Oop shift amount: 3

CDS archive(s) mapped at: [0x0000000800000000-0x0000000800bb0000-0x0000000800bb0000), size 12255232, SharedBaseAddress: 0x0000000800000000, ArchiveRelocationMode: 0.
Compressed class space mapped at: 0x0000000800c00000-0x0000000840c00000, reserved size: 1073741824
Narrow klass base: 0x0000000800000000, Narrow klass shift: 3, Narrow klass range: 0x100000000

GC Precious Log:
 CPUs: 16 total, 16 available
 Memory: 32487M
 Large Page Support: Disabled
 NUMA Support: Disabled
 Compressed Oops: Enabled (Zero based)
 Heap Region Size: 4M
 Heap Min Capacity: 8M
 Heap Initial Capacity: 508M
 Heap Max Capacity: 8124M
 Pre-touch: Disabled
 Parallel Workers: 13
 Concurrent Workers: 3
 Concurrent Refinement Workers: 13
 Periodic GC: Disabled

Heap:
 garbage-first heap   total 520192K, used 272964K [0x0000000604400000, 0x0000000800000000)
  region size 4096K, 68 young (278528K), 1 survivors (4096K)
 Metaspace       used 4865K, committed 5056K, reserved 1056768K
  class space    used 278K, committed 384K, reserved 1048576K

Heap Regions: E=young(eden), S=young(survivor), O=old, HS=humongous(starts), HC=humongous(continues), CS=collection set, F=free, OA=open archive, CA=closed archive, TAMS=top-at-mark-start (previous, next)
|   0|0x0000000604400000, 0x0000000604400000, 0x0000000604800000|  0%| F|  |TAMS 0x0000000604400000, 0x0000000604400000| Untracked 
|   1|0x0000000604800000, 0x0000000604800000, 0x0000000604c00000|  0%| F|  |TAMS 0x0000000604800000, 0x0000000604800000| Untracked 
|   2|0x0000000604c00000, 0x0000000604c00000, 0x0000000605000000|  0%| F|  |TAMS 0x0000000604c00000, 0x0000000604c00000| Untracked 
|   3|0x0000000605000000, 0x0000000605000000, 0x0000000605400000|  0%| F|  |TAMS 0x0000000605000000, 0x0000000605000000| Untracked 
|   4|0x0000000605400000, 0x0000000605400000, 0x0000000605800000|  0%| F|  |TAMS 0x0000000605400000, 0x0000000605400000| Untracked 
|   5|0x0000000605800000, 0x0000000605800000, 0x0000000605c00000|  0%| F|  |TAMS 0x0000000605800000, 0x0000000605800000| Untracked 
|   6|0x0000000605c00000, 0x0000000605c00000, 0x0000000606000000|  0%| F|  |TAMS 0x0000000605c00000, 0x0000000605c00000| Untracked 
|   7|0x0000000606000000, 0x0000000606000000, 0x0000000606400000|  0%| F|  |TAMS 0x0000000606000000, 0x0000000606000000| Untracked 
|   8|0x0000000606400000, 0x0000000606400000, 0x0000000606800000|  0%| F|  |TAMS 0x0000000606400000, 0x0000000606400000| Untracked 
|   9|0x0000000606800000, 0x0000000606800000, 0x0000000606c00000|  0%| F|  |TAMS 0x0000000606800000, 0x0000000606800000| Untracked 
|  10|0x0000000606c00000, 0x0000000606c00000, 0x0000000607000000|  0%| F|  |TAMS 0x0000000606c00000, 0x0000000606c00000| Untracked 
|  11|0x0000000607000000, 0x0000000607000000, 0x0000000607400000|  0%| F|  |TAMS 0x0000000607000000, 0x0000000607000000| Untracked 
|  12|0x0000000607400000, 0x0000000607400000, 0x0000000607800000|  0%| F|  |TAMS 0x0000000607400000, 0x0000000607400000| Untracked 
|  13|0x0000000607800000, 0x0000000607800000, 0x0000000607c00000|  0%| F|  |TAMS 0x0000000607800000, 0x0000000607800000| Untracked 
|  14|0x0000000607c00000, 0x0000000607c00000, 0x0000000608000000|  0%| F|  |TAMS 0x0000000607c00000, 0x0000000607c00000| Untracked 
|  15|0x0000000608000000, 0x0000000608000000, 0x0000000608400000|  0%| F|  |TAMS 0x0000000608000000, 0x0000000608000000| Untracked 
|  16|0x0000000608400000, 0x0000000608400000, 0x0000000608800000|  0%| F|  |TAMS 0x0000000608400000, 0x0000000608400000| Untracked 
|  17|0x0000000608800000, 0x0000000608800000, 0x0000000608c00000|  0%| F|  |TAMS 0x0000000608800000, 0x0000000608800000| Untracked 
|  18|0x0000000608c00000, 0x0000000608c00000, 0x0000000609000000|  0%| F|  |TAMS 0x0000000608c00000, 0x0000000608c00000| Untracked 
|  19|0x0000000609000000, 0x0000000609000000, 0x0000000609400000|  0%| F|  |TAMS 0x0000000609000000, 0x0000000609000000| Untracked 
|  20|0x0000000609400000, 0x0000000609400000, 0x0000000609800000|  0%| F|  |TAMS 0x0000000609400000, 0x0000000609400000| Untracked 
|  21|0x0000000609800000, 0x0000000609800000, 0x0000000609c00000|  0%| F|  |TAMS 0x0000000609800000, 0x0000000609800000| Untracked 
|  22|0x0000000609c00000, 0x0000000609c00000, 0x000000060a000000|  0%| F|  |TAMS 0x0000000609c00000, 0x0000000609c00000| Untracked 
|  23|0x000000060a000000, 0x000000060a000000, 0x000000060a400000|  0%| F|  |TAMS 0x000000060a000000, 0x000000060a000000| Untracked 
|  24|0x000000060a400000, 0x000000060a400000, 0x000000060a800000|  0%| F|  |TAMS 0x000000060a400000, 0x000000060a400000| Untracked 
|  25|0x000000060a800000, 0x000000060a800000, 0x000000060ac00000|  0%| F|  |TAMS 0x000000060a800000, 0x000000060a800000| Untracked 
|  26|0x000000060ac00000, 0x000000060ac00000, 0x000000060b000000|  0%| F|  |TAMS 0x000000060ac00000, 0x000000060ac00000| Untracked 
|  27|0x000000060b000000, 0x000000060b000000, 0x000000060b400000|  0%| F|  |TAMS 0x000000060b000000, 0x000000060b000000| Untracked 
|  28|0x000000060b400000, 0x000000060b400000, 0x000000060b800000|  0%| F|  |TAMS 0x000000060b400000, 0x000000060b400000| Untracked 
|  29|0x000000060b800000, 0x000000060b800000, 0x000000060bc00000|  0%| F|  |TAMS 0x000000060b800000, 0x000000060b800000| Untracked 
|  30|0x000000060bc00000, 0x000000060bc00000, 0x000000060c000000|  0%| F|  |TAMS 0x000000060bc00000, 0x000000060bc00000| Untracked 
|  31|0x000000060c000000, 0x000000060c000000, 0x000000060c400000|  0%| F|  |TAMS 0x000000060c000000, 0x000000060c000000| Untracked 
|  32|0x000000060c400000, 0x000000060c400000, 0x000000060c800000|  0%| F|  |TAMS 0x000000060c400000, 0x000000060c400000| Untracked 
|  33|0x000000060c800000, 0x000000060c800000, 0x000000060cc00000|  0%| F|  |TAMS 0x000000060c800000, 0x000000060c800000| Untracked 
|  34|0x000000060cc00000, 0x000000060cc00000, 0x000000060d000000|  0%| F|  |TAMS 0x000000060cc00000, 0x000000060cc00000| Untracked 
|  35|0x000000060d000000, 0x000000060d000000, 0x000000060d400000|  0%| F|  |TAMS 0x000000060d000000, 0x000000060d000000| Untracked 
|  36|0x000000060d400000, 0x000000060d400000, 0x000000060d800000|  0%| F|  |TAMS 0x000000060d400000, 0x000000060d400000| Untracked 
|  37|0x000000060d800000, 0x000000060d800000, 0x000000060dc00000|  0%| F|  |TAMS 0x000000060d800000, 0x000000060d800000| Untracked 
|  38|0x000000060dc00000, 0x000000060dc00000, 0x000000060e000000|  0%| F|  |TAMS 0x000000060dc00000, 0x000000060dc00000| Untracked 
|  39|0x000000060e000000, 0x000000060e000000, 0x000000060e400000|  0%| F|  |TAMS 0x000000060e000000, 0x000000060e000000| Untracked 
|  40|0x000000060e400000, 0x000000060e400000, 0x000000060e800000|  0%| F|  |TAMS 0x000000060e400000, 0x000000060e400000| Untracked 
|  41|0x000000060e800000, 0x000000060e800000, 0x000000060ec00000|  0%| F|  |TAMS 0x000000060e800000, 0x000000060e800000| Untracked 
|  42|0x000000060ec00000, 0x000000060ec00000, 0x000000060f000000|  0%| F|  |TAMS 0x000000060ec00000, 0x000000060ec00000| Untracked 
|  43|0x000000060f000000, 0x000000060f000000, 0x000000060f400000|  0%| F|  |TAMS 0x000000060f000000, 0x000000060f000000| Untracked 
|  44|0x000000060f400000, 0x000000060f400000, 0x000000060f800000|  0%| F|  |TAMS 0x000000060f400000, 0x000000060f400000| Untracked 
|  45|0x000000060f800000, 0x000000060f800000, 0x000000060fc00000|  0%| F|  |TAMS 0x000000060f800000, 0x000000060f800000| Untracked 
|  46|0x000000060fc00000, 0x000000060fc00000, 0x0000000610000000|  0%| F|  |TAMS 0x000000060fc00000, 0x000000060fc00000| Untracked 
|  47|0x0000000610000000, 0x0000000610000000, 0x0000000610400000|  0%| F|  |TAMS 0x0000000610000000, 0x0000000610000000| Untracked 
|  48|0x0000000610400000, 0x0000000610400000, 0x0000000610800000|  0%| F|  |TAMS 0x0000000610400000, 0x0000000610400000| Untracked 
|  49|0x0000000610800000, 0x0000000610800000, 0x0000000610c00000|  0%| F|  |TAMS 0x0000000610800000, 0x0000000610800000| Untracked 
|  50|0x0000000610c00000, 0x0000000610c00000, 0x0000000611000000|  0%| F|  |TAMS 0x0000000610c00000, 0x0000000610c00000| Untracked 
|  51|0x0000000611000000, 0x0000000611000000, 0x0000000611400000|  0%| F|  |TAMS 0x0000000611000000, 0x0000000611000000| Untracked 
|  52|0x0000000611400000, 0x0000000611400000, 0x0000000611800000|  0%| F|  |TAMS 0x0000000611400000, 0x0000000611400000| Untracked 
|  53|0x0000000611800000, 0x0000000611800000, 0x0000000611c00000|  0%| F|  |TAMS 0x0000000611800000, 0x0000000611800000| Untracked 
|  54|0x0000000611c00000, 0x0000000611c00000, 0x0000000612000000|  0%| F|  |TAMS 0x0000000611c00000, 0x0000000611c00000| Untracked 
|  55|0x0000000612000000, 0x0000000612000000, 0x0000000612400000|  0%| F|  |TAMS 0x0000000612000000, 0x0000000612000000| Untracked 
|  56|0x0000000612400000, 0x0000000612400000, 0x0000000612800000|  0%| F|  |TAMS 0x0000000612400000, 0x0000000612400000| Untracked 
|  57|0x0000000612800000, 0x0000000612800000, 0x0000000612c00000|  0%| F|  |TAMS 0x0000000612800000, 0x0000000612800000| Untracked 
|  58|0x0000000612c00000, 0x0000000612c00000, 0x0000000613000000|  0%| F|  |TAMS 0x0000000612c00000, 0x0000000612c00000| Untracked 
|  59|0x0000000613000000, 0x0000000613200800, 0x0000000613400000| 50%| E|  |TAMS 0x0000000613000000, 0x0000000613000000| Complete 
|  60|0x0000000613400000, 0x0000000613800000, 0x0000000613800000|100%| E|CS|TAMS 0x0000000613400000, 0x0000000613400000| Complete 
|  61|0x0000000613800000, 0x0000000613c00000, 0x0000000613c00000|100%| E|CS|TAMS 0x0000000613800000, 0x0000000613800000| Complete 
|  62|0x0000000613c00000, 0x0000000614000000, 0x0000000614000000|100%| E|CS|TAMS 0x0000000613c00000, 0x0000000613c00000| Complete 
|  63|0x0000000614000000, 0x0000000614400000, 0x0000000614400000|100%| E|CS|TAMS 0x0000000614000000, 0x0000000614000000| Complete 
|  64|0x0000000614400000, 0x0000000614800000, 0x0000000614800000|100%| E|CS|TAMS 0x0000000614400000, 0x0000000614400000| Complete 
|  65|0x0000000614800000, 0x0000000614c00000, 0x0000000614c00000|100%| E|CS|TAMS 0x0000000614800000, 0x0000000614800000| Complete 
|  66|0x0000000614c00000, 0x0000000615000000, 0x0000000615000000|100%| E|CS|TAMS 0x0000000614c00000, 0x0000000614c00000| Complete 
|  67|0x0000000615000000, 0x0000000615400000, 0x0000000615400000|100%| E|CS|TAMS 0x0000000615000000, 0x0000000615000000| Complete 
|  68|0x0000000615400000, 0x0000000615800000, 0x0000000615800000|100%| E|CS|TAMS 0x0000000615400000, 0x0000000615400000| Complete 
|  69|0x0000000615800000, 0x0000000615c00000, 0x0000000615c00000|100%| E|CS|TAMS 0x0000000615800000, 0x0000000615800000| Complete 
|  70|0x0000000615c00000, 0x0000000616000000, 0x0000000616000000|100%| E|CS|TAMS 0x0000000615c00000, 0x0000000615c00000| Complete 
|  71|0x0000000616000000, 0x0000000616400000, 0x0000000616400000|100%| E|CS|TAMS 0x0000000616000000, 0x0000000616000000| Complete 
|  72|0x0000000616400000, 0x0000000616800000, 0x0000000616800000|100%| E|CS|TAMS 0x0000000616400000, 0x0000000616400000| Complete 
|  73|0x0000000616800000, 0x0000000616c00000, 0x0000000616c00000|100%| E|CS|TAMS 0x0000000616800000, 0x0000000616800000| Complete 
|  74|0x0000000616c00000, 0x0000000617000000, 0x0000000617000000|100%| E|CS|TAMS 0x0000000616c00000, 0x0000000616c00000| Complete 
|  75|0x0000000617000000, 0x0000000617400000, 0x0000000617400000|100%| E|CS|TAMS 0x0000000617000000, 0x0000000617000000| Complete 
|  76|0x0000000617400000, 0x0000000617800000, 0x0000000617800000|100%| E|CS|TAMS 0x0000000617400000, 0x0000000617400000| Complete 
|  77|0x0000000617800000, 0x0000000617c00000, 0x0000000617c00000|100%| E|CS|TAMS 0x0000000617800000, 0x0000000617800000| Complete 
|  78|0x0000000617c00000, 0x0000000618000000, 0x0000000618000000|100%| E|CS|TAMS 0x0000000617c00000, 0x0000000617c00000| Complete 
|  79|0x0000000618000000, 0x0000000618400000, 0x0000000618400000|100%| E|CS|TAMS 0x0000000618000000, 0x0000000618000000| Complete 
|  80|0x0000000618400000, 0x0000000618800000, 0x0000000618800000|100%| E|CS|TAMS 0x0000000618400000, 0x0000000618400000| Complete 
|  81|0x0000000618800000, 0x0000000618c00000, 0x0000000618c00000|100%| E|CS|TAMS 0x0000000618800000, 0x0000000618800000| Complete 
|  82|0x0000000618c00000, 0x0000000619000000, 0x0000000619000000|100%| E|CS|TAMS 0x0000000618c00000, 0x0000000618c00000| Complete 
|  83|0x0000000619000000, 0x0000000619400000, 0x0000000619400000|100%| E|CS|TAMS 0x0000000619000000, 0x0000000619000000| Complete 
|  84|0x0000000619400000, 0x0000000619800000, 0x0000000619800000|100%| E|CS|TAMS 0x0000000619400000, 0x0000000619400000| Complete 
|  85|0x0000000619800000, 0x0000000619c00000, 0x0000000619c00000|100%| E|CS|TAMS 0x0000000619800000, 0x0000000619800000| Complete 
|  86|0x0000000619c00000, 0x000000061a000000, 0x000000061a000000|100%| E|CS|TAMS 0x0000000619c00000, 0x0000000619c00000| Complete 
|  87|0x000000061a000000, 0x000000061a400000, 0x000000061a400000|100%| E|CS|TAMS 0x000000061a000000, 0x000000061a000000| Complete 
|  88|0x000000061a400000, 0x000000061a800000, 0x000000061a800000|100%| E|CS|TAMS 0x000000061a400000, 0x000000061a400000| Complete 
|  89|0x000000061a800000, 0x000000061ac00000, 0x000000061ac00000|100%| E|CS|TAMS 0x000000061a800000, 0x000000061a800000| Complete 
|  90|0x000000061ac00000, 0x000000061b000000, 0x000000061b000000|100%| E|CS|TAMS 0x000000061ac00000, 0x000000061ac00000| Complete 
|  91|0x000000061b000000, 0x000000061b400000, 0x000000061b400000|100%| E|CS|TAMS 0x000000061b000000, 0x000000061b000000| Complete 
|  92|0x000000061b400000, 0x000000061b800000, 0x000000061b800000|100%| E|CS|TAMS 0x000000061b400000, 0x000000061b400000| Complete 
|  93|0x000000061b800000, 0x000000061bc00000, 0x000000061bc00000|100%| E|CS|TAMS 0x000000061b800000, 0x000000061b800000| Complete 
|  94|0x000000061bc00000, 0x000000061c000000, 0x000000061c000000|100%| E|CS|TAMS 0x000000061bc00000, 0x000000061bc00000| Complete 
|  95|0x000000061c000000, 0x000000061c400000, 0x000000061c400000|100%| E|CS|TAMS 0x000000061c000000, 0x000000061c000000| Complete 
|  96|0x000000061c400000, 0x000000061c800000, 0x000000061c800000|100%| E|CS|TAMS 0x000000061c400000, 0x000000061c400000| Complete 
|  97|0x000000061c800000, 0x000000061cc00000, 0x000000061cc00000|100%| E|CS|TAMS 0x000000061c800000, 0x000000061c800000| Complete 
|  98|0x000000061cc00000, 0x000000061d000000, 0x000000061d000000|100%| E|CS|TAMS 0x000000061cc00000, 0x000000061cc00000| Complete 
|  99|0x000000061d000000, 0x000000061d400000, 0x000000061d400000|100%| E|CS|TAMS 0x000000061d000000, 0x000000061d000000| Complete 
| 100|0x000000061d400000, 0x000000061d800000, 0x000000061d800000|100%| E|CS|TAMS 0x000000061d400000, 0x000000061d400000| Complete 
| 101|0x000000061d800000, 0x000000061dc00000, 0x000000061dc00000|100%| E|CS|TAMS 0x000000061d800000, 0x000000061d800000| Complete 
| 102|0x000000061dc00000, 0x000000061e000000, 0x000000061e000000|100%| E|CS|TAMS 0x000000061dc00000, 0x000000061dc00000| Complete 
| 103|0x000000061e000000, 0x000000061e400000, 0x000000061e400000|100%| E|CS|TAMS 0x000000061e000000, 0x000000061e000000| Complete 
| 104|0x000000061e400000, 0x000000061e800000, 0x000000061e800000|100%| E|CS|TAMS 0x000000061e400000, 0x000000061e400000| Complete 
| 105|0x000000061e800000, 0x000000061ec00000, 0x000000061ec00000|100%| E|CS|TAMS 0x000000061e800000, 0x000000061e800000| Complete 
| 106|0x000000061ec00000, 0x000000061f000000, 0x000000061f000000|100%| E|CS|TAMS 0x000000061ec00000, 0x000000061ec00000| Complete 
| 107|0x000000061f000000, 0x000000061f400000, 0x000000061f400000|100%| E|CS|TAMS 0x000000061f000000, 0x000000061f000000| Complete 
| 108|0x000000061f400000, 0x000000061f800000, 0x000000061f800000|100%| E|CS|TAMS 0x000000061f400000, 0x000000061f400000| Complete 
| 109|0x000000061f800000, 0x000000061fc00000, 0x000000061fc00000|100%| E|CS|TAMS 0x000000061f800000, 0x000000061f800000| Complete 
| 110|0x000000061fc00000, 0x0000000620000000, 0x0000000620000000|100%| E|CS|TAMS 0x000000061fc00000, 0x000000061fc00000| Complete 
| 111|0x0000000620000000, 0x0000000620400000, 0x0000000620400000|100%| E|CS|TAMS 0x0000000620000000, 0x0000000620000000| Complete 
| 112|0x0000000620400000, 0x0000000620800000, 0x0000000620800000|100%| E|CS|TAMS 0x0000000620400000, 0x0000000620400000| Complete 
| 113|0x0000000620800000, 0x0000000620c00000, 0x0000000620c00000|100%| E|CS|TAMS 0x0000000620800000, 0x0000000620800000| Complete 
| 114|0x0000000620c00000, 0x0000000621000000, 0x0000000621000000|100%| E|CS|TAMS 0x0000000620c00000, 0x0000000620c00000| Complete 
| 115|0x0000000621000000, 0x0000000621400000, 0x0000000621400000|100%| E|CS|TAMS 0x0000000621000000, 0x0000000621000000| Complete 
| 116|0x0000000621400000, 0x0000000621800000, 0x0000000621800000|100%| E|CS|TAMS 0x0000000621400000, 0x0000000621400000| Complete 
| 117|0x0000000621800000, 0x0000000621a913d0, 0x0000000621c00000| 64%| S|CS|TAMS 0x0000000621800000, 0x0000000621800000| Complete 
| 118|0x0000000621c00000, 0x0000000622000000, 0x0000000622000000|100%| E|CS|TAMS 0x0000000621c00000, 0x0000000621c00000| Complete 
| 119|0x0000000622000000, 0x0000000622400000, 0x0000000622400000|100%| E|CS|TAMS 0x0000000622000000, 0x0000000622000000| Complete 
| 120|0x0000000622400000, 0x0000000622800000, 0x0000000622800000|100%| E|CS|TAMS 0x0000000622400000, 0x0000000622400000| Complete 
| 121|0x0000000622800000, 0x0000000622c00000, 0x0000000622c00000|100%| E|CS|TAMS 0x0000000622800000, 0x0000000622800000| Complete 
| 122|0x0000000622c00000, 0x0000000623000000, 0x0000000623000000|100%| E|CS|TAMS 0x0000000622c00000, 0x0000000622c00000| Complete 
| 123|0x0000000623000000, 0x0000000623400000, 0x0000000623400000|100%| E|CS|TAMS 0x0000000623000000, 0x0000000623000000| Complete 
| 124|0x0000000623400000, 0x0000000623800000, 0x0000000623800000|100%| E|CS|TAMS 0x0000000623400000, 0x0000000623400000| Complete 
| 125|0x0000000623800000, 0x0000000623c00000, 0x0000000623c00000|100%| E|CS|TAMS 0x0000000623800000, 0x0000000623800000| Complete 
| 126|0x0000000623c00000, 0x0000000624000000, 0x0000000624000000|100%| E|CS|TAMS 0x0000000623c00000, 0x0000000623c00000| Complete 

Card table byte_map: [0x00000171fe120000,0x00000171ff100000] _byte_map_base: 0x00000171fb0fe000

Marking Bits (Prev, Next): (CMBitMap*) 0x00000171e61b8160, (CMBitMap*) 0x00000171e61b81a0
 Prev Bits: [0x0000017180fe0000, 0x0000017188ed0000)
 Next Bits: [0x0000017188ed0000, 0x0000017190dc0000)

Polling page: 0x00000171e40c0000

Metaspace:

Usage:
  Non-class:      4.48 MB used.
      Class:    278.55 KB used.
       Both:      4.75 MB used.

Virtual space:
  Non-class space:        8.00 MB reserved,       4.56 MB ( 57%) committed,  1 nodes.
      Class space:        1.00 GB reserved,     384.00 KB ( <1%) committed,  1 nodes.
              Both:        1.01 GB reserved,       4.94 MB ( <1%) committed. 

Chunk freelists:
   Non-Class:  1.50 MB
       Class:  3.59 MB
        Both:  5.09 MB

MaxMetaspaceSize: 17179869184.00 GB
CompressedClassSpaceSize: 1.00 GB
 - commit_granule_bytes: 65536.
 - commit_granule_words: 8192.
 - virtual_space_node_default_size: 1048576.
 - enlarge_chunks_in_place: 1.
 - new_chunks_are_fully_committed: 0.
 - uncommit_free_chunks: 1.
 - use_allocation_guard: 0.
 - handle_deallocations: 1.


Internal statistics:

num_allocs_failed_limit: 0.
num_arena_births: 114.
num_arena_deaths: 0.
num_vsnodes_births: 2.
num_vsnodes_deaths: 0.
num_space_committed: 77.
num_space_uncommitted: 0.
num_chunks_returned_to_freelist: 0.
num_chunks_taken_from_freelist: 238.
num_chunk_merges: 0.
num_chunk_splits: 151.
num_chunks_enlarged: 107.
num_purges: 0.

CodeHeap 'non-profiled nmethods': size=119168Kb used=428Kb max_used=428Kb free=118740Kb
 bounds [0x00000171f5460000, 0x00000171f56d0000, 0x00000171fc8c0000]
CodeHeap 'profiled nmethods': size=119104Kb used=1786Kb max_used=1786Kb free=117317Kb
 bounds [0x00000171ee010000, 0x00000171ee280000, 0x00000171f5460000]
CodeHeap 'non-nmethods': size=7488Kb used=1642Kb max_used=2782Kb free=5845Kb
 bounds [0x00000171ed8c0000, 0x00000171edb80000, 0x00000171ee010000]
 total_blobs=2189 nmethods=1123 adapters=979
 compilation: enabled
              stopped_count=0, restarted_count=0
 full_count=0

Compilation events (20 events):
Event: 92.081 Thread 0x000001719386a1b0 1115       4       Person::updateCharacter (116 bytes)
Event: 92.088 Thread 0x000001719386a1b0 nmethod 1115 0x00000171f54c4110 code [0x00000171f54c4320, 0x00000171f54c46a8]
Event: 93.398 Thread 0x000001719386a1b0 1116       4       bagel.util.Rectangle::<init> (18 bytes)
Event: 93.403 Thread 0x000001719386a1b0 nmethod 1116 0x00000171f54c4890 code [0x00000171f54c4a20, 0x00000171f54c4c18]
Event: 109.174 Thread 0x000001719386a1b0 1117       4       org.lwjgl.glfw.GLFW::glfwPollEvents (9 bytes)
Event: 109.175 Thread 0x000001719386a1b0 nmethod 1117 0x00000171f54c4d10 code [0x00000171f54c4ea0, 0x00000171f54c4f28]
Event: 109.176 Thread 0x000001719386a1b0 1118       4       org.lwjgl.opengl.GL11::glClear (5 bytes)
Event: 109.176 Thread 0x000001719d585650 1119       4       bagel.AbstractGame$$Lambda$57/0x0000000800c1f108::run (8 bytes)
Event: 109.177 Thread 0x000001719386a1b0 nmethod 1118 0x00000171f54c5010 code [0x00000171f54c51a0, 0x00000171f54c5228]
Event: 109.177 Thread 0x000001719386a1b0 1120   !   4       Foodie::update (685 bytes)
Event: 109.177 Thread 0x000001719d460e10 1121       4       Person::displayCharacter (22 bytes)
Event: 109.192 Thread 0x000001719d460e10 nmethod 1121 0x00000171f54c5310 code [0x00000171f54c5500, 0x00000171f54c58e8]
Event: 109.192 Thread 0x000001719d585650 nmethod 1119 0x00000171f54c5d10 code [0x00000171f54c5ee0, 0x00000171f54c6228]
Event: 109.192 Thread 0x000001719d460e10 1122       4       bagel.Image::getBoundingBoxAt (58 bytes)
Event: 109.193 Thread 0x000001719d585650 1123       4       bagel.Input::getMousePosition (16 bytes)
Event: 109.193 Thread 0x000001719d585650 nmethod 1123 0x00000171f54c6590 code [0x00000171f54c6720, 0x00000171f54c6818]
Event: 109.199 Thread 0x000001719d460e10 nmethod 1122 0x00000171f54c6910 code [0x00000171f54c6ac0, 0x00000171f54c6d38]
Event: 109.358 Thread 0x000001719386a1b0 nmethod 1120 0x00000171f54c6e90 code [0x00000171f54c72e0, 0x00000171f54c9878]
Event: 126.369 Thread 0x000001719386a1b0 1124       4       org.lwjgl.glfw.GLFW::glfwSwapBuffers (21 bytes)
Event: 126.370 Thread 0x000001719386a1b0 nmethod 1124 0x00000171f54cad10 code [0x00000171f54caea0, 0x00000171f54caf48]

GC Heap History (4 events):
Event: 14.740 GC heap before
{Heap before GC invocations=0 (full 0):
 garbage-first heap   total 520192K, used 20480K [0x0000000604400000, 0x0000000800000000)
  region size 4096K, 6 young (24576K), 0 survivors (0K)
 Metaspace       used 4860K, committed 5056K, reserved 1056768K
  class space    used 278K, committed 384K, reserved 1048576K
}
Event: 14.745 GC heap after
{Heap after GC invocations=1 (full 0):
 garbage-first heap   total 520192K, used 2463K [0x0000000604400000, 0x0000000800000000)
  region size 4096K, 1 young (4096K), 1 survivors (4096K)
 Metaspace       used 4860K, committed 5056K, reserved 1056768K
  class space    used 278K, committed 384K, reserved 1048576K
}
Event: 51.701 GC heap before
{Heap before GC invocations=1 (full 0):
 garbage-first heap   total 520192K, used 35231K [0x0000000604400000, 0x0000000800000000)
  region size 4096K, 9 young (36864K), 1 survivors (4096K)
 Metaspace       used 4862K, committed 5056K, reserved 1056768K
  class space    used 278K, committed 384K, reserved 1048576K
}
Event: 51.708 GC heap after
{Heap after GC invocations=2 (full 0):
 garbage-first heap   total 520192K, used 2628K [0x0000000604400000, 0x0000000800000000)
  region size 4096K, 1 young (4096K), 1 survivors (4096K)
 Metaspace       used 4862K, committed 5056K, reserved 1056768K
  class space    used 278K, committed 384K, reserved 1048576K
}

Deoptimization events (20 events):
Event: 2.678 Thread 0x00000171e61406f0 DEOPT PACKING pc=0x00000171f546d050 sp=0x0000003bde5ff290
Event: 2.678 Thread 0x00000171e61406f0 DEOPT UNPACKING pc=0x00000171ed90f92e sp=0x0000003bde5ff270 mode 2
Event: 8.569 Thread 0x00000171e61406f0 DEOPT PACKING pc=0x00000171ee18bbdb sp=0x0000003bde5ff560
Event: 8.569 Thread 0x00000171e61406f0 DEOPT UNPACKING pc=0x00000171ed90e77e sp=0x0000003bde5fea08 mode 0
Event: 17.276 Thread 0x00000171e61406f0 Uncommon trap: trap_request=0xffffffde fr.pc=0x00000171f54bc838 relative=0x0000000000000118
Event: 17.276 Thread 0x00000171e61406f0 Uncommon trap: reason=class_check action=maybe_recompile pc=0x00000171f54bc838 method=jdk.internal.misc.Unsafe.allocateUninitializedArray(Ljava/lang/Class;I)Ljava/lang/Object; @ 51 c2
Event: 17.276 Thread 0x00000171e61406f0 DEOPT PACKING pc=0x00000171f54bc838 sp=0x0000003bde5ff110
Event: 17.276 Thread 0x00000171e61406f0 DEOPT UNPACKING pc=0x00000171ed90f92e sp=0x0000003bde5ff098 mode 2
Event: 17.276 Thread 0x00000171e61406f0 Uncommon trap: trap_request=0xffffffde fr.pc=0x00000171f54bc838 relative=0x0000000000000118
Event: 17.276 Thread 0x00000171e61406f0 Uncommon trap: reason=class_check action=maybe_recompile pc=0x00000171f54bc838 method=jdk.internal.misc.Unsafe.allocateUninitializedArray(Ljava/lang/Class;I)Ljava/lang/Object; @ 51 c2
Event: 17.276 Thread 0x00000171e61406f0 DEOPT PACKING pc=0x00000171f54bc838 sp=0x0000003bde5ff110
Event: 17.276 Thread 0x00000171e61406f0 DEOPT UNPACKING pc=0x00000171ed90f92e sp=0x0000003bde5ff098 mode 2
Event: 17.276 Thread 0x00000171e61406f0 Uncommon trap: trap_request=0xffffffde fr.pc=0x00000171f54bc838 relative=0x0000000000000118
Event: 17.276 Thread 0x00000171e61406f0 Uncommon trap: reason=class_check action=maybe_recompile pc=0x00000171f54bc838 method=jdk.internal.misc.Unsafe.allocateUninitializedArray(Ljava/lang/Class;I)Ljava/lang/Object; @ 51 c2
Event: 17.276 Thread 0x00000171e61406f0 DEOPT PACKING pc=0x00000171f54bc838 sp=0x0000003bde5ff110
Event: 17.277 Thread 0x00000171e61406f0 DEOPT UNPACKING pc=0x00000171ed90f92e sp=0x0000003bde5ff098 mode 2
Event: 17.277 Thread 0x00000171e61406f0 Uncommon trap: trap_request=0xffffffde fr.pc=0x00000171f54bc838 relative=0x0000000000000118
Event: 17.277 Thread 0x00000171e61406f0 Uncommon trap: reason=class_check action=maybe_recompile pc=0x00000171f54bc838 method=jdk.internal.misc.Unsafe.allocateUninitializedArray(Ljava/lang/Class;I)Ljava/lang/Object; @ 51 c2
Event: 17.277 Thread 0x00000171e61406f0 DEOPT PACKING pc=0x00000171f54bc838 sp=0x0000003bde5ff110
Event: 17.277 Thread 0x00000171e61406f0 DEOPT UNPACKING pc=0x00000171ed90f92e sp=0x0000003bde5ff098 mode 2

Classes unloaded (0 events):
No events

Classes redefined (0 events):
No events

Internal exceptions (20 events):
Event: 0.131 Thread 0x00000171e61406f0 Exception <a 'java/lang/NoSuchMethodError'{0x00000006239968c0}: 'int java.lang.invoke.DirectMethodHandle$Holder.invokeSpecial(java.lang.Object, java.lang.Object, java.lang.Object)'> (0x00000006239968c0) 
thrown [t:\workspace\open\src\hotspot\share\interpreter\linkResolver.cpp, line 790]
Event: 0.155 Thread 0x00000171e61406f0 Exception <a 'sun/nio/fs/WindowsException'{0x00000006239f1760}> (0x00000006239f1760) 
thrown [t:\workspace\open\src\hotspot\share\prims\jni.cpp, line 579]
Event: 0.155 Thread 0x00000171e61406f0 Exception <a 'sun/nio/fs/WindowsException'{0x00000006239f1cb0}> (0x00000006239f1cb0) 
thrown [t:\workspace\open\src\hotspot\share\prims\jni.cpp, line 579]
Event: 0.174 Thread 0x00000171e61406f0 Exception <a 'sun/nio/fs/WindowsException'{0x0000000623a66470}> (0x0000000623a66470) 
thrown [t:\workspace\open\src\hotspot\share\prims\jni.cpp, line 579]
Event: 0.174 Thread 0x00000171e61406f0 Exception <a 'sun/nio/fs/WindowsException'{0x0000000623a667d0}> (0x0000000623a667d0) 
thrown [t:\workspace\open\src\hotspot\share\prims\jni.cpp, line 579]
Event: 0.182 Thread 0x00000171e61406f0 Exception <a 'java/lang/NoSuchMethodError'{0x0000000623ab09c0}: 'int java.lang.invoke.DirectMethodHandle$Holder.invokeStaticInit(java.lang.Object, java.lang.Object, int, long)'> (0x0000000623ab09c0) 
thrown [t:\workspace\open\src\hotspot\share\interpreter\linkResolver.cpp, line 790]
Event: 0.182 Thread 0x00000171e61406f0 Exception <a 'java/lang/NoSuchMethodError'{0x0000000623ab6490}: 'java.lang.Object java.lang.invoke.DirectMethodHandle$Holder.newInvokeSpecial(java.lang.Object, java.lang.Object, int)'> (0x0000000623ab6490) 
thrown [t:\workspace\open\src\hotspot\share\interpreter\linkResolver.cpp, line 790]
Event: 0.184 Thread 0x00000171e61406f0 Exception <a 'java/lang/NoSuchMethodError'{0x0000000623ac5898}: 'int java.lang.invoke.DirectMethodHandle$Holder.invokeStaticInit(java.lang.Object, java.lang.Object, long, long)'> (0x0000000623ac5898) 
thrown [t:\workspace\open\src\hotspot\share\interpreter\linkResolver.cpp, line 790]
Event: 0.184 Thread 0x00000171e61406f0 Exception <a 'java/lang/NoSuchMethodError'{0x0000000623acbc40}: 'java.lang.Object java.lang.invoke.DirectMethodHandle$Holder.newInvokeSpecial(java.lang.Object, java.lang.Object, long)'> (0x0000000623acbc40) 
thrown [t:\workspace\open\src\hotspot\share\interpreter\linkResolver.cpp, line 790]
Event: 0.185 Thread 0x00000171e61406f0 Exception <a 'java/lang/NoSuchMethodError'{0x0000000623acfd98}: 'java.lang.Object java.lang.invoke.Invokers$Holder.linkToTargetMethod(java.lang.Object, long, java.lang.Object)'> (0x0000000623acfd98) 
thrown [t:\workspace\open\src\hotspot\share\interpreter\linkResolver.cpp, line 790]
Event: 0.185 Thread 0x00000171e61406f0 Exception <a 'java/lang/NoSuchMethodError'{0x0000000623ad7840}: 'int java.lang.invoke.DirectMethodHandle$Holder.invokeStaticInit(java.lang.Object, java.lang.Object, java.lang.Object, long)'> (0x0000000623ad7840) 
thrown [t:\workspace\open\src\hotspot\share\interpreter\linkResolver.cpp, line 790]
Event: 0.321 Thread 0x00000171e61406f0 Exception <a 'sun/nio/fs/WindowsException'{0x0000000623b8a620}> (0x0000000623b8a620) 
thrown [t:\workspace\open\src\hotspot\share\prims\jni.cpp, line 579]
Event: 0.321 Thread 0x00000171e61406f0 Exception <a 'sun/nio/fs/WindowsException'{0x0000000623b8a9c8}> (0x0000000623b8a9c8) 
thrown [t:\workspace\open\src\hotspot\share\prims\jni.cpp, line 579]
Event: 0.324 Thread 0x00000171e61406f0 Exception <a 'sun/nio/fs/WindowsException'{0x0000000623b97a08}> (0x0000000623b97a08) 
thrown [t:\workspace\open\src\hotspot\share\prims\jni.cpp, line 579]
Event: 0.324 Thread 0x00000171e61406f0 Exception <a 'sun/nio/fs/WindowsException'{0x0000000623b97ce8}> (0x0000000623b97ce8) 
thrown [t:\workspace\open\src\hotspot\share\prims\jni.cpp, line 579]
Event: 0.574 Thread 0x00000171e61406f0 Exception <a 'sun/nio/fs/WindowsException'{0x0000000623595a98}> (0x0000000623595a98) 
thrown [t:\workspace\open\src\hotspot\share\prims\jni.cpp, line 579]
Event: 0.574 Thread 0x00000171e61406f0 Exception <a 'sun/nio/fs/WindowsException'{0x0000000623595e18}> (0x0000000623595e18) 
thrown [t:\workspace\open\src\hotspot\share\prims\jni.cpp, line 579]
Event: 0.748 Thread 0x00000171e61406f0 Exception <a 'java/lang/NoSuchMethodError'{0x000000062377f5b8}: 'void java.lang.invoke.DirectMethodHandle$Holder.invokeStatic(java.lang.Object, java.lang.Object, java.lang.Object)'> (0x000000062377f5b8) 
thrown [t:\workspace\open\src\hotspot\share\interpreter\linkResolver.cpp, line 790]
Event: 0.749 Thread 0x00000171e61406f0 Exception <a 'java/lang/NoSuchMethodError'{0x000000062378ba30}: 'void java.lang.invoke.DirectMethodHandle$Holder.invokeVirtual(java.lang.Object, java.lang.Object)'> (0x000000062378ba30) 
thrown [t:\workspace\open\src\hotspot\share\interpreter\linkResolver.cpp, line 790]
Event: 2.616 Thread 0x00000171e61406f0 Exception <a 'java/lang/NoSuchMethodError'{0x00000006231e9ca8}: 'void java.lang.invoke.DirectMethodHandle$Holder.invokeStatic(java.lang.Object, int, java.lang.Object)'> (0x00000006231e9ca8) 
thrown [t:\workspace\open\src\hotspot\share\interpreter\linkResolver.cpp, line 790]

Events (20 events):
Event: 4.136 Executing  VM operation: Cleanup done
Event: 5.233 Thread 0x00000171939965d0 Thread exited: 0x00000171939965d0
Event: 6.146 Executing  VM operation: Cleanup
Event: 6.146 Executing  VM operation: Cleanup done
Event: 14.740 Executing  VM operation: G1CollectForAllocation
Event: 14.745 Executing  VM operation: G1CollectForAllocation done
Event: 51.701 Executing  VM operation: G1CollectForAllocation
Event: 51.708 Executing  VM operation: G1CollectForAllocation done
Event: 87.971 Executing  VM operation: Cleanup
Event: 87.971 Executing  VM operation: Cleanup done
Event: 109.176 Thread 0x000001719d585650 Thread added: 0x000001719d585650
Event: 109.176 Thread 0x000001719d460e10 Thread added: 0x000001719d460e10
Event: 114.201 Thread 0x000001719d460e10 Thread exited: 0x000001719d460e10
Event: 119.208 Thread 0x000001719d585650 Thread exited: 0x000001719d585650
Event: 351.907 Executing  VM operation: Cleanup
Event: 351.907 Executing  VM operation: Cleanup done
Event: 357.372 loading class jdk/internal/misc/Signal$1
Event: 357.372 loading class jdk/internal/misc/Signal$1 done
Event: 357.372 Thread 0x000001719d618760 Thread added: 0x000001719d618760
Event: 357.373 Executing  VM operation: Exit


Dynamic libraries:
0x00007ff634130000 - 0x00007ff634140000 	C:\Program Files\Java\jdk-16.0.2\bin\java.exe
0x00007ffcaa1f0000 - 0x00007ffcaa3e5000 	C:\Windows\SYSTEM32\ntdll.dll
0x00007ffca83e0000 - 0x00007ffca849e000 	C:\Windows\System32\KERNEL32.DLL
0x00007ffca7c80000 - 0x00007ffca7f48000 	C:\Windows\System32\KERNELBASE.dll
0x00007ffca7910000 - 0x00007ffca7a10000 	C:\Windows\System32\ucrtbase.dll
0x00007ffc9ae80000 - 0x00007ffc9ae98000 	C:\Program Files\Java\jdk-16.0.2\bin\jli.dll
0x00007ffc9aea0000 - 0x00007ffc9aeb9000 	C:\Program Files\Java\jdk-16.0.2\bin\VCRUNTIME140.dll
0x00007ffcaa100000 - 0x00007ffcaa1ae000 	C:\Windows\System32\ADVAPI32.dll
0x00007ffca8ac0000 - 0x00007ffca8b5e000 	C:\Windows\System32\msvcrt.dll
0x00007ffca84a0000 - 0x00007ffca853c000 	C:\Windows\System32\sechost.dll
0x00007ffca9f60000 - 0x00007ffcaa085000 	C:\Windows\System32\RPCRT4.dll
0x00007ffca9a50000 - 0x00007ffca9bf0000 	C:\Windows\System32\USER32.dll
0x00007ffca7f50000 - 0x00007ffca7f72000 	C:\Windows\System32\win32u.dll
0x00007ffc7abf0000 - 0x00007ffc7ae8a000 	C:\Windows\WinSxS\amd64_microsoft.windows.common-controls_6595b64144ccf1df_6.0.19041.1110_none_60b5254171f9507e\COMCTL32.dll
0x00007ffca8a90000 - 0x00007ffca8aba000 	C:\Windows\System32\GDI32.dll
0x00007ffca7a10000 - 0x00007ffca7b1b000 	C:\Windows\System32\gdi32full.dll
0x00007ffca81b0000 - 0x00007ffca824d000 	C:\Windows\System32\msvcp_win.dll
0x00007ffc9c940000 - 0x00007ffc9c94a000 	C:\Windows\SYSTEM32\VERSION.dll
0x00007ffca9d50000 - 0x00007ffca9d80000 	C:\Windows\System32\IMM32.DLL
0x00007ffca06e0000 - 0x00007ffca06ec000 	C:\Program Files\Java\jdk-16.0.2\bin\vcruntime140_1.dll
0x00007ffc98670000 - 0x00007ffc98701000 	C:\Program Files\Java\jdk-16.0.2\bin\msvcp140.dll
0x00007ffc03e30000 - 0x00007ffc049db000 	C:\Program Files\Java\jdk-16.0.2\bin\server\jvm.dll
0x00007ffca8a80000 - 0x00007ffca8a88000 	C:\Windows\System32\PSAPI.DLL
0x00007ffca2440000 - 0x00007ffca2467000 	C:\Windows\SYSTEM32\WINMM.dll
0x00007ffc81a90000 - 0x00007ffc81a99000 	C:\Windows\SYSTEM32\WSOCK32.dll
0x00007ffcaa090000 - 0x00007ffcaa0fb000 	C:\Windows\System32\WS2_32.dll
0x00007ffca61c0000 - 0x00007ffca61d2000 	C:\Windows\SYSTEM32\kernel.appcore.dll
0x00007ffca0690000 - 0x00007ffca069a000 	C:\Program Files\Java\jdk-16.0.2\bin\jimage.dll
0x00007ffca5ef0000 - 0x00007ffca60d4000 	C:\Windows\SYSTEM32\DBGHELP.DLL
0x00007ffca23d0000 - 0x00007ffca23fc000 	C:\Windows\SYSTEM32\dbgcore.DLL
0x00007ffca80d0000 - 0x00007ffca8152000 	C:\Windows\System32\bcryptPrimitives.dll
0x00007ffc9deb0000 - 0x00007ffc9debe000 	C:\Program Files\Java\jdk-16.0.2\bin\instrument.dll
0x00007ffc9ae50000 - 0x00007ffc9ae75000 	C:\Program Files\Java\jdk-16.0.2\bin\java.dll
0x00007ffca8b60000 - 0x00007ffca92a4000 	C:\Windows\System32\SHELL32.dll
0x00007ffca5550000 - 0x00007ffca5ce4000 	C:\Windows\SYSTEM32\windows.storage.dll
0x00007ffca96f0000 - 0x00007ffca9a44000 	C:\Windows\System32\combase.dll
0x00007ffca7380000 - 0x00007ffca73ac000 	C:\Windows\SYSTEM32\Wldp.dll
0x00007ffca9d80000 - 0x00007ffca9e2d000 	C:\Windows\System32\SHCORE.dll
0x00007ffca9460000 - 0x00007ffca94b5000 	C:\Windows\System32\shlwapi.dll
0x00007ffca7850000 - 0x00007ffca786f000 	C:\Windows\SYSTEM32\profapi.dll
0x00007ffc985e0000 - 0x00007ffc985f8000 	C:\Program Files\Java\jdk-16.0.2\bin\zip.dll
0x00007ffc98730000 - 0x00007ffc98749000 	C:\Program Files\Java\jdk-16.0.2\bin\net.dll
0x00007ffc9f960000 - 0x00007ffc9fa6a000 	C:\Windows\SYSTEM32\WINHTTP.dll
0x00007ffca70e0000 - 0x00007ffca714a000 	C:\Windows\system32\mswsock.dll
0x00007ffc98650000 - 0x00007ffc98663000 	C:\Program Files\Java\jdk-16.0.2\bin\nio.dll
0x00007ffc98590000 - 0x00007ffc985aa000 	C:\Program Files\JetBrains\IntelliJ IDEA Community Edition 2021.3.2\bin\breakgen64.dll
0x00007ffc15590000 - 0x00007ffc15605000 	C:\Users\alanz\AppData\Local\Temp\lwjglalanz\3.3.1-build-7\lwjgl.dll
0x00007ffc5bc40000 - 0x00007ffc5bca1000 	C:\Users\alanz\AppData\Local\Temp\lwjglalanz\3.3.1-build-7\glfw.dll
0x00007ffc51e80000 - 0x00007ffc51ec5000 	C:\Windows\SYSTEM32\dinput8.dll
0x00007ffc404a0000 - 0x00007ffc404b1000 	C:\Windows\SYSTEM32\xinput1_4.dll
0x00007ffca8160000 - 0x00007ffca81ae000 	C:\Windows\System32\cfgmgr32.dll
0x00007ffca76c0000 - 0x00007ffca76ec000 	C:\Windows\SYSTEM32\DEVOBJ.dll
0x00007ffca4e80000 - 0x00007ffca4eaf000 	C:\Windows\SYSTEM32\dwmapi.dll
0x00007ffc7ce10000 - 0x00007ffc7cf62000 	C:\Windows\SYSTEM32\inputhost.dll
0x00007ffca8540000 - 0x00007ffca860d000 	C:\Windows\System32\OLEAUT32.dll
0x00007ffca1e20000 - 0x00007ffca1f12000 	C:\Windows\SYSTEM32\CoreMessaging.dll
0x00007ffca0760000 - 0x00007ffca08b4000 	C:\Windows\SYSTEM32\wintypes.dll
0x00007ffca2700000 - 0x00007ffca27f6000 	C:\Windows\SYSTEM32\PROPSYS.dll
0x00007ffca1740000 - 0x00007ffca1a9e000 	C:\Windows\SYSTEM32\CoreUIComponents.dll
0x00007ffca6740000 - 0x00007ffca6773000 	C:\Windows\SYSTEM32\ntmarta.dll
0x00007ffca2140000 - 0x00007ffca21de000 	C:\Windows\system32\uxtheme.dll
0x00007ffca9550000 - 0x00007ffca9665000 	C:\Windows\System32\MSCTF.dll
0x00007ffc6ff40000 - 0x00007ffc70066000 	C:\Windows\SYSTEM32\opengl32.dll
0x00007ffc6fed0000 - 0x00007ffc6fefc000 	C:\Windows\SYSTEM32\GLU32.dll
0x00007ffca9e50000 - 0x00007ffca9ef9000 	C:\Windows\System32\clbcatq.dll
0x00007ffc00320000 - 0x00007ffc01320000 	C:\Windows\System32\DriverStore\FileRepository\iigd_dch.inf_amd64_463fe92adc82197c\igxelpicd64.dll
0x00007ffca8250000 - 0x00007ffca837a000 	C:\Windows\System32\ole32.dll
0x00007ffca6230000 - 0x00007ffca6323000 	C:\Windows\system32\dxgi.dll
0x00007ffc039c0000 - 0x00007ffc03e24000 	C:\Windows\System32\DriverStore\FileRepository\iigd_dch.inf_amd64_463fe92adc82197c\igdml64.dll
0x00007ffc94370000 - 0x00007ffc9472d000 	C:\Windows\System32\DriverStore\FileRepository\iigd_dch.inf_amd64_463fe92adc82197c\igdgmm64.dll
0x00007ffc8c390000 - 0x00007ffc8f5c8000 	C:\Windows\System32\DriverStore\FileRepository\iigd_dch.inf_amd64_463fe92adc82197c\igc64.dll
0x00007ffca6ea0000 - 0x00007ffca6eeb000 	C:\Windows\SYSTEM32\powrprof.dll
0x00007ffca6d60000 - 0x00007ffca6d72000 	C:\Windows\SYSTEM32\UMPDC.dll
0x00007ffc12d10000 - 0x00007ffc12d6d000 	C:\Users\alanz\AppData\Local\Temp\lwjglalanz\3.3.1-build-7\lwjgl_opengl.dll
0x00007ffc7cf70000 - 0x00007ffc7d069000 	C:\Windows\SYSTEM32\textinputframework.dll
0x00007ffc97fa0000 - 0x00007ffc981ac000 	C:\Windows\system32\sogoutsf.ime
0x00007ffc7ae90000 - 0x00007ffc7ae97000 	C:\Windows\system32\MSIMG32.dll
0x00007ffc43180000 - 0x00007ffc43ab9000 	C:\Windows\system32\SogouPy.ime
0x00007ffc7ab80000 - 0x00007ffc7abe6000 	C:\Windows\SYSTEM32\OLEACC.dll
0x00007ffc40e00000 - 0x00007ffc4106a000 	C:\Program Files (x86)\SogouInput\Components\PicFace\1.1.0.1895\PicFace64.dll
0x00007ffca9bf0000 - 0x00007ffca9ccb000 	C:\Windows\System32\COMDLG32.dll
0x0000000010000000 - 0x0000000010216000 	C:\Program Files (x86)\SogouInput\11.8.0.5496\Resource.dll
0x00007ffc66310000 - 0x00007ffc663bc000 	C:\Windows\SYSTEM32\TextShaping.dll
0x00007ffc12c80000 - 0x00007ffc12d01000 	C:\Users\alanz\AppData\Local\Temp\lwjglalanz\3.3.1-build-7\lwjgl_stb.dll

dbghelp: loaded successfully - version: 4.0.5 - missing functions: none
symbol engine: initialized successfully - sym options: 0x614 - pdb path: .;C:\Program Files\Java\jdk-16.0.2\bin;C:\Windows\SYSTEM32;C:\Windows\WinSxS\amd64_microsoft.windows.common-controls_6595b64144ccf1df_6.0.19041.1110_none_60b5254171f9507e;C:\Program Files\Java\jdk-16.0.2\bin\server;C:\Program Files\JetBrains\IntelliJ IDEA Community Edition 2021.3.2\bin;C:\Users\alanz\AppData\Local\Temp\lwjglalanz\3.3.1-build-7;C:\Windows\System32\DriverStore\FileRepository\iigd_dch.inf_amd64_463fe92adc82197c;C:\Program Files (x86)\SogouInput\Components\PicFace\1.1.0.1895;C:\Program Files (x86)\SogouInput\11.8.0.5496

VM Arguments:
jvm_args: -javaagent:C:\Program Files\JetBrains\IntelliJ IDEA Community Edition 2021.3.2\lib\idea_rt.jar=4623:C:\Program Files\JetBrains\IntelliJ IDEA Community Edition 2021.3.2\bin -Dfile.encoding=UTF-8 
java_command: Foodie
java_class_path (initial): C:\Users\alanz\IdeaProjects\Foodie\Foodie\target\classes;C:\Users\alanz\.m2\repository\org\lwjgl\lwjgl\3.3.1\lwjgl-3.3.1.jar;C:\Users\alanz\.m2\repository\org\lwjgl\lwjgl-assimp\3.3.1\lwjgl-assimp-3.3.1.jar;C:\Users\alanz\.m2\repository\org\lwjgl\lwjgl-glfw\3.3.1\lwjgl-glfw-3.3.1.jar;C:\Users\alanz\.m2\repository\org\lwjgl\lwjgl-openal\3.3.1\lwjgl-openal-3.3.1.jar;C:\Users\alanz\.m2\repository\org\lwjgl\lwjgl-opengl\3.3.1\lwjgl-opengl-3.3.1.jar;C:\Users\alanz\.m2\repository\org\lwjgl\lwjgl-stb\3.3.1\lwjgl-stb-3.3.1.jar;C:\Users\alanz\.m2\repository\org\lwjgl\lwjgl\3.3.1\lwjgl-3.3.1-natives-windows.jar;C:\Users\alanz\.m2\repository\org\lwjgl\lwjgl-assimp\3.3.1\lwjgl-assimp-3.3.1-natives-windows.jar;C:\Users\alanz\.m2\repository\org\lwjgl\lwjgl-glfw\3.3.1\lwjgl-glfw-3.3.1-natives-windows.jar;C:\Users\alanz\.m2\repository\org\lwjgl\lwjgl-openal\3.3.1\lwjgl-openal-3.3.1-natives-windows.jar;C:\Users\alanz\.m2\repository\org\lwjgl\lwjgl-opengl\3.3.1\lwjgl-opengl-3.3.1-natives-windows.jar;C:\Users\alanz\.m2\repository\org\lwjgl\lwjgl-stb\3.3.1\lwjgl-stb-3.3.1-natives-windows.jar;C:\Users\alanz\.m2\repository\io\github\eleanor-em\bagel\1.9.3\bagel-1.9.3.jar
Launcher Type: SUN_STANDARD

[Global flags]
     intx CICompilerCount                          = 12                                        {product} {ergonomic}
     uint ConcGCThreads                            = 3                                         {product} {ergonomic}
     uint G1ConcRefinementThreads                  = 13                                        {product} {ergonomic}
   size_t G1HeapRegionSize                         = 4194304                                   {product} {ergonomic}
    uintx GCDrainStackTargetSize                   = 64                                        {product} {ergonomic}
   size_t InitialHeapSize                          = 532676608                                 {product} {ergonomic}
   size_t MarkStackSize                            = 4194304                                   {product} {ergonomic}
   size_t MaxHeapSize                              = 8518631424                                {product} {ergonomic}
   size_t MaxNewSize                               = 5108662272                                {product} {ergonomic}
   size_t MinHeapDeltaBytes                        = 4194304                                   {product} {ergonomic}
   size_t MinHeapSize                              = 8388608                                   {product} {ergonomic}
    uintx NonNMethodCodeHeapSize                   = 7602480                                {pd product} {ergonomic}
    uintx NonProfiledCodeHeapSize                  = 122027880                              {pd product} {ergonomic}
    uintx ProfiledCodeHeapSize                     = 122027880                              {pd product} {ergonomic}
    uintx ReservedCodeCacheSize                    = 251658240                              {pd product} {ergonomic}
     bool SegmentedCodeCache                       = true                                      {product} {ergonomic}
   size_t SoftMaxHeapSize                          = 8518631424                             {manageable} {ergonomic}
     bool UseCompressedClassPointers               = true                           {product lp64_product} {ergonomic}
     bool UseCompressedOops                        = true                           {product lp64_product} {ergonomic}
     bool UseG1GC                                  = true                                      {product} {ergonomic}
     bool UseLargePagesIndividualAllocation        = false                                  {pd product} {ergonomic}

Logging:
Log output configuration:
 #0: stdout all=off uptime,level,tags
 #1: stderr all=off uptime,level,tags

Environment Variables:
PATH=C:\Program Files\Common Files\Oracle\Java\javapath;C:\Program Files (x86)\Common Files\Oracle\Java\javapath;C:\Windows\system32;C:\Windows;C:\Windows\System32\Wbem;C:\Windows\System32\WindowsPowerShell\v1.0\;C:\Windows\System32\OpenSSH\;C:\Program Files (x86)\NVIDIA Corporation\PhysX\Common;C:\Program Files\NVIDIA Corporation\NVIDIA NvDLISR;C:\Program Files\MATLAB\R2021a\bin;C:\MinGW\bin;C:\Program Files\Microsoft SQL Server\Client SDK\ODBC\110\Tools\Binn\;C:\Program Files (x86)\Microsoft SQL Server\120\Tools\Binn\;C:\Program Files\Microsoft SQL Server\120\Tools\Binn\;C:\Program Files\Microsoft SQL Server\120\DTS\Binn\;C:\Program Files (x86)\Windows Kits\8.1\Windows Performance Toolkit\;C:\MinGW\bin;C:\Program Files\jEdit;C:\Program Files\Git\cmd;C:\Program Files\dotnet\;C:\Users\alanz\AppData\Local\Microsoft\WindowsApps;C:\Users\alanz\AppData\Local\Programs\Microsoft VS Code\bin;C:\Users\alanz\AppData\Local\GitHubDesktop\bin
USERNAME=alanz
OS=Windows_NT
PROCESSOR_IDENTIFIER=Intel64 Family 6 Model 141 Stepping 1, GenuineIntel



---------------  S Y S T E M  ---------------

OS:
 Windows 10 , 64 bit Build 19041 (10.0.19041.1645)
OS uptime: 1 days 4:08 hours

CPU: total 16 (initial active 16) (8 cores per cpu, 2 threads per core) family 6 model 141 stepping 1 microcode 0x3e, cx8, cmov, fxsr, ht, mmx, 3dnowpref, sse, sse2, sse3, ssse3, sse4.1, sse4.2, popcnt, lzcnt, tsc, tscinvbit, avx, avx2, aes, erms, clmul, bmi1, bmi2, adx, avx512f, avx512dq, avx512cd, avx512bw, avx512vl, sha, fma, vzeroupper, avx512_vpopcntdq, avx512_vpclmulqdq, avx512_vaes, avx512_vnni, clflush, clflushopt, clwb, avx512_vmbi2, avx512_vmbi

Memory: 4k page, system-wide physical 32487M (14865M free)
TotalPageFile size 37351M (AvailPageFile size 10295M)
current process WorkingSet (physical memory assigned to process): 488M, peak: 541M
current process commit charge ("private bytes"): 744M, peak: 775M

vm_info: Java HotSpot(TM) 64-Bit Server VM (16.0.2+7-67) for windows-amd64 JRE (16.0.2+7-67), built on Jun  8 2021 23:24:19 by "mach5one" with MS VC++ 16.7 (VS2019)

END.
